TN:
SF:src\cli\adapters\http-api.ts
FNF:1
FNH:1
DA:1,98
DA:10,11
DA:11,12
DA:12,13
DA:13,19
DA:14,24
DA:15,13
DA:16,1
LF:8
LH:8
end_of_record
TN:
SF:src\cli\adapters\node-output.ts
FNF:1
FNH:1
DA:1,42
DA:5,11
DA:6,20
LF:3
LH:3
end_of_record
TN:
SF:src\cli\adapters\node-process.ts
FNF:1
FNH:1
DA:1,77
DA:9,11
DA:10,12
DA:11,21
DA:12,16
DA:13,12
DA:14,1
LF:7
LH:7
end_of_record
TN:
SF:src\cli\bootstrap\runtime.test.ts
FNF:8
FNH:8
DA:1,50
DA:2,63
DA:7,37
DA:8,50
DA:9,7
DA:10,65
DA:11,18
DA:12,4
DA:14,50
DA:15,68
DA:16,4
DA:18,48
DA:19,64
DA:20,3
DA:21,3
DA:23,34
DA:24,46
DA:25,74
DA:26,4
DA:28,46
DA:29,54
DA:30,4
DA:32,48
DA:33,45
DA:34,3
DA:35,2
LF:26
LH:26
end_of_record
TN:
SF:src\cli\bootstrap\runtime.ts
FNF:3
FNH:2
DA:1,64
DA:2,50
DA:8,15
DA:9,56
DA:10,32
DA:11,39
DA:12,35
DA:13,37
DA:14,4
DA:15,48
DA:16,45
DA:17,2
DA:18,2
DA:19,7
DA:22,15
DA:23,56
DA:24,32
DA:25,35
DA:26,35
DA:27,37
DA:28,4
DA:29,44
DA:30,41
DA:31,2
DA:32,2
DA:33,7
DA:36,0
DA:37,0
LF:28
LH:26
end_of_record
TN:
SF:src\cli\handlers\boards.test.ts
FNF:107
FNH:100
DA:1,61
DA:4,68
DA:6,48
DA:7,66
DA:8,54
DA:9,63
DA:10,51
DA:11,52
DA:12,42
DA:13,87
DA:20,27
DA:21,18
DA:22,20
DA:23,30
DA:24,24
DA:25,20
DA:26,30
DA:27,24
DA:28,25
DA:29,21
DA:30,17
DA:31,1
DA:33,20
DA:34,12
DA:35,15
DA:36,18
DA:37,18
DA:38,16
DA:39,20
DA:40,32
DA:41,45
DA:42,11
DA:43,1
DA:46,20
DA:47,15
DA:48,30
DA:49,26
DA:50,0
DA:51,5
DA:53,0
DA:54,5
DA:56,0
DA:57,5
DA:59,15
DA:60,19
DA:61,11
DA:62,2
DA:65,49
DA:66,20
DA:67,25
DA:68,4
DA:70,74
DA:71,34
DA:72,24
DA:73,20
DA:74,27
DA:75,27
DA:76,13
DA:77,6
DA:78,31
DA:79,26
DA:80,7
DA:82,67
DA:84,68
DA:85,33
DA:86,51
DA:87,4
DA:89,69
DA:90,70
DA:91,34
DA:92,24
DA:93,20
DA:94,27
DA:95,27
DA:96,13
DA:97,6
DA:98,31
DA:99,26
DA:100,7
DA:102,67
DA:104,39
DA:105,4
DA:107,64
DA:108,70
DA:109,70
DA:110,24
DA:111,20
DA:112,15
DA:113,15
DA:114,13
DA:115,6
DA:116,31
DA:117,26
DA:118,7
DA:120,67
DA:122,34
DA:123,32
DA:124,31
DA:125,36
DA:126,4
DA:128,69
DA:129,71
DA:130,34
DA:131,24
DA:132,20
DA:133,15
DA:134,15
DA:135,13
DA:136,6
DA:137,31
DA:138,26
DA:139,7
DA:141,37
DA:142,48
DA:143,6
DA:145,52
DA:146,64
DA:147,4
DA:149,70
DA:150,70
DA:151,34
DA:152,24
DA:153,20
DA:154,15
DA:155,15
DA:156,13
DA:157,6
DA:158,31
DA:159,26
DA:160,7
DA:162,37
DA:163,40
DA:164,6
DA:166,39
DA:167,4
DA:169,45
DA:170,71
DA:171,17
DA:172,31
DA:173,28
DA:174,28
DA:175,73
DA:176,48
DA:177,20
DA:178,70
DA:179,21
DA:180,47
DA:181,19
DA:182,1
DA:183,8
DA:184,72
DA:185,18
DA:186,68
DA:187,19
DA:188,45
DA:189,17
DA:190,5
DA:192,7
DA:194,37
DA:195,39
DA:196,6
DA:198,68
DA:199,32
DA:200,4
DA:202,69
DA:203,21
DA:204,16
DA:205,15
DA:206,15
DA:207,13
DA:208,6
DA:209,71
DA:210,33
DA:211,23
DA:212,7
DA:213,71
DA:214,34
DA:216,70
DA:217,33
DA:218,23
DA:219,7
DA:220,71
DA:221,39
DA:222,4
DA:224,58
DA:225,31
DA:226,24
DA:227,64
DA:229,7
DA:230,69
DA:231,18
DA:232,65
DA:233,6
DA:234,4
DA:236,65
DA:237,31
DA:238,24
DA:239,67
DA:241,7
DA:242,69
DA:243,19
DA:244,71
DA:245,6
DA:246,3
DA:247,3
DA:249,40
DA:250,20
DA:251,25
DA:252,4
DA:254,26
DA:255,15
DA:256,14
DA:257,14
DA:258,20
DA:259,18
DA:260,22
DA:261,25
DA:262,35
DA:263,28
DA:264,25
DA:265,35
DA:266,28
DA:267,29
DA:268,25
DA:269,20
DA:270,3
DA:271,4
DA:273,75
DA:274,71
DA:275,22
DA:276,23
DA:277,6
DA:278,18
DA:279,31
DA:280,25
DA:281,17
DA:282,17
DA:284,7
DA:286,82
DA:288,50
DA:289,42
DA:290,38
DA:291,36
DA:292,33
DA:293,53
DA:295,38
DA:296,57
DA:297,6
DA:298,66
DA:299,41
DA:300,53
DA:301,53
DA:302,4
DA:304,62
DA:305,71
DA:306,20
DA:307,54
DA:308,55
DA:309,59
DA:310,57
DA:311,54
DA:312,6
DA:313,22
DA:314,26
DA:315,8
DA:316,6
DA:317,31
DA:318,24
DA:319,7
DA:321,37
DA:322,51
DA:323,6
DA:325,21
DA:326,10
DA:327,10
DA:328,24
DA:329,33
DA:330,35
DA:331,52
DA:332,4
DA:334,65
DA:335,71
DA:336,22
DA:337,26
DA:338,51
DA:339,69
DA:340,21
DA:341,54
DA:342,8
DA:343,19
DA:344,18
DA:345,13
DA:346,25
DA:347,22
DA:348,30
DA:349,24
DA:350,9
DA:351,7
DA:352,8
DA:353,65
DA:354,15
DA:355,56
DA:356,57
DA:357,61
DA:358,59
DA:359,56
DA:360,5
DA:361,6
DA:362,31
DA:363,24
DA:364,7
DA:366,37
DA:367,38
DA:368,55
DA:369,1
DA:370,6
DA:372,18
DA:373,10
DA:374,10
DA:375,33
DA:376,29
DA:377,14
DA:378,15
DA:379,13
DA:380,14
DA:381,17
DA:382,16
DA:383,15
DA:384,10
DA:385,6
DA:386,4
DA:388,65
DA:389,70
DA:390,22
DA:391,26
DA:392,51
DA:393,6
DA:394,31
DA:395,24
DA:396,7
DA:398,76
DA:400,35
DA:401,35
DA:402,34
DA:403,39
DA:404,4
DA:406,68
DA:407,70
DA:408,31
DA:409,13
DA:410,7
DA:412,78
DA:413,18
DA:414,68
DA:415,6
DA:416,4
DA:418,69
DA:419,71
DA:420,31
DA:421,24
DA:422,64
DA:424,7
DA:426,81
DA:427,18
DA:428,64
DA:429,6
DA:430,3
DA:431,3
DA:433,37
DA:434,20
DA:435,25
DA:436,4
DA:438,49
DA:439,24
DA:440,16
DA:441,15
DA:442,15
DA:443,13
DA:444,6
DA:445,18
DA:446,31
DA:447,25
DA:448,17
DA:449,22
DA:451,14
DA:452,7
DA:454,43
DA:455,16
DA:456,24
DA:457,23
DA:458,23
DA:459,23
DA:460,21
DA:461,26
DA:462,25
DA:463,20
DA:464,7
DA:466,49
DA:467,39
DA:468,40
DA:469,40
DA:470,44
DA:471,42
DA:472,42
DA:473,87
DA:474,47
DA:475,46
DA:476,43
DA:477,4
DA:479,60
DA:480,24
DA:481,16
DA:482,15
DA:483,15
DA:484,13
DA:485,6
DA:486,18
DA:487,31
DA:488,25
DA:489,17
DA:490,19
DA:492,7
DA:494,43
DA:495,24
DA:496,25
DA:497,7
DA:499,48
DA:500,65
DA:501,66
DA:502,4
DA:504,54
DA:505,71
DA:506,20
DA:507,16
DA:508,16
DA:509,17
DA:510,17
DA:511,15
DA:512,20
DA:513,21
DA:514,15
DA:515,44
DA:516,41
DA:517,6
DA:518,24
DA:519,20
DA:520,15
DA:521,15
DA:522,13
DA:523,6
DA:524,31
DA:525,26
DA:526,7
DA:528,73
DA:530,65
DA:531,16
DA:532,14
DA:533,6
DA:534,4
DA:536,58
DA:537,70
DA:538,20
DA:539,16
DA:540,16
DA:541,17
DA:542,17
DA:543,15
DA:544,20
DA:545,21
DA:546,15
DA:547,44
DA:548,41
DA:549,6
DA:550,24
DA:551,20
DA:552,15
DA:553,15
DA:554,13
DA:555,6
DA:556,31
DA:557,26
DA:558,7
DA:560,73
DA:562,35
DA:563,34
DA:564,36
DA:565,4
DA:567,48
DA:568,70
DA:569,20
DA:570,17
DA:571,16
DA:572,17
DA:573,17
DA:574,15
DA:575,20
DA:576,21
DA:577,15
DA:578,44
DA:579,41
DA:580,6
DA:581,24
DA:582,20
DA:583,15
DA:584,15
DA:585,13
DA:586,6
DA:587,31
DA:588,26
DA:589,7
DA:591,73
DA:593,36
DA:594,4
DA:596,56
DA:597,71
DA:598,20
DA:599,16
DA:600,16
DA:601,17
DA:602,17
DA:603,16
DA:604,20
DA:605,21
DA:606,15
DA:607,44
DA:608,41
DA:609,6
DA:610,24
DA:611,20
DA:612,15
DA:613,15
DA:614,13
DA:615,6
DA:616,31
DA:617,26
DA:618,7
DA:620,37
DA:621,54
DA:622,6
DA:624,39
DA:625,64
DA:626,4
DA:628,41
DA:629,71
DA:630,17
DA:631,30
DA:632,17
DA:633,16
DA:634,17
DA:635,17
DA:636,15
DA:637,20
DA:638,21
DA:639,15
DA:640,44
DA:641,41
DA:642,6
DA:643,31
DA:644,24
DA:645,28
DA:646,20
DA:647,31
DA:648,21
DA:649,21
DA:650,19
DA:651,1
DA:652,8
DA:653,18
DA:654,29
DA:655,19
DA:656,19
DA:657,17
DA:658,5
DA:660,7
DA:662,37
DA:663,57
DA:664,6
DA:666,68
DA:667,32
DA:668,3
DA:669,2
LF:581
LH:578
end_of_record
TN:
SF:src\cli\handlers\boards.ts
FNF:15
FNH:9
DA:1,72
DA:5,81
DA:6,47
DA:7,67
DA:8,51
DA:9,55
DA:10,128
DA:17,73
DA:21,72
DA:22,42
DA:23,41
DA:26,6
DA:27,5
DA:28,8
DA:35,3
DA:36,36
DA:39,6
DA:40,5
DA:41,10
DA:42,8
DA:43,3
DA:44,72
DA:46,23
DA:47,77
DA:48,30
DA:49,2
DA:50,2
DA:51,42
DA:52,32
DA:53,11
DA:54,23
DA:55,3
DA:56,15
DA:57,0
DA:58,2
DA:59,64
DA:60,28
DA:61,34
DA:62,6
DA:63,12
DA:64,64
DA:65,6
DA:66,29
DA:67,2
DA:68,50
DA:69,27
DA:70,43
DA:73,6
DA:74,5
DA:75,10
DA:76,8
DA:92,3
DA:93,51
DA:96,0
DA:97,0
DA:98,0
DA:99,0
DA:100,0
DA:101,0
DA:102,0
DA:103,0
DA:104,0
DA:105,0
DA:106,0
DA:107,0
DA:108,0
DA:109,0
DA:110,0
DA:111,0
DA:112,0
DA:113,0
DA:114,0
DA:115,1
DA:118,6
DA:119,5
DA:120,10
DA:121,8
DA:133,3
DA:134,72
DA:135,32
DA:136,9
DA:137,20
DA:138,23
DA:139,25
DA:140,35
DA:141,37
DA:142,45
DA:143,47
DA:144,47
DA:145,35
DA:146,42
DA:147,5
DA:150,0
DA:151,0
DA:152,0
DA:153,0
DA:154,0
DA:155,0
DA:156,0
DA:157,0
DA:158,0
DA:159,0
DA:160,0
DA:161,0
DA:162,0
DA:163,1
DA:166,0
DA:167,0
DA:168,0
DA:169,0
DA:170,0
DA:171,0
DA:172,0
DA:173,0
DA:174,0
DA:175,0
DA:176,0
DA:177,0
DA:178,1
DA:181,0
DA:182,0
DA:183,0
DA:184,0
DA:185,0
DA:186,0
DA:187,0
DA:188,0
DA:189,0
DA:190,0
DA:191,0
DA:192,0
DA:193,0
DA:194,1
DA:197,0
DA:198,0
DA:199,0
DA:200,0
DA:201,0
DA:202,0
DA:203,0
DA:204,0
DA:205,0
DA:206,0
DA:207,0
DA:208,0
DA:209,0
DA:210,0
DA:211,0
DA:212,0
DA:213,0
DA:214,0
DA:215,0
DA:216,0
DA:217,0
DA:218,0
DA:219,0
DA:220,0
DA:221,0
DA:222,0
DA:223,1
DA:226,0
DA:227,0
DA:228,0
DA:229,0
DA:230,0
DA:231,0
DA:232,0
DA:233,0
DA:234,0
DA:235,0
DA:236,0
DA:237,0
DA:238,0
DA:239,0
DA:240,0
DA:241,0
DA:242,0
DA:243,0
DA:244,0
DA:245,0
DA:246,0
DA:247,0
DA:248,0
DA:249,0
DA:250,0
DA:251,0
LF:186
LH:76
end_of_record
TN:
SF:src\cli\handlers\cli-wiring.test.ts
FNF:31
FNH:30
DA:5,61
DA:7,54
DA:8,51
DA:9,52
DA:10,46
DA:12,58
DA:13,47
DA:14,41
DA:15,42
DA:17,11
DA:18,39
DA:22,6
DA:23,15
DA:24,30
DA:25,19
DA:26,40
DA:27,13
DA:28,2
DA:31,59
DA:32,36
DA:34,1
DA:35,6
DA:39,5
DA:40,28
DA:43,20
DA:44,31
DA:45,4
DA:47,55
DA:48,21
DA:49,30
DA:50,44
DA:51,20
DA:52,24
DA:53,19
DA:54,24
DA:55,51
DA:56,44
DA:57,4
DA:58,64
DA:59,1
DA:60,6
DA:61,25
DA:62,44
DA:63,18
DA:64,17
DA:65,1
DA:66,6
DA:67,33
DA:68,4
DA:70,56
DA:71,21
DA:72,30
DA:73,44
DA:74,20
DA:75,24
DA:76,18
DA:77,17
DA:78,17
DA:79,15
DA:80,4
DA:81,64
DA:82,1
DA:83,6
DA:84,25
DA:85,40
DA:86,18
DA:87,17
DA:88,1
DA:89,6
DA:90,33
DA:91,4
DA:93,55
DA:94,21
DA:95,30
DA:96,44
DA:97,20
DA:98,24
DA:99,19
DA:100,24
DA:101,51
DA:102,19
DA:103,16
DA:104,20
DA:105,21
DA:106,21
DA:107,19
DA:108,24
DA:109,25
DA:110,19
DA:111,48
DA:112,45
DA:113,7
DA:114,4
DA:115,64
DA:116,1
DA:117,6
DA:118,25
DA:119,39
DA:120,18
DA:121,16
DA:122,17
DA:123,17
DA:124,17
DA:125,1
DA:126,6
DA:127,33
DA:128,4
DA:130,58
DA:131,21
DA:132,30
DA:133,44
DA:134,20
DA:135,24
DA:136,19
DA:137,24
DA:138,51
DA:139,19
DA:140,23
DA:141,20
DA:142,45
DA:143,7
DA:144,4
DA:145,64
DA:146,1
DA:147,6
DA:148,25
DA:149,42
DA:150,18
DA:151,16
DA:152,17
DA:153,1
DA:154,6
DA:155,33
DA:156,4
DA:158,59
DA:159,21
DA:160,30
DA:161,44
DA:162,20
DA:163,24
DA:164,14
DA:165,19
DA:166,19
DA:167,46
DA:168,46
DA:169,24
DA:170,18
DA:171,15
DA:172,4
DA:173,64
DA:174,1
DA:175,6
DA:176,25
DA:177,49
DA:178,17
DA:179,17
DA:180,1
DA:181,6
DA:182,33
DA:183,4
DA:185,57
DA:186,21
DA:187,30
DA:188,44
DA:189,20
DA:190,24
DA:191,18
DA:192,17
DA:193,17
DA:194,15
DA:195,4
DA:196,9
DA:197,20
DA:198,53
DA:199,1
DA:200,1
DA:201,6
DA:202,25
DA:203,51
DA:204,6
DA:205,33
DA:206,3
DA:207,2
LF:183
LH:183
end_of_record
TN:
SF:src\cli\handlers\context.ts
FNF:2
FNH:1
DA:1,60
DA:2,66
DA:3,68
DA:4,60
DA:5,51
DA:11,11
DA:12,12
DA:13,16
DA:14,22
DA:15,30
DA:16,33
DA:17,31
DA:18,13
DA:19,1
LF:14
LH:14
end_of_record
TN:
SF:src\cli\handlers\lists.test.ts
FNF:31
FNH:26
DA:1,61
DA:4,42
DA:5,66
DA:6,54
DA:7,53
DA:8,51
DA:9,52
DA:10,41
DA:13,20
DA:14,15
DA:15,30
DA:16,26
DA:17,0
DA:18,5
DA:20,0
DA:21,5
DA:23,0
DA:24,5
DA:26,19
DA:27,11
DA:28,2
DA:31,35
DA:32,20
DA:33,25
DA:34,4
DA:36,21
DA:37,14
DA:38,17
DA:39,13
DA:40,18
DA:41,16
DA:42,30
DA:43,22
DA:44,4
DA:46,74
DA:47,71
DA:48,24
DA:49,23
DA:50,15
DA:51,15
DA:52,13
DA:53,6
DA:54,31
DA:55,26
DA:56,7
DA:58,37
DA:59,36
DA:60,6
DA:62,52
DA:63,31
DA:64,34
DA:65,29
DA:66,4
DA:68,65
DA:69,70
DA:70,24
DA:71,23
DA:72,15
DA:73,15
DA:74,13
DA:75,6
DA:76,31
DA:77,26
DA:78,7
DA:80,37
DA:81,36
DA:82,6
DA:84,33
DA:85,35
DA:86,32
DA:87,33
DA:88,4
DA:90,48
DA:91,70
DA:92,24
DA:93,23
DA:94,15
DA:95,15
DA:96,13
DA:97,6
DA:98,31
DA:99,26
DA:100,7
DA:102,37
DA:103,36
DA:104,6
DA:106,35
DA:107,4
DA:109,55
DA:110,71
DA:111,24
DA:112,23
DA:113,15
DA:114,15
DA:115,13
DA:116,6
DA:117,31
DA:118,26
DA:119,7
DA:121,37
DA:122,59
DA:123,6
DA:125,39
DA:126,63
DA:127,4
DA:129,45
DA:130,71
DA:131,17
DA:132,31
DA:133,24
DA:134,28
DA:135,20
DA:136,58
DA:137,21
DA:138,21
DA:139,19
DA:140,1
DA:141,8
DA:142,18
DA:143,56
DA:144,19
DA:145,19
DA:146,17
DA:147,5
DA:149,7
DA:151,37
DA:152,63
DA:153,6
DA:155,50
DA:156,4
DA:158,64
DA:159,31
DA:160,0
DA:161,0
DA:162,0
DA:163,0
DA:164,0
DA:165,4
DA:166,7
DA:168,13
DA:169,35
DA:170,31
DA:171,18
DA:172,71
DA:173,6
DA:174,3
DA:175,2
LF:147
LH:139
end_of_record
TN:
SF:src\cli\handlers\lists.ts
FNF:9
FNH:4
DA:1,57
DA:2,67
DA:3,70
DA:4,115
DA:13,6
DA:14,5
DA:15,8
DA:23,3
DA:24,72
DA:25,29
DA:26,9
DA:27,25
DA:28,25
DA:29,27
DA:30,29
DA:31,24
DA:32,5
DA:35,6
DA:36,5
DA:37,6
DA:38,8
DA:39,3
DA:40,72
DA:41,28
DA:42,9
DA:43,25
DA:44,9
DA:45,22
DA:46,5
DA:49,0
DA:50,0
DA:51,0
DA:52,0
DA:53,0
DA:54,0
DA:55,0
DA:56,0
DA:57,0
DA:58,0
DA:59,0
DA:60,0
DA:61,0
DA:62,0
DA:63,0
DA:64,0
DA:65,0
DA:66,0
DA:67,0
DA:68,0
DA:69,0
DA:70,0
DA:71,0
DA:72,1
DA:75,0
DA:76,0
DA:77,0
DA:78,0
DA:79,0
DA:80,0
DA:81,0
DA:82,0
DA:83,0
DA:84,0
DA:85,0
DA:86,0
DA:87,0
DA:88,0
DA:89,0
DA:90,0
DA:91,0
DA:92,1
DA:95,0
DA:96,0
DA:97,0
DA:98,0
DA:99,0
DA:100,0
DA:101,0
DA:102,0
DA:103,0
DA:104,0
DA:105,0
DA:106,0
DA:107,1
DA:110,0
DA:111,0
DA:112,0
DA:113,0
DA:114,0
DA:115,0
DA:116,0
DA:117,0
DA:118,0
DA:119,0
DA:120,0
DA:121,0
DA:122,0
DA:123,1
DA:126,0
DA:127,0
DA:128,0
DA:129,0
DA:130,0
DA:131,0
DA:132,0
DA:133,0
DA:134,0
DA:135,0
DA:136,0
DA:137,0
DA:138,0
DA:139,0
DA:140,0
DA:141,0
DA:142,0
DA:143,0
DA:144,0
DA:145,0
DA:146,0
LF:119
LH:33
end_of_record
TN:
SF:src\cli\handlers\releases.test.ts
FNF:38
FNH:34
DA:1,61
DA:4,42
DA:5,66
DA:6,54
DA:7,53
DA:8,51
DA:9,52
DA:10,67
DA:13,20
DA:14,15
DA:15,30
DA:16,26
DA:17,0
DA:18,5
DA:20,0
DA:21,5
DA:23,0
DA:24,5
DA:26,19
DA:27,11
DA:28,2
DA:31,28
DA:32,16
DA:33,7
DA:34,38
DA:35,2
DA:37,38
DA:38,20
DA:39,25
DA:40,4
DA:42,52
DA:43,71
DA:44,24
DA:45,28
DA:46,15
DA:47,15
DA:48,13
DA:49,6
DA:50,31
DA:51,26
DA:52,7
DA:54,37
DA:55,38
DA:56,6
DA:58,39
DA:59,34
DA:60,31
DA:61,4
DA:63,61
DA:64,70
DA:65,24
DA:66,28
DA:67,15
DA:68,15
DA:69,13
DA:70,6
DA:71,31
DA:72,26
DA:73,7
DA:75,37
DA:76,38
DA:77,6
DA:79,34
DA:80,34
DA:81,35
DA:82,31
DA:83,4
DA:85,51
DA:86,70
DA:87,24
DA:88,27
DA:89,15
DA:90,15
DA:91,13
DA:92,6
DA:93,31
DA:94,26
DA:95,7
DA:97,37
DA:98,38
DA:99,6
DA:101,35
DA:102,4
DA:104,58
DA:105,71
DA:106,24
DA:107,27
DA:108,15
DA:109,15
DA:110,13
DA:111,6
DA:112,31
DA:113,26
DA:114,7
DA:116,37
DA:117,64
DA:118,6
DA:120,39
DA:121,52
DA:122,3
DA:123,3
DA:125,38
DA:126,20
DA:127,25
DA:128,4
DA:130,56
DA:131,71
DA:132,31
DA:133,28
DA:134,54
DA:135,20
DA:136,38
DA:137,21
DA:138,23
DA:139,19
DA:140,1
DA:141,0
DA:142,4
DA:144,7
DA:146,37
DA:147,45
DA:148,6
DA:150,42
DA:151,37
DA:152,38
DA:153,4
DA:155,60
DA:156,70
DA:157,31
DA:158,25
DA:159,29
DA:160,17
DA:161,19
DA:162,15
DA:163,5
DA:164,7
DA:166,37
DA:167,43
DA:168,6
DA:170,42
DA:171,39
DA:172,30
DA:173,4
DA:175,61
DA:176,71
DA:177,31
DA:178,25
DA:179,33
DA:180,17
DA:181,19
DA:182,15
DA:183,5
DA:184,7
DA:186,13
DA:187,45
DA:188,31
DA:189,18
DA:190,64
DA:191,6
DA:192,3
DA:193,2
LF:161
LH:157
end_of_record
TN:
SF:src\cli\handlers\releases.ts
FNF:8
FNH:6
DA:1,57
DA:2,67
DA:3,130
DA:12,6
DA:13,5
DA:14,8
DA:22,3
DA:23,72
DA:24,32
DA:25,9
DA:26,25
DA:27,25
DA:28,27
DA:29,29
DA:30,24
DA:31,5
DA:34,6
DA:35,5
DA:36,11
DA:37,8
DA:38,3
DA:39,72
DA:40,32
DA:41,9
DA:42,25
DA:43,14
DA:44,24
DA:45,5
DA:48,6
DA:49,5
DA:50,8
DA:59,3
DA:60,72
DA:61,31
DA:62,9
DA:63,25
DA:64,23
DA:65,25
DA:66,35
DA:67,37
DA:68,44
DA:69,5
DA:72,0
DA:73,0
DA:74,0
DA:75,0
DA:76,0
DA:77,0
DA:78,0
DA:79,0
DA:80,0
DA:81,0
DA:82,0
DA:83,0
DA:84,0
DA:85,0
DA:86,0
DA:87,0
DA:88,0
DA:89,0
DA:90,0
DA:91,0
DA:92,0
DA:93,0
DA:94,0
DA:95,1
DA:98,0
DA:99,0
DA:100,0
DA:101,0
DA:102,0
DA:103,0
DA:104,0
DA:105,0
DA:106,0
DA:107,0
DA:108,0
DA:109,0
DA:110,0
DA:111,0
DA:112,0
DA:113,0
DA:114,0
DA:115,0
DA:116,0
DA:117,0
DA:118,0
DA:119,0
LF:88
LH:43
end_of_record
TN:
SF:src\cli\handlers\search.test.ts
FNF:53
FNH:43
DA:1,61
DA:4,42
DA:5,66
DA:6,54
DA:7,53
DA:8,52
DA:9,39
DA:12,20
DA:13,15
DA:14,30
DA:15,26
DA:16,0
DA:17,5
DA:19,0
DA:20,5
DA:22,0
DA:23,5
DA:25,15
DA:26,19
DA:27,11
DA:28,2
DA:31,32
DA:32,20
DA:33,25
DA:34,4
DA:36,42
DA:37,30
DA:38,77
DA:39,18
DA:40,71
DA:41,6
DA:42,4
DA:44,67
DA:45,20
DA:46,9
DA:47,19
DA:48,23
DA:49,18
DA:50,23
DA:51,18
DA:52,22
DA:53,19
DA:54,21
DA:55,16
DA:56,5
DA:57,6
DA:58,20
DA:59,18
DA:60,25
DA:61,15
DA:62,13
DA:63,6
DA:64,25
DA:65,31
DA:66,28
DA:67,27
DA:68,15
DA:70,7
DA:72,17
DA:73,64
DA:74,49
DA:75,7
DA:76,27
DA:77,5
DA:78,6
DA:79,16
DA:80,16
DA:82,11
DA:83,53
DA:84,20
DA:85,19
DA:86,20
DA:87,16
DA:88,7
DA:89,41
DA:92,46
DA:93,51
DA:94,45
DA:95,46
DA:96,46
DA:97,68
DA:98,33
DA:99,49
DA:100,4
DA:102,62
DA:103,56
DA:104,30
DA:105,13
DA:106,46
DA:107,31
DA:108,18
DA:109,68
DA:110,6
DA:111,4
DA:113,48
DA:114,20
DA:115,9
DA:116,19
DA:117,23
DA:118,18
DA:119,23
DA:120,18
DA:121,22
DA:122,19
DA:123,21
DA:124,16
DA:125,5
DA:126,6
DA:127,20
DA:128,18
DA:129,15
DA:130,16
DA:131,13
DA:132,6
DA:133,31
DA:134,22
DA:135,7
DA:137,17
DA:138,64
DA:139,49
DA:140,7
DA:141,27
DA:142,5
DA:143,6
DA:144,16
DA:145,16
DA:147,11
DA:148,72
DA:149,7
DA:150,41
DA:153,68
DA:154,33
DA:155,67
DA:156,4
DA:158,57
DA:159,56
DA:160,20
DA:161,9
DA:162,19
DA:163,23
DA:164,18
DA:165,23
DA:166,18
DA:167,22
DA:168,19
DA:169,21
DA:170,16
DA:171,5
DA:172,6
DA:173,20
DA:174,18
DA:175,15
DA:176,16
DA:177,13
DA:178,6
DA:179,31
DA:180,22
DA:181,7
DA:183,17
DA:184,64
DA:185,49
DA:186,7
DA:187,27
DA:188,5
DA:189,6
DA:190,16
DA:191,16
DA:193,11
DA:194,48
DA:195,7
DA:196,41
DA:199,35
DA:200,37
DA:201,36
DA:202,4
DA:204,98
DA:205,25
DA:206,25
DA:207,16
DA:208,15
DA:209,16
DA:210,13
DA:211,6
DA:212,31
DA:213,28
DA:214,27
DA:215,23
DA:217,14
DA:218,7
DA:220,42
DA:222,45
DA:223,4
DA:225,48
DA:226,70
DA:227,20
DA:228,9
DA:229,19
DA:230,23
DA:231,19
DA:232,23
DA:233,18
DA:234,22
DA:235,19
DA:236,21
DA:237,16
DA:238,5
DA:239,6
DA:240,20
DA:241,18
DA:242,15
DA:243,16
DA:244,13
DA:245,6
DA:246,31
DA:247,22
DA:248,7
DA:250,17
DA:251,64
DA:252,49
DA:253,7
DA:254,27
DA:255,5
DA:256,6
DA:257,16
DA:258,16
DA:260,11
DA:261,48
DA:262,7
DA:263,41
DA:266,36
DA:267,4
DA:269,57
DA:270,25
DA:271,25
DA:272,16
DA:273,15
DA:274,16
DA:275,13
DA:276,6
DA:277,31
DA:278,28
DA:279,27
DA:280,23
DA:282,14
DA:283,7
DA:285,52
DA:287,45
DA:288,4
DA:290,57
DA:291,25
DA:292,25
DA:293,16
DA:294,15
DA:295,17
DA:296,13
DA:297,6
DA:298,31
DA:299,28
DA:300,27
DA:301,23
DA:303,14
DA:304,7
DA:306,53
DA:308,46
DA:309,4
DA:311,64
DA:312,25
DA:313,16
DA:314,15
DA:315,16
DA:316,13
DA:317,6
DA:318,71
DA:319,33
DA:320,27
DA:321,7
DA:322,19
DA:323,59
DA:324,0
DA:325,0
DA:326,0
DA:327,5
DA:329,11
DA:330,50
DA:331,7
DA:332,36
DA:334,34
DA:336,70
DA:337,33
DA:338,27
DA:339,7
DA:340,19
DA:341,42
DA:342,39
DA:343,13
DA:344,16
DA:346,11
DA:347,50
DA:348,7
DA:349,36
DA:351,39
DA:352,4
DA:354,47
DA:355,25
DA:356,25
DA:357,16
DA:358,15
DA:359,16
DA:360,13
DA:361,6
DA:362,31
DA:363,28
DA:364,27
DA:365,23
DA:367,14
DA:368,7
DA:370,60
DA:372,50
DA:373,3
DA:374,2
LF:320
LH:314
end_of_record
TN:
SF:src\cli\handlers\search.ts
FNF:2
FNH:2
DA:1,47
DA:4,6
DA:5,5
DA:6,12
DA:7,8
DA:16,3
DA:17,43
LF:7
LH:7
end_of_record
TN:
SF:src\cli\handlers\server.test.ts
FNF:23
FNH:22
DA:1,50
DA:3,54
DA:4,52
DA:5,82
DA:8,20
DA:9,15
DA:10,30
DA:11,19
DA:12,40
DA:13,22
DA:14,29
DA:15,19
DA:16,11
DA:17,2
DA:20,38
DA:21,53
DA:22,46
DA:23,16
DA:24,27
DA:25,26
DA:26,25
DA:28,32
DA:29,7
DA:31,38
DA:33,35
DA:34,3
DA:35,3
DA:37,56
DA:38,79
DA:39,18
DA:40,23
DA:41,58
DA:42,16
DA:43,27
DA:44,41
DA:45,28
DA:46,35
DA:47,25
DA:48,28
DA:49,20
DA:51,26
DA:52,22
DA:54,7
DA:56,55
DA:58,33
DA:59,30
DA:60,14
DA:61,7
DA:62,38
DA:63,35
DA:64,4
DA:66,75
DA:67,23
DA:68,27
DA:69,36
DA:70,28
DA:71,29
DA:73,7
DA:75,37
DA:77,38
DA:78,4
DA:80,52
DA:81,38
DA:82,16
DA:83,27
DA:84,29
DA:85,26
DA:86,22
DA:88,7
DA:90,36
DA:92,35
DA:93,3
DA:94,2
LF:73
LH:73
end_of_record
TN:
SF:src\cli\handlers\server.ts
FNF:6
FNH:6
DA:1,57
DA:4,6
DA:5,5
DA:6,8
DA:11,3
DA:12,72
DA:13,67
DA:15,28
DA:16,66
DA:17,26
DA:18,6
DA:19,2
DA:22,50
DA:25,6
DA:26,5
DA:27,8
DA:28,3
DA:29,72
DA:30,54
DA:31,24
DA:34,6
DA:35,5
DA:36,8
DA:37,3
DA:38,72
DA:39,48
DA:40,23
LF:27
LH:27
end_of_record
TN:
SF:src\cli\handlers\statuses.test.ts
FNF:21
FNH:17
DA:1,61
DA:3,66
DA:4,54
DA:5,53
DA:6,51
DA:7,52
DA:8,47
DA:11,20
DA:12,15
DA:13,30
DA:14,26
DA:15,0
DA:16,5
DA:18,0
DA:19,5
DA:21,0
DA:22,5
DA:24,19
DA:25,11
DA:26,2
DA:29,38
DA:30,20
DA:31,25
DA:32,4
DA:34,59
DA:35,20
DA:36,70
DA:37,6
DA:38,18
DA:39,31
DA:40,25
DA:41,17
DA:42,15
DA:44,7
DA:46,71
DA:47,69
DA:49,35
DA:50,68
DA:51,33
DA:52,49
DA:53,4
DA:55,76
DA:56,70
DA:57,20
DA:58,70
DA:59,6
DA:60,31
DA:61,22
DA:62,7
DA:64,69
DA:66,38
DA:67,35
DA:68,33
DA:69,36
DA:70,33
DA:71,4
DA:73,50
DA:74,70
DA:75,20
DA:76,78
DA:77,6
DA:78,31
DA:79,22
DA:80,7
DA:82,69
DA:84,45
DA:85,3
DA:86,2
LF:68
LH:65
end_of_record
TN:
SF:src\cli\handlers\statuses.ts
FNF:2
FNH:2
DA:1,55
DA:4,6
DA:5,5
DA:6,8
DA:7,3
DA:8,37
LF:6
LH:6
end_of_record
TN:
SF:src\cli\handlers\tasks.ts
FNF:7
FNH:2
DA:1,57
DA:2,67
DA:3,70
DA:4,100
DA:12,6
DA:13,5
DA:14,8
DA:30,3
DA:31,72
DA:32,28
DA:33,9
DA:34,25
DA:35,23
DA:36,25
DA:37,25
DA:38,27
DA:39,31
DA:40,29
DA:41,33
DA:42,25
DA:43,35
DA:44,23
DA:45,31
DA:46,30
DA:47,5
DA:50,0
DA:51,0
DA:52,0
DA:53,0
DA:54,0
DA:55,0
DA:56,0
DA:57,0
DA:58,0
DA:59,0
DA:60,0
DA:61,0
DA:62,0
DA:63,0
DA:64,0
DA:65,0
DA:66,0
DA:67,0
DA:68,0
DA:69,0
DA:70,0
DA:71,0
DA:72,0
DA:73,0
DA:74,0
DA:75,0
DA:76,0
DA:77,0
DA:78,0
DA:79,0
DA:80,0
DA:81,0
DA:82,0
DA:83,0
DA:84,0
DA:85,0
DA:86,0
DA:87,0
DA:88,0
DA:89,0
DA:90,0
DA:91,1
DA:94,0
DA:95,0
DA:96,0
DA:97,0
DA:98,0
DA:99,0
DA:100,0
DA:101,0
DA:102,0
DA:103,0
DA:104,0
DA:105,0
DA:106,0
DA:107,0
DA:108,0
DA:109,0
DA:110,0
DA:111,1
DA:114,0
DA:115,0
DA:116,0
DA:117,0
DA:118,0
DA:119,0
DA:120,0
DA:121,0
DA:122,0
DA:123,0
DA:124,0
DA:125,0
DA:126,1
DA:129,0
DA:130,0
DA:131,0
DA:132,0
DA:133,0
DA:134,0
DA:135,0
DA:136,0
DA:137,0
DA:138,0
DA:139,0
DA:140,0
DA:141,0
DA:142,1
DA:145,0
DA:146,0
DA:147,0
DA:148,0
DA:149,0
DA:150,0
DA:151,0
DA:152,0
DA:153,0
DA:154,0
DA:155,0
DA:156,0
DA:157,0
DA:158,0
DA:159,0
DA:160,0
DA:161,0
DA:162,0
DA:163,0
DA:164,0
DA:165,0
DA:166,0
DA:167,0
DA:168,0
DA:169,0
LF:137
LH:29
end_of_record
TN:
SF:src\cli\handlers\trash.test.ts
FNF:35
FNH:31
DA:1,61
DA:8,66
DA:9,54
DA:10,53
DA:11,51
DA:12,52
DA:13,81
DA:20,20
DA:21,15
DA:22,30
DA:23,26
DA:24,0
DA:25,5
DA:27,0
DA:28,5
DA:30,0
DA:31,5
DA:33,19
DA:34,11
DA:35,2
DA:38,20
DA:39,16
DA:40,13
DA:41,12
DA:42,12
DA:43,14
DA:44,40
DA:45,17
DA:46,2
DA:48,19
DA:49,15
DA:50,12
DA:51,12
DA:52,14
DA:53,13
DA:54,17
DA:55,23
DA:56,40
DA:57,17
DA:58,2
DA:60,19
DA:61,15
DA:62,12
DA:63,13
DA:64,14
DA:65,13
DA:66,17
DA:67,23
DA:68,12
DA:69,16
DA:70,22
DA:71,40
DA:72,17
DA:73,2
DA:75,39
DA:76,20
DA:77,25
DA:78,4
DA:80,42
DA:81,71
DA:82,24
DA:83,25
DA:84,15
DA:85,15
DA:86,13
DA:87,6
DA:88,31
DA:89,26
DA:90,7
DA:92,68
DA:94,50
DA:95,4
DA:97,54
DA:98,70
DA:99,24
DA:100,25
DA:101,15
DA:102,15
DA:103,13
DA:104,6
DA:105,31
DA:106,26
DA:107,7
DA:109,68
DA:111,34
DA:112,30
DA:113,4
DA:115,58
DA:116,70
DA:117,24
DA:118,25
DA:119,15
DA:120,15
DA:121,13
DA:122,6
DA:123,31
DA:124,26
DA:125,7
DA:127,68
DA:129,35
DA:130,4
DA:132,56
DA:133,71
DA:134,24
DA:135,24
DA:136,15
DA:137,15
DA:138,13
DA:139,6
DA:140,31
DA:141,26
DA:142,7
DA:144,69
DA:145,52
DA:147,70
DA:148,68
DA:149,36
DA:150,4
DA:152,56
DA:153,71
DA:154,24
DA:155,24
DA:156,15
DA:157,15
DA:158,13
DA:159,6
DA:160,31
DA:161,26
DA:162,7
DA:164,69
DA:165,52
DA:167,70
DA:168,68
DA:169,36
DA:170,4
DA:172,72
DA:173,21
DA:174,16
DA:175,15
DA:176,15
DA:177,13
DA:178,6
DA:179,71
DA:180,31
DA:181,23
DA:182,7
DA:183,70
DA:184,34
DA:186,70
DA:187,70
DA:188,39
DA:189,3
DA:190,2
LF:153
LH:150
end_of_record
TN:
SF:src\cli\handlers\trash.ts
FNF:6
FNH:6
DA:1,57
DA:2,86
DA:9,6
DA:10,5
DA:11,8
DA:18,3
DA:19,72
DA:20,31
DA:21,9
DA:22,25
DA:23,27
DA:24,29
DA:25,24
DA:26,5
DA:29,6
DA:30,5
DA:31,8
DA:38,3
DA:39,72
DA:40,30
DA:41,9
DA:42,25
DA:43,27
DA:44,29
DA:45,24
DA:46,5
DA:49,6
DA:50,5
DA:51,8
DA:58,3
DA:59,72
DA:60,30
DA:61,9
DA:62,25
DA:63,27
DA:64,29
DA:65,24
DA:66,4
LF:38
LH:38
end_of_record
TN:
SF:src\cli\lib\ansi.ts
FNF:1
FNH:1
DA:2,16
DA:3,35
DA:4,67
DA:5,33
DA:7,22
DA:8,25
DA:9,26
DA:10,26
DA:11,25
DA:12,1
LF:10
LH:10
end_of_record
TN:
SF:src\cli\lib\api-client.test.ts
FNF:55
FNH:55
DA:1,73
DA:2,42
DA:3,93
DA:9,36
DA:11,43
DA:12,36
DA:15,1
DA:16,6
DA:20,5
DA:21,28
DA:24,21
DA:25,31
DA:26,4
DA:28,20
DA:29,31
DA:30,4
DA:32,53
DA:33,30
DA:34,50
DA:35,60
DA:36,69
DA:37,20
DA:38,53
DA:39,2
DA:40,6
DA:42,46
DA:43,15
DA:44,7
DA:45,48
DA:46,4
DA:48,73
DA:49,18
DA:50,13
DA:51,63
DA:52,7
DA:53,18
DA:54,51
DA:55,1
DA:57,6
DA:59,75
DA:60,23
DA:61,19
DA:62,31
DA:63,42
DA:64,38
DA:65,29
DA:66,6
DA:67,6
DA:68,4
DA:70,58
DA:71,18
DA:72,69
DA:73,18
DA:74,51
DA:75,1
DA:76,6
DA:78,78
DA:79,23
DA:80,18
DA:81,25
DA:82,42
DA:83,31
DA:84,21
DA:85,6
DA:86,6
DA:87,4
DA:89,64
DA:90,18
DA:91,35
DA:92,18
DA:93,45
DA:94,1
DA:95,6
DA:97,75
DA:98,18
DA:99,65
DA:100,6
DA:101,4
DA:103,81
DA:104,25
DA:105,39
DA:106,30
DA:107,9
DA:108,6
DA:110,75
DA:111,18
DA:112,42
DA:113,37
DA:114,21
DA:115,6
DA:116,6
DA:117,4
DA:119,92
DA:120,25
DA:121,31
DA:122,6
DA:124,11
DA:125,44
DA:126,26
DA:127,17
DA:128,41
DA:129,19
DA:130,34
DA:131,63
DA:132,59
DA:133,59
DA:134,48
DA:136,4
DA:138,57
DA:139,58
DA:141,33
DA:142,13
DA:143,22
DA:144,15
DA:145,6
DA:146,31
DA:147,4
DA:149,89
DA:150,18
DA:151,74
DA:152,18
DA:153,51
DA:154,1
DA:155,6
DA:157,13
DA:158,72
DA:159,31
DA:160,18
DA:161,21
DA:162,42
DA:163,31
DA:164,30
DA:165,6
DA:166,6
DA:167,4
DA:169,50
DA:170,18
DA:171,50
DA:172,18
DA:173,51
DA:174,1
DA:175,6
DA:177,39
DA:178,27
DA:179,20
DA:180,15
DA:181,6
DA:182,38
DA:183,4
DA:185,60
DA:186,18
DA:187,54
DA:188,18
DA:189,51
DA:190,1
DA:191,6
DA:193,13
DA:194,68
DA:195,31
DA:196,18
DA:197,66
DA:198,6
DA:199,4
DA:201,47
DA:202,18
DA:203,50
DA:204,18
DA:205,51
DA:206,1
DA:207,6
DA:209,66
DA:210,4
DA:212,47
DA:213,18
DA:214,51
DA:215,18
DA:216,51
DA:217,1
DA:218,6
DA:220,67
DA:221,4
DA:223,50
DA:224,25
DA:225,23
DA:226,6
DA:228,67
DA:229,4
DA:231,81
DA:232,18
DA:233,45
DA:234,18
DA:235,44
DA:236,1
DA:237,6
DA:239,72
DA:240,4
DA:242,82
DA:243,18
DA:244,24
DA:245,18
DA:246,51
DA:247,1
DA:248,6
DA:250,72
DA:251,4
DA:253,70
DA:254,18
DA:255,13
DA:256,22
DA:257,33
DA:258,25
DA:259,4
DA:260,7
DA:261,18
DA:262,51
DA:263,1
DA:265,6
DA:267,13
DA:268,67
DA:269,31
DA:270,18
DA:271,42
DA:272,33
DA:273,33
DA:274,6
DA:275,6
DA:276,4
DA:278,58
DA:279,18
DA:280,74
DA:281,18
DA:282,51
DA:283,1
DA:284,6
DA:286,13
DA:287,74
DA:288,15
DA:289,2
DA:290,31
DA:291,18
DA:292,42
DA:293,31
DA:294,29
DA:295,6
DA:296,6
DA:297,3
DA:298,2
LF:247
LH:247
end_of_record
TN:
SF:src\cli\lib\api-client.ts
FNF:14
FNH:14
DA:1,174
DA:7,128
DA:11,91
DA:15,97
DA:22,43
DA:23,42
DA:24,62
DA:25,35
DA:29,6
DA:30,61
DA:33,11
DA:34,35
DA:35,70
DA:36,11
DA:37,2
DA:38,7
DA:39,39
DA:40,46
DA:44,6
DA:45,13
DA:46,61
DA:47,65
DA:48,71
DA:49,1
DA:52,20
DA:53,51
DA:56,20
DA:57,64
DA:58,38
DA:59,48
DA:60,48
DA:62,47
DA:63,0
DA:64,2
DA:67,58
DA:68,39
DA:69,2
DA:71,24
DA:74,1
DA:75,9
DA:76,3
DA:77,65
DA:79,9
DA:80,52
DA:81,41
DA:82,16
DA:83,32
DA:84,10
DA:85,6
DA:86,42
DA:87,31
DA:88,4
DA:90,39
DA:91,60
DA:92,0
DA:93,0
DA:110,1
DA:111,10
DA:112,11
DA:113,5
DA:114,3
DA:115,42
DA:116,42
DA:118,24
DA:119,28
DA:120,4
DA:121,11
DA:122,0
DA:123,2
DA:125,13
DA:126,11
DA:128,30
DA:129,19
DA:130,19
DA:131,38
DA:132,25
DA:133,49
DA:134,49
DA:135,45
DA:136,70
DA:137,11
DA:138,25
DA:139,22
DA:142,15
DA:143,9
DA:144,59
DA:145,13
DA:146,14
DA:147,11
DA:148,28
DA:149,6
DA:150,19
DA:151,34
DA:152,52
DA:153,37
DA:154,24
DA:155,18
DA:156,2
DA:157,4
DA:158,53
DA:159,38
DA:160,51
DA:161,19
DA:162,19
DA:163,4
DA:166,22
DA:167,66
DA:168,83
DA:169,12
DA:170,30
DA:171,36
DA:172,7
DA:173,46
DA:174,2
DA:176,57
DA:177,6
DA:178,2
DA:180,29
DA:183,6
DA:184,10
DA:185,16
DA:186,3
DA:187,57
DA:190,6
DA:191,10
DA:192,6
DA:193,16
DA:194,3
DA:195,44
DA:196,19
DA:197,24
DA:198,17
DA:199,3
DA:206,6
DA:207,10
DA:208,6
DA:209,16
DA:210,3
DA:211,44
DA:212,18
DA:213,21
DA:214,3
DA:217,24
DA:218,42
DA:220,9
DA:221,61
DA:222,39
DA:223,7
DA:224,26
DA:225,39
DA:226,24
DA:227,11
DA:228,12
LF:153
LH:149
end_of_record
TN:
SF:src\cli\lib\boardDescribeOutput.test.ts
FNF:17
FNH:17
DA:1,61
DA:3,72
DA:4,83
DA:5,67
DA:7,21
DA:8,18
DA:9,20
DA:10,31
DA:11,24
DA:12,20
DA:13,31
DA:14,24
DA:15,25
DA:16,21
DA:17,17
DA:18,1
DA:20,6
DA:21,12
DA:22,14
DA:23,17
DA:24,20
DA:25,20
DA:26,28
DA:27,24
DA:28,32
DA:29,6
DA:30,14
DA:31,16
DA:32,38
DA:33,35
DA:34,5
DA:35,6
DA:36,15
DA:37,60
DA:38,6
DA:39,19
DA:40,55
DA:41,6
DA:42,17
DA:43,16
DA:44,11
DA:45,23
DA:46,21
DA:47,36
DA:48,21
DA:49,7
DA:50,5
DA:51,6
DA:52,17
DA:53,48
DA:54,3
DA:55,1
DA:58,1
DA:59,4
DA:60,3
DA:61,15
DA:62,57
DA:63,40
DA:64,35
DA:65,11
DA:66,14
DA:68,9
DA:69,16
DA:70,5
DA:71,32
DA:73,11
DA:76,46
DA:77,20
DA:78,25
DA:79,4
DA:81,88
DA:82,71
DA:83,57
DA:84,33
DA:85,24
DA:86,30
DA:87,51
DA:88,6
DA:89,68
DA:90,51
DA:91,39
DA:92,37
DA:93,34
DA:94,37
DA:95,44
DA:96,40
DA:97,39
DA:98,40
DA:99,62
DA:100,29
DA:101,13
DA:102,13
DA:103,14
DA:104,17
DA:105,16
DA:106,12
DA:107,5
DA:108,4
DA:110,81
DA:111,71
DA:112,61
DA:113,33
DA:114,24
DA:115,34
DA:116,75
DA:117,18
DA:118,10
DA:119,10
DA:120,9
DA:121,33
DA:122,52
DA:123,4
DA:125,60
DA:126,71
DA:127,59
DA:128,33
DA:129,24
DA:130,23
DA:131,23
DA:132,15
DA:133,56
DA:134,57
DA:135,61
DA:136,59
DA:137,56
DA:138,5
DA:139,6
DA:140,75
DA:141,58
DA:142,62
DA:143,52
DA:144,53
DA:145,35
DA:146,71
DA:147,4
DA:149,51
DA:150,70
DA:151,57
DA:152,33
DA:153,24
DA:154,30
DA:155,51
DA:156,6
DA:157,35
DA:158,44
DA:159,40
DA:160,39
DA:161,35
DA:162,35
DA:163,36
DA:164,40
DA:165,38
DA:166,38
DA:167,50
DA:168,3
DA:169,2
LF:156
LH:156
end_of_record
TN:
SF:src\cli\lib\boardDescribeOutput.ts
FNF:13
FNH:12
DA:13,49
DA:14,188
DA:22,48
DA:24,12
DA:25,18
DA:26,16
DA:27,18
DA:28,28
DA:29,21
DA:30,18
DA:31,28
DA:32,21
DA:33,22
DA:34,18
DA:35,13
DA:36,4
DA:37,28
DA:38,11
DA:39,30
DA:40,2
DA:43,12
DA:44,12
DA:45,19
DA:46,32
DA:47,36
DA:48,56
DA:49,42
DA:50,36
DA:51,56
DA:52,42
DA:53,44
DA:54,36
DA:55,29
DA:56,1
DA:59,1
DA:60,7
DA:61,3
DA:62,16
DA:63,31
DA:64,33
DA:65,29
DA:66,0
DA:67,2
DA:68,44
DA:71,32
DA:72,51
DA:73,50
DA:74,46
DA:75,44
DA:76,1
DA:78,0
DA:79,0
DA:80,0
DA:81,0
DA:82,0
DA:83,0
DA:84,0
DA:85,0
DA:86,0
DA:87,0
DA:88,0
DA:89,0
DA:90,0
DA:91,0
DA:92,0
DA:93,0
DA:97,1
DA:98,6
DA:99,8
DA:100,3
DA:101,23
DA:102,23
DA:103,18
DA:104,23
DA:105,17
DA:106,17
DA:107,27
DA:108,28
DA:109,4
DA:110,36
DA:111,0
DA:112,2
DA:113,55
DA:114,71
DA:116,38
DA:117,28
DA:118,51
DA:119,21
DA:120,73
DA:121,8
DA:122,4
DA:123,35
DA:124,52
DA:125,21
DA:126,29
DA:127,24
DA:128,31
DA:129,27
DA:130,28
DA:131,4
DA:132,8
DA:133,4
DA:134,38
DA:135,56
DA:136,21
DA:137,29
DA:138,27
DA:139,37
DA:140,27
DA:141,24
DA:142,4
DA:143,8
DA:144,4
DA:145,37
DA:146,54
DA:147,21
DA:148,29
DA:149,26
DA:150,35
DA:151,25
DA:152,39
DA:153,28
DA:154,4
DA:155,8
DA:156,4
DA:157,36
DA:158,54
DA:159,21
DA:160,29
DA:161,25
DA:162,33
DA:163,24
DA:164,4
DA:165,8
DA:166,4
DA:167,47
DA:168,21
DA:169,51
DA:170,6
DA:171,3
DA:172,1
DA:175,1
DA:176,6
DA:177,8
DA:178,3
DA:179,23
DA:180,19
DA:182,22
DA:183,11
DA:184,19
DA:185,5
DA:186,7
DA:187,25
DA:188,19
DA:189,19
DA:190,24
DA:191,3
DA:192,3
DA:193,22
DA:194,1
DA:195,4
DA:197,18
DA:198,55
DA:199,28
DA:200,29
DA:201,36
DA:202,0
DA:203,11
DA:204,43
DA:207,27
DA:208,11
DA:209,49
DA:210,45
DA:211,45
DA:212,2
DA:213,4
DA:215,38
DA:216,42
DA:217,26
DA:218,50
DA:219,25
DA:220,18
DA:221,9
DA:222,11
DA:223,72
DA:224,6
DA:225,50
DA:226,27
DA:227,51
DA:228,27
DA:229,23
DA:230,26
DA:231,9
DA:232,11
DA:233,74
DA:234,6
DA:235,57
DA:236,31
DA:237,55
DA:238,33
DA:239,23
DA:240,20
DA:241,9
DA:242,11
DA:243,19
DA:244,6
DA:245,27
DA:246,28
DA:247,1
DA:248,6
DA:249,54
DA:250,29
DA:251,53
DA:252,31
DA:253,21
DA:254,41
DA:255,26
DA:256,9
DA:257,11
DA:258,19
DA:259,6
DA:260,26
DA:261,26
DA:262,1
DA:263,6
DA:264,53
DA:265,29
DA:266,53
DA:267,29
DA:268,20
DA:269,9
DA:270,11
DA:271,19
DA:272,6
DA:273,25
DA:274,26
DA:275,1
DA:276,6
DA:277,40
DA:278,0
DA:279,0
DA:280,0
DA:281,0
DA:282,3
DA:283,2
DA:285,39
DA:288,6
DA:289,6
DA:290,8
DA:291,3
DA:292,43
DA:293,41
DA:294,11
DA:295,41
LF:254
LH:231
end_of_record
TN:
SF:src\cli\lib\cli-http-errors.test.ts
FNF:9
FNH:9
DA:1,50
DA:2,42
DA:3,83
DA:4,36
DA:6,45
DA:7,15
DA:8,44
DA:9,50
DA:10,43
DA:11,42
DA:12,43
DA:13,42
DA:14,44
DA:15,49
DA:16,40
DA:17,42
DA:18,40
DA:19,3
DA:20,48
DA:21,40
DA:22,71
DA:23,13
DA:24,35
DA:25,7
DA:26,32
DA:27,36
DA:28,35
DA:29,46
DA:30,13
DA:31,48
DA:34,4
DA:36,58
DA:37,82
DA:38,29
DA:39,53
DA:40,39
DA:41,4
DA:43,81
DA:44,58
DA:45,21
DA:46,15
DA:47,7
DA:48,50
DA:49,46
DA:50,48
DA:51,4
DA:53,68
DA:54,58
DA:55,16
DA:56,15
DA:57,7
DA:58,45
DA:59,3
DA:60,3
DA:62,39
DA:63,64
DA:64,72
DA:65,11
DA:66,65
DA:67,26
DA:68,17
DA:69,41
DA:70,18
DA:71,41
DA:72,33
DA:73,41
DA:74,31
DA:75,26
DA:76,15
DA:77,9
DA:79,4
DA:81,64
DA:82,69
DA:83,68
DA:84,3
DA:85,2
LF:76
LH:76
end_of_record
TN:
SF:src\cli\lib\cli-http-errors.ts
FNF:2
FNH:2
DA:6,52
DA:12,6
DA:13,7
DA:14,9
DA:15,3
DA:16,79
DA:17,60
DA:18,23
DA:19,11
DA:20,2
DA:21,2
DA:22,12
DA:25,6
DA:26,8
DA:27,9
DA:28,3
DA:29,19
DA:30,59
DA:31,43
DA:32,21
DA:33,12
DA:34,45
DA:35,4
DA:37,25
DA:38,10
DA:39,75
DA:40,10
DA:41,16
DA:42,21
DA:43,57
DA:44,6
DA:45,10
DA:46,74
DA:47,10
DA:48,73
DA:49,10
DA:50,16
DA:51,20
DA:52,23
DA:53,15
DA:54,39
DA:55,23
DA:56,7
DA:57,6
DA:58,10
DA:59,73
DA:60,10
DA:61,75
DA:62,10
DA:63,16
DA:64,20
DA:65,57
DA:66,6
DA:67,10
DA:68,16
DA:69,20
DA:70,23
DA:71,15
DA:72,36
DA:73,23
DA:74,7
DA:75,15
DA:77,43
DA:78,18
DA:79,22
DA:80,25
DA:81,17
DA:82,40
DA:83,25
DA:84,9
DA:85,1
DA:86,6
DA:87,16
DA:88,20
DA:89,51
DA:90,1
LF:76
LH:76
end_of_record
TN:
SF:src\cli\lib\cliFormat.test.ts
FNF:7
FNH:7
DA:1,61
DA:2,119
DA:9,42
DA:10,20
DA:11,25
DA:12,4
DA:14,49
DA:15,48
DA:16,36
DA:17,4
DA:19,34
DA:20,56
DA:21,45
DA:22,4
DA:24,34
DA:25,52
DA:26,35
DA:27,4
DA:29,55
DA:30,69
DA:31,27
DA:32,48
DA:33,36
DA:34,4
DA:36,72
DA:37,56
DA:38,54
DA:39,45
DA:40,3
DA:41,2
LF:30
LH:30
end_of_record
TN:
SF:src\cli\lib\cliFormat.ts
FNF:4
FNH:4
DA:9,31
DA:10,21
DA:13,11
DA:14,29
DA:15,19
DA:19,12
DA:22,3
DA:23,39
DA:24,41
DA:25,22
DA:26,2
DA:27,33
DA:30,11
DA:31,23
DA:35,11
DA:36,15
LF:16
LH:16
end_of_record
TN:
SF:src\cli\lib\clientIdentity.ts
FNF:4
FNH:4
DA:1,33
DA:2,34
DA:4,6
DA:5,82
DA:6,26
DA:7,0
DA:8,1
DA:11,15
DA:12,55
DA:13,59
DA:16,11
DA:17,25
DA:20,11
DA:21,34
DA:22,55
DA:23,2
DA:24,30
LF:17
LH:16
end_of_record
TN:
SF:src\cli\lib\command-helpers.test.ts
FNF:36
FNH:36
DA:1,73
DA:2,36
DA:3,237
DA:15,83
DA:16,42
DA:17,36
DA:19,35
DA:20,59
DA:21,55
DA:22,48
DA:23,49
DA:24,4
DA:26,43
DA:27,47
DA:28,41
DA:29,4
DA:31,51
DA:32,57
DA:33,11
DA:34,28
DA:35,17
DA:36,41
DA:37,33
DA:38,59
DA:40,55
DA:41,55
DA:42,3
DA:43,3
DA:45,37
DA:46,69
DA:47,58
DA:48,69
DA:49,3
DA:50,3
DA:52,36
DA:53,59
DA:54,49
DA:55,40
DA:56,4
DA:58,30
DA:59,46
DA:60,44
DA:61,4
DA:63,45
DA:64,56
DA:65,54
DA:66,3
DA:67,3
DA:69,29
DA:70,59
DA:71,21
DA:72,42
DA:73,23
DA:74,6
DA:75,26
DA:76,37
DA:77,3
DA:78,3
DA:80,67
DA:81,58
DA:82,33
DA:83,37
DA:84,26
DA:85,46
DA:86,37
DA:87,36
DA:88,44
DA:89,38
DA:90,3
DA:91,3
DA:93,67
DA:94,21
DA:95,25
DA:96,4
DA:98,20
DA:99,25
DA:100,4
DA:102,76
DA:103,69
DA:104,59
DA:105,11
DA:106,30
DA:107,17
DA:108,33
DA:109,54
DA:110,57
DA:112,4
DA:114,73
DA:115,70
DA:116,53
DA:117,4
DA:119,83
DA:120,70
DA:121,76
DA:122,11
DA:123,47
DA:124,17
DA:125,55
DA:126,57
DA:128,4
DA:130,80
DA:131,71
DA:132,70
DA:133,4
DA:135,64
DA:136,70
DA:137,59
DA:138,4
DA:140,84
DA:141,70
DA:142,72
DA:143,11
DA:144,43
DA:145,17
DA:146,57
DA:148,3
DA:149,2
LF:117
LH:117
end_of_record
TN:
SF:src\cli\lib\command-helpers.ts
FNF:18
FNH:18
DA:2,43
DA:3,42
DA:4,62
DA:5,51
DA:10,37
DA:11,110
DA:14,47
DA:15,195
DA:18,66
DA:21,18
DA:22,56
DA:26,6
DA:27,11
DA:28,3
DA:29,4
DA:30,21
DA:31,24
DA:32,33
DA:33,5
DA:34,73
DA:35,30
DA:36,2
DA:37,2
DA:41,11
DA:42,59
DA:43,72
DA:44,30
DA:45,2
DA:46,2
DA:53,6
DA:54,11
DA:55,3
DA:56,71
DA:57,6
DA:58,2
DA:59,30
DA:60,72
DA:61,30
DA:62,2
DA:63,2
DA:64,20
DA:67,18
DA:68,15
DA:69,66
DA:70,7
DA:71,24
DA:72,72
DA:73,2
DA:76,18
DA:77,22
DA:78,20
DA:79,39
DA:80,2
DA:83,15
DA:84,29
DA:86,30
DA:87,50
DA:88,75
DA:89,2
DA:91,14
DA:94,6
DA:95,7
DA:96,15
DA:97,3
DA:98,12
DA:99,16
DA:100,9
DA:101,11
DA:102,27
DA:103,35
DA:104,2
DA:108,16
DA:109,79
DA:110,26
DA:111,39
DA:112,77
DA:113,2
DA:114,48
DA:118,6
DA:119,7
DA:120,3
DA:121,50
DA:122,26
DA:123,34
DA:124,0
DA:125,2
DA:126,48
DA:129,17
DA:130,49
DA:131,27
DA:132,34
DA:133,0
DA:134,2
DA:135,9
DA:139,12
DA:140,9
DA:141,13
DA:142,0
DA:143,2
DA:151,6
DA:152,4
DA:153,3
DA:154,48
LF:103
LH:100
end_of_record
TN:
SF:src\cli\lib\config.ts
FNF:9
FNH:2
DA:1,179
DA:9,41
DA:10,46
DA:11,43
DA:12,39
DA:13,149
DA:27,0
DA:28,1
DA:31,0
DA:32,1
DA:35,37
DA:36,44
DA:37,63
DA:39,40
DA:40,81
DA:43,18
DA:46,0
DA:47,0
DA:48,0
DA:49,1
DA:52,0
DA:53,0
DA:54,0
DA:55,1
DA:58,25
DA:59,37
DA:62,0
DA:63,1
DA:66,0
DA:67,1
DA:70,0
DA:71,1
DA:74,25
DA:75,38
LF:34
LH:23
end_of_record
TN:
SF:src\cli\lib\constants.ts
FNF:1
FNH:1
DA:4,30
DA:5,22
DA:6,27
DA:7,31
DA:9,29
DA:11,27
DA:12,29
DA:13,2
DA:16,29
DA:17,26
DA:18,30
DA:19,24
DA:20,1
LF:13
LH:13
end_of_record
TN:
SF:src\cli\lib\emoji-cli.test.ts
FNF:6
FNH:6
DA:1,50
DA:2,53
DA:3,42
DA:4,36
DA:6,42
DA:7,39
DA:8,68
DA:9,4
DA:11,43
DA:12,52
DA:13,18
DA:14,15
DA:15,5
DA:16,4
DA:18,51
DA:19,64
DA:20,18
DA:21,25
DA:22,5
DA:23,4
DA:25,49
DA:27,35
DA:28,66
DA:29,11
DA:30,37
DA:31,17
DA:32,33
DA:33,60
DA:35,3
DA:36,2
LF:30
LH:30
end_of_record
TN:
SF:src\cli\lib\emoji-cli.ts
FNF:1
FNH:1
DA:1,58
DA:2,42
DA:3,36
DA:6,11
DA:8,3
DA:9,48
DA:10,38
DA:11,20
DA:12,70
DA:13,2
DA:14,43
LF:11
LH:11
end_of_record
TN:
SF:src\cli\lib\humanText.test.ts
FNF:9
FNH:9
DA:1,50
DA:2,49
DA:5,7
DA:6,40
DA:9,39
DA:10,55
DA:11,75
DA:12,37
DA:13,37
DA:14,4
DA:16,48
DA:17,70
DA:18,59
DA:19,4
DA:21,50
DA:22,71
DA:23,58
DA:24,4
DA:26,59
DA:27,59
DA:28,33
DA:29,37
DA:30,4
DA:32,47
DA:33,46
DA:34,3
DA:35,2
LF:27
LH:27
end_of_record
TN:
SF:src\cli\lib\humanText.ts
FNF:3
FNH:3
DA:1,30
DA:6,27
DA:7,19
DA:8,43
DA:9,79
DA:10,12
DA:11,2
DA:12,23
DA:13,0
DA:14,0
DA:15,0
DA:16,0
DA:17,2
DA:18,28
DA:19,0
DA:20,0
DA:21,2
DA:22,46
DA:23,44
DA:24,68
DA:25,48
DA:26,13
DA:27,15
DA:28,31
DA:29,11
DA:30,23
DA:31,19
DA:32,15
DA:33,63
DA:35,2
DA:36,13
DA:39,15
DA:40,64
DA:44,6
DA:45,9
DA:46,9
DA:47,3
DA:48,19
DA:49,57
DA:50,4
DA:51,17
DA:52,52
DA:53,10
DA:54,54
DA:55,53
DA:56,2
DA:57,2
DA:58,43
LF:48
LH:42
end_of_record
TN:
SF:src\cli\lib\jsonFieldProjection.test.ts
FNF:7
FNH:7
DA:1,50
DA:3,42
DA:4,137
DA:11,36
DA:13,39
DA:14,69
DA:15,75
DA:16,68
DA:17,68
DA:18,4
DA:20,58
DA:21,78
DA:22,15
DA:23,11
DA:24,5
DA:25,4
DA:27,62
DA:28,11
DA:29,57
DA:30,26
DA:31,17
DA:32,41
DA:33,20
DA:34,35
DA:35,59
DA:37,4
DA:39,66
DA:40,53
DA:41,63
DA:42,17
DA:43,13
DA:44,7
DA:45,75
DA:46,4
DA:48,55
DA:49,20
DA:50,41
DA:51,15
DA:52,16
DA:53,13
DA:54,6
DA:55,56
DA:56,27
DA:57,29
DA:58,15
DA:59,16
DA:60,13
DA:61,5
DA:62,4
DA:64,36
DA:65,39
DA:66,71
DA:67,3
DA:68,2
LF:54
LH:54
end_of_record
TN:
SF:src\cli\lib\jsonFieldProjection.ts
FNF:10
FNH:10
DA:2,42
DA:3,36
DA:11,44
DA:12,12
DA:13,9
DA:14,9
DA:15,10
DA:16,16
DA:17,14
DA:18,12
DA:19,3
DA:22,37
DA:23,11
DA:24,11
DA:25,10
DA:26,9
DA:27,12
DA:28,15
DA:29,11
DA:30,10
DA:31,10
DA:32,10
DA:33,14
DA:34,14
DA:35,13
DA:36,23
DA:37,19
DA:38,12
DA:39,3
DA:42,40
DA:43,14
DA:44,9
DA:45,10
DA:46,16
DA:47,12
DA:48,3
DA:51,37
DA:52,11
DA:53,9
DA:54,10
DA:55,10
DA:56,10
DA:57,23
DA:58,17
DA:59,3
DA:62,43
DA:63,11
DA:64,12
DA:65,14
DA:66,14
DA:67,11
DA:68,13
DA:69,10
DA:70,12
DA:71,8
DA:72,3
DA:75,44
DA:76,9
DA:77,12
DA:78,9
DA:79,9
DA:80,10
DA:81,14
DA:82,13
DA:83,3
DA:86,43
DA:87,9
DA:88,11
DA:89,9
DA:90,10
DA:91,12
DA:92,14
DA:93,19
DA:94,14
DA:95,13
DA:96,3
DA:99,43
DA:100,9
DA:101,11
DA:102,10
DA:103,10
DA:104,12
DA:105,14
DA:106,19
DA:107,11
DA:108,13
DA:109,18
DA:110,14
DA:111,13
DA:112,3
DA:115,39
DA:116,13
DA:117,10
DA:118,14
DA:119,11
DA:120,3
DA:122,14
DA:123,48
DA:124,18
DA:125,11
DA:126,19
DA:127,28
DA:128,31
DA:135,6
DA:136,5
DA:137,11
DA:138,3
DA:139,37
DA:140,23
DA:141,56
DA:142,28
DA:143,19
DA:144,53
DA:145,3
DA:146,52
DA:147,1
DA:148,2
DA:149,14
DA:153,22
DA:154,17
DA:155,18
DA:156,28
DA:157,56
DA:158,20
DA:159,2
DA:160,2
DA:161,11
DA:164,6
DA:165,6
DA:166,8
DA:167,3
DA:168,12
DA:169,22
DA:170,22
DA:171,24
DA:172,58
DA:173,2
DA:176,6
DA:177,6
DA:178,8
DA:179,3
DA:180,50
LF:142
LH:142
end_of_record
TN:
SF:src\cli\lib\listTableSpecs.ts
FNF:1
FNH:1
DA:7,61
DA:8,45
DA:9,51
DA:10,49
DA:11,61
DA:12,51
DA:15,45
DA:16,51
DA:17,51
DA:20,37
DA:21,45
DA:22,45
DA:23,45
DA:24,41
DA:25,2
DA:28,40
DA:29,45
DA:30,45
DA:31,45
DA:32,41
DA:33,2
DA:36,39
DA:37,46
DA:38,43
DA:39,2
DA:42,40
DA:43,48
DA:44,47
DA:45,40
DA:46,2
DA:49,43
DA:50,48
DA:51,47
DA:52,44
DA:53,2
DA:56,42
DA:57,47
DA:58,45
DA:59,52
DA:60,40
DA:61,2
DA:64,41
DA:65,53
DA:66,45
DA:67,2
DA:70,36
DA:71,46
DA:72,47
DA:73,46
DA:74,49
DA:75,46
DA:76,2
DA:79,39
DA:80,47
DA:81,45
DA:82,52
DA:83,45
DA:84,2
DA:87,36
DA:88,46
DA:89,45
DA:90,44
DA:91,47
DA:92,43
DA:93,56
DA:94,56
DA:95,2
DA:98,39
DA:99,53
DA:100,47
DA:101,48
DA:102,48
DA:103,2
DA:106,38
DA:107,45
DA:108,45
DA:109,45
DA:110,51
DA:111,2
DA:114,37
DA:115,46
DA:116,45
DA:117,48
DA:118,51
DA:119,2
DA:122,37
DA:123,46
DA:124,47
DA:125,46
DA:126,45
DA:127,51
DA:128,2
DA:131,37
DA:132,51
DA:133,44
DA:134,47
DA:135,49
DA:136,1
LF:98
LH:98
end_of_record
TN:
SF:src\cli\lib\mutableActionConfirm.test.ts
FNF:8
FNH:8
DA:1,61
DA:2,42
DA:3,62
DA:4,36
DA:6,40
DA:7,37
DA:8,39
DA:10,20
DA:11,54
DA:12,20
DA:13,22
DA:14,7
DA:15,55
DA:16,21
DA:17,22
DA:18,5
DA:19,4
DA:21,36
DA:22,54
DA:23,19
DA:24,22
DA:25,7
DA:26,55
DA:27,19
DA:28,22
DA:29,7
DA:30,34
DA:31,16
DA:32,39
DA:33,6
DA:34,4
DA:36,66
DA:37,54
DA:38,19
DA:39,22
DA:40,7
DA:41,55
DA:42,19
DA:43,22
DA:44,7
DA:45,12
DA:46,11
DA:47,36
DA:48,19
DA:49,39
DA:50,8
DA:51,17
DA:52,16
DA:54,41
DA:55,19
DA:56,32
DA:57,63
DA:58,4
DA:60,74
DA:61,54
DA:62,18
DA:63,22
DA:64,7
DA:65,55
DA:66,18
DA:67,22
DA:68,7
DA:69,12
DA:70,11
DA:71,36
DA:72,19
DA:73,38
DA:74,39
DA:75,8
DA:76,17
DA:77,16
DA:79,41
DA:80,64
DA:81,3
DA:82,2
LF:75
LH:75
end_of_record
TN:
SF:src\cli\lib\mutableActionConfirm.ts
FNF:4
FNH:3
DA:1,57
DA:2,42
DA:3,36
DA:4,46
DA:12,11
DA:13,43
DA:16,0
DA:17,0
DA:18,0
DA:19,0
DA:20,0
DA:21,0
DA:22,0
DA:23,0
DA:24,0
DA:25,0
DA:26,0
DA:27,0
DA:28,0
DA:29,0
DA:30,0
DA:31,0
DA:32,1
DA:42,6
DA:43,5
DA:44,3
DA:45,18
DA:46,6
DA:47,2
DA:49,40
DA:51,38
DA:52,19
DA:53,156
DA:54,3
DA:55,7
DA:56,41
DA:57,23
DA:58,74
DA:59,1
DA:60,1
DA:61,2
DA:63,35
DA:64,19
DA:65,123
DA:66,3
DA:67,7
DA:68,41
DA:69,23
DA:70,53
DA:71,1
DA:72,1
DA:73,0
DA:75,0
DA:76,0
DA:77,0
DA:78,0
DA:79,0
DA:80,0
DA:81,0
LF:59
LH:35
end_of_record
TN:
SF:src\cli\lib\output.test.ts
FNF:41
FNH:41
DA:4,61
DA:5,42
DA:6,180
DA:17,55
DA:18,68
DA:19,32
DA:21,20
DA:23,43
DA:24,28
DA:25,25
DA:26,3
DA:28,1
DA:29,4
DA:30,5
DA:31,23
DA:32,22
DA:33,23
DA:34,10
DA:35,9
DA:36,7
DA:37,13
DA:38,27
DA:39,5
DA:40,6
DA:41,16
DA:42,16
DA:44,31
DA:45,27
DA:46,37
DA:49,11
DA:50,11
DA:51,26
DA:52,17
DA:53,48
DA:56,52
DA:57,33
DA:60,63
DA:61,56
DA:62,29
DA:63,6
DA:64,29
DA:65,57
DA:66,4
DA:68,88
DA:69,56
DA:70,31
DA:71,30
DA:72,23
DA:73,22
DA:74,1
DA:75,6
DA:76,29
DA:77,40
DA:78,22
DA:79,30
DA:80,23
DA:81,22
DA:82,5
DA:83,4
DA:85,63
DA:86,46
DA:87,26
DA:88,16
DA:89,22
DA:90,12
DA:91,1
DA:92,6
DA:93,39
DA:94,44
DA:95,49
DA:96,35
DA:97,4
DA:99,70
DA:100,23
DA:101,22
DA:102,40
DA:103,13
DA:104,27
DA:105,5
DA:106,6
DA:107,16
DA:109,31
DA:110,27
DA:111,37
DA:114,11
DA:115,64
DA:116,26
DA:117,17
DA:118,48
DA:120,29
DA:121,54
DA:122,58
DA:123,17
DA:124,26
DA:125,5
DA:126,4
DA:128,63
DA:129,23
DA:130,22
DA:131,40
DA:132,13
DA:133,27
DA:134,5
DA:135,6
DA:136,16
DA:138,31
DA:139,27
DA:140,37
DA:143,56
DA:144,11
DA:145,53
DA:146,26
DA:147,17
DA:148,48
DA:150,29
DA:151,42
DA:152,37
DA:153,41
DA:154,53
DA:155,3
DA:156,3
DA:158,44
DA:159,68
DA:160,32
DA:162,20
DA:163,43
DA:164,28
DA:165,25
DA:166,3
DA:168,6
DA:171,5
DA:172,23
DA:173,22
DA:174,23
DA:175,10
DA:176,9
DA:177,7
DA:178,13
DA:179,27
DA:180,5
DA:181,6
DA:183,16
DA:184,16
DA:186,31
DA:187,27
DA:188,37
DA:191,11
DA:192,25
DA:193,26
DA:194,17
DA:195,48
DA:198,14
DA:199,15
DA:200,44
DA:201,3
DA:204,73
DA:205,54
DA:206,68
DA:207,6
DA:208,29
DA:209,40
DA:210,30
DA:211,33
DA:212,5
DA:213,4
DA:215,66
DA:216,54
DA:217,23
DA:218,6
DA:219,29
DA:220,40
DA:221,26
DA:222,31
DA:223,5
DA:224,4
DA:226,67
DA:227,74
DA:228,29
DA:229,40
DA:230,33
DA:231,31
DA:232,5
DA:233,3
DA:234,3
DA:236,63
DA:237,68
DA:239,20
DA:240,43
DA:241,25
DA:242,4
DA:244,80
DA:245,17
DA:246,49
DA:247,7
DA:248,27
DA:249,5
DA:250,6
DA:251,16
DA:252,16
DA:254,36
DA:255,51
DA:256,63
DA:257,4
DA:259,52
DA:260,17
DA:261,49
DA:262,7
DA:263,27
DA:264,5
DA:265,6
DA:266,16
DA:267,16
DA:269,56
DA:270,36
DA:271,39
DA:272,31
DA:273,47
DA:274,3
DA:275,3
DA:277,60
DA:278,68
DA:280,20
DA:281,43
DA:282,25
DA:283,4
DA:285,65
DA:286,17
DA:287,49
DA:288,7
DA:289,27
DA:290,5
DA:291,6
DA:292,16
DA:293,16
DA:295,20
DA:296,7
DA:297,43
DA:298,39
DA:299,3
DA:300,36
DA:301,6
DA:302,42
DA:303,36
DA:304,4
DA:306,74
DA:307,17
DA:308,49
DA:309,7
DA:310,27
DA:311,5
DA:312,6
DA:313,16
DA:314,16
DA:316,54
DA:317,39
DA:318,25
DA:319,7
DA:320,48
DA:321,4
DA:323,85
DA:324,70
DA:325,17
DA:326,49
DA:327,7
DA:328,27
DA:329,5
DA:330,6
DA:331,16
DA:332,16
DA:334,23
DA:335,72
DA:336,29
DA:337,45
DA:338,27
DA:339,6
DA:340,34
DA:341,3
DA:342,2
LF:278
LH:278
end_of_record
TN:
SF:src\cli\lib\output.ts
FNF:11
FNH:11
DA:2,52
DA:4,62
DA:5,76
DA:6,49
DA:8,83
DA:9,20
DA:13,15
DA:14,43
DA:15,50
DA:16,11
DA:17,33
DA:22,16
DA:23,27
DA:24,29
DA:25,50
DA:26,1
DA:29,11
DA:30,42
DA:31,0
DA:32,2
DA:33,35
DA:34,12
DA:35,2
DA:36,65
DA:37,20
DA:38,0
DA:39,1
DA:43,6
DA:44,7
DA:45,6
DA:46,3
DA:47,30
DA:48,21
DA:49,13
DA:50,30
DA:51,52
DA:52,13
DA:53,16
DA:54,44
DA:55,27
DA:56,45
DA:57,17
DA:58,8
DA:59,56
DA:60,17
DA:61,8
DA:62,34
DA:63,5
DA:64,8
DA:66,34
DA:67,2
DA:71,6
DA:72,6
DA:73,14
DA:74,9
DA:75,11
DA:76,3
DA:78,23
DA:79,49
DA:80,6
DA:81,2
DA:82,43
DA:83,35
DA:84,6
DA:85,2
DA:86,43
DA:87,20
DA:88,106
DA:89,4
DA:90,69
DA:94,6
DA:95,14
DA:96,9
DA:97,11
DA:98,3
DA:99,23
DA:100,49
DA:101,6
DA:102,2
DA:103,43
DA:104,35
DA:105,6
DA:106,2
DA:107,43
DA:108,45
DA:109,68
DA:113,1
DA:114,9
DA:115,9
DA:116,3
DA:117,18
DA:118,25
DA:119,2
DA:120,47
DA:124,37
DA:125,34
DA:126,22
DA:127,2
DA:128,40
DA:129,32
DA:130,2
DA:131,31
DA:132,15
DA:135,6
DA:136,9
DA:137,14
DA:138,9
DA:139,3
DA:140,55
DA:141,43
DA:142,53
DA:143,11
DA:144,39
DA:145,22
DA:146,26
DA:147,4
DA:148,6
DA:150,25
DA:153,16
DA:154,35
DA:155,59
DA:156,2
DA:158,32
DA:159,64
DA:160,2
DA:162,69
LF:126
LH:124
end_of_record
TN:
SF:src\cli\lib\paginatedFetch.test.ts
FNF:21
FNH:21
DA:1,50
DA:2,66
DA:4,35
DA:5,54
DA:6,51
DA:7,4
DA:9,56
DA:10,62
DA:11,4
DA:13,70
DA:14,44
DA:15,4
DA:17,55
DA:18,53
DA:19,3
DA:20,3
DA:22,33
DA:23,46
DA:24,26
DA:25,26
DA:26,47
DA:27,16
DA:28,22
DA:29,17
DA:30,17
DA:31,15
DA:32,3
DA:33,7
DA:34,41
DA:35,33
DA:36,34
DA:37,32
DA:38,4
DA:40,47
DA:41,26
DA:42,26
DA:43,17
DA:44,53
DA:45,26
DA:46,31
DA:47,18
DA:48,21
DA:49,19
DA:50,19
DA:51,17
DA:52,1
DA:53,6
DA:54,29
DA:55,16
DA:56,19
DA:57,17
DA:58,17
DA:59,15
DA:60,3
DA:61,7
DA:62,41
DA:63,32
DA:64,4
DA:66,62
DA:67,47
DA:68,16
DA:69,18
DA:70,17
DA:71,17
DA:72,15
DA:73,3
DA:74,8
DA:75,37
DA:76,32
DA:77,4
DA:79,93
DA:80,27
DA:81,17
DA:82,53
DA:83,26
DA:84,31
DA:85,18
DA:86,24
DA:87,19
DA:88,19
DA:89,17
DA:90,1
DA:91,6
DA:92,29
DA:93,16
DA:94,18
DA:95,17
DA:96,17
DA:97,15
DA:98,3
DA:99,7
DA:100,41
DA:101,32
DA:102,4
DA:104,83
DA:105,26
DA:106,26
DA:107,26
DA:108,26
DA:109,23
DA:110,53
DA:111,27
DA:112,26
DA:113,18
DA:114,24
DA:115,19
DA:116,19
DA:117,17
DA:118,1
DA:119,6
DA:120,26
DA:121,18
DA:122,24
DA:123,19
DA:124,19
DA:125,17
DA:126,1
DA:127,0
DA:128,2
DA:129,7
DA:130,36
DA:131,47
DA:132,32
DA:133,3
DA:134,2
LF:125
LH:124
end_of_record
TN:
SF:src\cli\lib\paginatedFetch.ts
FNF:3
FNH:3
DA:4,6
DA:5,8
DA:6,7
DA:7,3
DA:8,32
DA:9,23
DA:10,32
DA:11,2
DA:12,20
DA:13,34
DA:14,2
DA:15,26
DA:16,35
DA:23,6
DA:24,11
DA:25,9
DA:26,3
DA:27,17
DA:28,17
DA:29,16
DA:30,14
DA:31,41
DA:32,23
DA:33,28
DA:34,58
DA:35,58
DA:36,4
DA:37,21
DA:38,0
LF:29
LH:28
end_of_record
TN:
SF:src\cli\lib\paginatedListRead.test.ts
FNF:28
FNH:27
DA:4,61
DA:5,42
DA:6,52
DA:7,54
DA:8,63
DA:9,83
DA:10,46
DA:14,60
DA:15,20
DA:16,25
DA:17,4
DA:19,85
DA:20,71
DA:21,21
DA:22,20
DA:23,28
DA:24,40
DA:25,34
DA:26,34
DA:27,31
DA:28,16
DA:29,25
DA:30,18
DA:31,47
DA:32,19
DA:33,19
DA:34,17
DA:35,5
DA:37,6
DA:38,37
DA:39,33
DA:40,6
DA:41,53
DA:42,68
DA:43,33
DA:44,75
DA:45,4
DA:47,82
DA:48,71
DA:49,21
DA:50,20
DA:51,28
DA:52,40
DA:53,34
DA:54,34
DA:55,31
DA:56,16
DA:57,23
DA:58,18
DA:59,20
DA:60,19
DA:61,19
DA:62,17
DA:63,5
DA:65,6
DA:66,25
DA:67,59
DA:68,6
DA:69,41
DA:70,42
DA:71,4
DA:73,84
DA:74,71
DA:75,21
DA:76,17
DA:77,20
DA:78,28
DA:79,40
DA:80,34
DA:81,34
DA:82,31
DA:83,16
DA:84,25
DA:85,28
DA:86,20
DA:87,47
DA:88,21
DA:89,21
DA:90,19
DA:91,1
DA:92,8
DA:93,18
DA:94,45
DA:95,19
DA:96,19
DA:97,17
DA:98,5
DA:100,6
DA:101,37
DA:102,60
DA:103,6
DA:104,51
DA:105,68
DA:106,33
DA:107,60
DA:108,31
DA:109,4
DA:111,83
DA:112,71
DA:113,20
DA:114,28
DA:115,40
DA:116,34
DA:117,34
DA:118,31
DA:119,12
DA:120,18
DA:121,20
DA:122,15
DA:123,24
DA:124,25
DA:125,24
DA:126,21
DA:127,11
DA:128,12
DA:129,19
DA:130,19
DA:131,17
DA:132,5
DA:134,6
DA:135,37
DA:136,57
DA:137,6
DA:138,52
DA:139,65
DA:140,31
DA:141,31
DA:142,4
DA:144,75
DA:145,71
DA:146,20
DA:147,28
DA:148,40
DA:149,34
DA:150,34
DA:151,0
DA:152,0
DA:153,4
DA:155,6
DA:156,13
DA:157,56
DA:158,31
DA:159,18
DA:160,68
DA:161,6
DA:162,4
DA:164,71
DA:165,71
DA:166,21
DA:167,17
DA:168,20
DA:169,28
DA:170,40
DA:171,34
DA:172,34
DA:173,31
DA:174,16
DA:175,25
DA:176,28
DA:177,44
DA:178,48
DA:179,20
DA:180,47
DA:181,21
DA:182,21
DA:183,19
DA:184,1
DA:185,0
DA:186,4
DA:188,6
DA:189,25
DA:190,60
DA:191,6
DA:192,32
DA:193,3
DA:194,2
LF:176
LH:173
end_of_record
TN:
SF:src\cli\lib\paginatedListRead.ts
FNF:4
FNH:3
DA:5,184
DA:13,43
DA:14,49
DA:15,86
DA:16,50
DA:30,6
DA:31,6
DA:32,8
DA:33,3
DA:34,41
DA:35,16
DA:36,19
DA:37,4
DA:38,42
DA:39,27
DA:40,61
DA:42,39
DA:43,59
DA:44,58
DA:45,45
DA:46,54
DA:48,20
DA:49,10
DA:50,21
DA:51,34
DA:52,25
DA:53,30
DA:54,39
DA:55,6
DA:56,27
DA:57,41
DA:58,6
DA:59,57
DA:60,59
DA:61,24
DA:62,46
DA:63,16
DA:64,58
DA:65,40
DA:66,34
DA:67,9
DA:68,6
DA:69,4
DA:71,61
DA:72,53
DA:73,10
DA:74,21
DA:75,34
DA:76,25
DA:77,39
DA:78,24
DA:79,38
DA:80,6
DA:81,49
DA:82,14
DA:83,30
DA:84,2
DA:85,16
DA:86,64
DA:87,38
DA:88,32
DA:89,7
DA:90,6
DA:91,2
DA:93,48
DA:94,53
DA:95,43
DA:96,40
DA:98,18
DA:99,59
DA:100,24
DA:101,46
DA:102,14
DA:103,56
DA:104,38
DA:105,32
DA:106,7
DA:107,6
DA:108,0
DA:110,0
DA:111,0
DA:112,0
DA:113,0
DA:114,0
DA:115,0
DA:116,0
DA:117,0
DA:118,0
DA:119,0
LF:89
LH:78
end_of_record
TN:
SF:src\cli\lib\process.test.ts
FNF:22
FNH:22
DA:5,73
DA:6,88
DA:13,33
DA:14,29
DA:15,48
DA:16,70
DA:17,42
DA:18,36
DA:20,60
DA:21,37
DA:22,36
DA:23,15
DA:25,21
DA:26,72
DA:27,32
DA:28,31
DA:29,4
DA:31,20
DA:32,33
DA:33,59
DA:34,4
DA:35,11
DA:36,55
DA:37,2
DA:40,3
DA:42,1
DA:43,6
DA:47,5
DA:48,28
DA:51,69
DA:52,30
DA:53,50
DA:54,43
DA:55,59
DA:56,20
DA:57,53
DA:58,2
DA:59,6
DA:61,59
DA:62,30
DA:63,20
DA:64,18
DA:65,33
DA:66,6
DA:67,4
DA:69,64
DA:70,18
DA:71,51
DA:72,18
DA:73,51
DA:74,1
DA:75,6
DA:77,59
DA:78,46
DA:79,4
DA:81,100
DA:82,41
DA:83,45
DA:84,58
DA:85,14
DA:86,9
DA:87,22
DA:88,21
DA:89,6
DA:90,39
DA:91,2
DA:92,6
DA:93,43
DA:95,18
DA:96,51
DA:97,18
DA:98,51
DA:99,1
DA:100,6
DA:102,53
DA:103,47
DA:104,43
DA:105,4
DA:107,79
DA:108,46
DA:109,45
DA:110,58
DA:111,14
DA:112,9
DA:113,22
DA:114,23
DA:115,6
DA:116,39
DA:117,2
DA:118,6
DA:120,30
DA:121,50
DA:122,43
DA:123,59
DA:124,20
DA:125,53
DA:126,2
DA:127,6
DA:129,53
DA:130,38
DA:131,31
DA:132,41
DA:133,53
DA:134,4
DA:136,80
DA:137,59
DA:138,23
DA:139,18
DA:140,71
DA:141,6
DA:142,4
DA:144,79
DA:145,71
DA:146,23
DA:147,18
DA:148,71
DA:149,6
DA:150,4
DA:152,98
DA:153,41
DA:154,45
DA:155,58
DA:156,14
DA:157,9
DA:158,22
DA:159,21
DA:160,6
DA:161,39
DA:162,2
DA:163,6
DA:165,11
DA:166,34
DA:167,26
DA:168,17
DA:169,41
DA:170,19
DA:171,34
DA:172,56
DA:174,43
DA:175,3
DA:176,2
LF:141
LH:141
end_of_record
TN:
SF:src\cli\lib\process.ts
FNF:15
FNH:10
DA:1,89
DA:8,29
DA:9,41
DA:10,121
DA:18,43
DA:19,56
DA:20,42
DA:22,35
DA:34,20
DA:35,38
DA:38,20
DA:39,48
DA:40,45
DA:42,9
DA:43,50
DA:44,22
DA:45,0
DA:46,0
DA:50,0
DA:51,0
DA:52,0
DA:53,0
DA:54,0
DA:55,0
DA:59,20
DA:60,48
DA:61,68
DA:64,9
DA:65,9
DA:66,25
DA:67,12
DA:68,11
DA:69,12
DA:73,0
DA:74,0
DA:75,0
DA:76,0
DA:77,0
DA:78,0
DA:79,0
DA:80,0
DA:84,0
DA:85,0
DA:86,0
DA:87,0
DA:88,0
DA:89,0
DA:93,0
DA:94,0
DA:95,0
DA:96,0
DA:97,0
DA:98,0
DA:99,0
DA:100,0
DA:101,0
DA:102,0
DA:103,0
DA:104,0
DA:105,1
DA:108,6
DA:109,15
DA:110,3
DA:111,38
DA:112,47
DA:113,59
DA:115,17
DA:116,56
DA:117,0
DA:118,0
DA:119,0
DA:120,0
DA:121,0
DA:122,0
DA:123,4
DA:125,14
DA:126,30
DA:127,11
DA:128,20
DA:129,35
DA:130,1
DA:131,2
DA:133,61
DA:134,39
DA:135,2
DA:137,26
DA:140,6
DA:141,16
DA:142,20
DA:143,8
DA:144,3
DA:145,30
DA:146,15
DA:147,76
DA:148,0
DA:150,0
DA:151,0
DA:152,0
DA:153,0
DA:154,0
DA:156,0
DA:157,0
DA:158,0
DA:159,0
DA:160,0
DA:161,0
DA:162,0
DA:163,0
DA:164,0
DA:166,0
DA:167,0
DA:169,0
DA:170,0
DA:171,0
DA:172,0
DA:173,0
DA:174,0
DA:175,0
DA:176,0
DA:177,0
DA:179,0
DA:180,0
DA:181,0
DA:182,0
DA:183,0
DA:184,0
DA:185,0
DA:186,0
DA:189,0
DA:190,0
DA:191,0
DA:192,0
DA:193,0
DA:195,0
DA:196,0
DA:197,0
DA:198,0
DA:199,0
DA:200,0
DA:201,0
DA:205,0
DA:206,0
DA:207,0
DA:208,0
DA:209,0
DA:210,0
DA:211,0
DA:212,0
DA:213,0
DA:214,0
DA:216,0
DA:217,0
DA:218,0
DA:219,0
DA:220,0
DA:221,0
DA:222,0
DA:223,0
DA:225,0
DA:226,0
DA:229,0
DA:230,0
DA:232,0
DA:233,0
DA:234,0
DA:236,0
DA:237,0
DA:238,0
DA:239,0
DA:240,0
DA:241,0
DA:243,0
DA:244,0
DA:245,0
DA:246,1
DA:253,6
DA:254,15
DA:255,3
DA:256,38
DA:257,52
DA:259,17
DA:260,19
DA:261,72
DA:262,3
DA:263,7
DA:264,36
DA:265,6
DA:266,110
DA:267,8
DA:268,1
DA:269,1
DA:270,2
DA:272,37
DA:273,41
DA:274,19
DA:275,67
DA:276,3
DA:277,7
DA:278,29
DA:279,21
DA:280,1
DA:281,1
DA:282,0
DA:284,0
DA:285,0
DA:286,0
DA:287,0
DA:288,0
DA:289,0
DA:290,0
DA:291,0
DA:292,0
DA:295,0
DA:296,0
DA:297,0
DA:298,0
DA:299,0
DA:300,0
DA:301,0
DA:302,0
DA:304,0
DA:305,0
DA:306,0
DA:307,0
DA:310,0
DA:311,0
DA:313,0
DA:315,0
DA:316,0
DA:317,0
DA:318,0
DA:319,0
LF:232
LH:82
end_of_record
TN:
SF:src\cli\lib\read\boards.ts
FNF:3
FNH:3
DA:3,53
DA:4,84
DA:8,60
DA:9,64
DA:13,6
DA:14,5
DA:15,8
DA:22,3
DA:23,72
DA:24,31
DA:25,5
DA:26,26
DA:27,24
DA:28,39
DA:29,33
DA:30,45
DA:31,20
DA:32,29
DA:33,3
DA:34,7
DA:35,3
LF:21
LH:21
end_of_record
TN:
SF:src\cli\lib\read\search.ts
FNF:5
FNH:5
DA:3,53
DA:4,59
DA:5,83
DA:9,64
DA:10,45
DA:11,37
DA:15,6
DA:16,5
DA:17,12
DA:18,8
DA:27,3
DA:28,72
DA:29,40
DA:30,12
DA:31,74
DA:32,2
DA:34,38
DA:35,39
DA:36,23
DA:37,37
DA:38,12
DA:39,0
DA:40,4
DA:41,33
DA:42,46
DA:43,4
DA:44,28
DA:45,30
DA:46,4
DA:47,16
DA:50,31
DA:51,5
DA:52,19
DA:53,38
DA:54,33
DA:55,44
DA:56,73
DA:57,20
DA:58,29
DA:59,3
DA:60,5
DA:61,25
DA:62,27
DA:63,29
DA:64,24
DA:65,1
DA:66,3
LF:47
LH:46
end_of_record
TN:
SF:src\cli\lib\read\statuses.ts
FNF:2
FNH:2
DA:2,137
DA:8,100
DA:13,81
DA:17,47
DA:21,6
DA:22,5
DA:23,8
DA:24,3
DA:25,72
DA:26,74
DA:27,42
DA:28,27
DA:29,61
DA:30,61
DA:31,36
DA:32,53
DA:33,38
DA:34,30
DA:35,4
LF:19
LH:19
end_of_record
TN:
SF:src\cli\lib\read\tasks.ts
FNF:3
FNH:3
DA:1,71
DA:4,53
DA:5,76
DA:9,53
DA:10,64
DA:14,6
DA:15,5
DA:16,10
DA:17,8
DA:33,3
DA:34,72
DA:35,37
DA:36,71
DA:37,45
DA:38,34
DA:39,2
DA:40,51
DA:41,40
DA:42,2
DA:43,47
DA:44,34
DA:45,2
DA:46,47
DA:47,34
DA:48,2
DA:49,26
DA:50,54
DA:51,2
DA:52,34
DA:53,50
DA:54,2
DA:55,69
DA:56,63
DA:58,31
DA:59,5
DA:60,26
DA:61,62
DA:62,24
DA:63,32
DA:64,32
DA:65,38
DA:66,49
DA:67,3
DA:68,5
DA:69,25
DA:70,27
DA:71,29
DA:72,24
DA:73,1
DA:74,3
LF:50
LH:50
end_of_record
TN:
SF:src\cli\lib\runtime.test.ts
FNF:5
FNH:5
DA:1,61
DA:2,61
DA:3,48
DA:4,68
DA:6,40
DA:7,55
DA:8,64
DA:9,42
DA:10,40
DA:11,30
DA:12,29
DA:13,3
DA:14,3
DA:16,37
DA:17,20
DA:18,25
DA:19,4
DA:21,45
DA:22,69
DA:23,34
DA:24,41
DA:25,29
DA:26,3
DA:27,2
LF:24
LH:24
end_of_record
TN:
SF:src\cli\lib\runtime.ts
FNF:2
FNH:2
DA:7,90
DA:9,81
DA:14,62
DA:15,43
DA:20,6
DA:21,16
DA:22,3
DA:23,12
DA:24,39
DA:25,25
DA:26,42
DA:27,54
DA:28,43
DA:29,47
DA:30,30
DA:31,2
DA:35,6
DA:36,16
DA:37,3
DA:38,12
DA:39,27
DA:40,17
DA:41,25
DA:42,61
DA:43,23
DA:44,29
DA:45,49
DA:46,11
DA:47,1
LF:29
LH:29
end_of_record
TN:
SF:src\cli\lib\testHelpers.ts
FNF:4
FNH:3
DA:5,13
DA:6,15
DA:7,57
DA:8,23
DA:9,10
DA:10,10
DA:11,5
DA:12,7
DA:13,27
DA:14,5
DA:15,4
DA:16,14
DA:18,9
DA:19,23
DA:20,5
DA:21,32
DA:23,11
DA:26,0
DA:27,0
DA:28,0
DA:29,0
DA:30,0
DA:31,0
DA:32,0
DA:33,0
DA:34,0
DA:35,0
DA:36,0
DA:37,0
DA:38,0
DA:39,0
DA:40,0
DA:41,0
DA:42,0
DA:43,0
LF:35
LH:17
end_of_record
TN:
SF:src\cli\lib\text-input-body.test.ts
FNF:16
FNH:16
DA:1,50
DA:2,53
DA:3,33
DA:4,33
DA:5,76
DA:9,42
DA:10,35
DA:13,10
DA:17,3
DA:18,46
DA:19,23
DA:20,27
DA:21,26
DA:22,2
DA:25,1
DA:26,10
DA:27,3
DA:28,39
DA:31,72
DA:32,51
DA:33,51
DA:34,4
DA:36,43
DA:37,63
DA:38,21
DA:39,17
DA:40,5
DA:41,4
DA:43,41
DA:44,70
DA:45,21
DA:46,18
DA:47,5
DA:48,4
DA:50,42
DA:51,65
DA:52,22
DA:53,12
DA:54,5
DA:55,4
DA:57,43
DA:58,12
DA:59,51
DA:60,24
DA:61,11
DA:62,56
DA:63,17
DA:64,29
DA:65,31
DA:66,8
DA:68,3
DA:69,3
DA:71,52
DA:72,44
DA:73,13
DA:74,47
DA:75,28
DA:76,4
DA:78,47
DA:79,60
DA:80,42
DA:81,13
DA:82,47
DA:83,31
DA:84,18
DA:85,42
DA:86,35
DA:87,19
DA:88,6
DA:89,6
DA:90,4
DA:92,41
DA:93,60
DA:94,38
DA:95,48
DA:96,73
DA:97,14
DA:98,5
DA:99,3
DA:100,2
LF:80
LH:80
end_of_record
TN:
SF:src\cli\lib\textTable.test.ts
FNF:7
FNH:7
DA:1,50
DA:2,49
DA:4,38
DA:5,45
DA:6,54
DA:7,4
DA:9,65
DA:10,31
DA:11,24
DA:12,7
DA:13,44
DA:14,46
DA:15,1
DA:16,6
DA:17,32
DA:18,34
DA:19,34
DA:20,31
DA:21,29
DA:22,4
DA:24,71
DA:25,31
DA:26,39
DA:27,37
DA:28,6
DA:29,34
DA:30,4
DA:32,40
DA:33,31
DA:34,12
DA:35,39
DA:36,11
DA:37,6
DA:38,56
DA:39,4
DA:41,65
DA:42,31
DA:43,6
DA:44,7
DA:45,44
DA:46,43
DA:47,1
DA:48,6
DA:49,32
DA:50,50
DA:51,4
DA:53,45
DA:54,31
DA:55,7
DA:56,28
DA:57,3
DA:58,7
DA:59,42
DA:60,40
DA:61,1
DA:62,6
DA:63,35
DA:64,3
DA:65,2
LF:59
LH:59
end_of_record
TN:
SF:src\cli\lib\textTable.ts
FNF:6
FNH:6
DA:5,14
DA:6,66
DA:7,21
DA:8,48
DA:9,55
DA:10,16
DA:13,12
DA:14,42
DA:15,33
DA:16,51
DA:22,6
DA:23,6
DA:24,9
DA:25,13
DA:26,3
DA:27,27
DA:28,17
DA:29,2
DA:30,17
DA:31,9
DA:32,80
DA:33,4
DA:34,65
DA:35,28
DA:36,21
DA:37,69
DA:38,14
DA:39,22
DA:40,2
DA:41,29
DA:42,35
DA:43,21
DA:44,2
DA:45,2
DA:46,19
LF:35
LH:35
end_of_record
TN:
SF:src\cli\lib\trashCommands.breadth.test.ts
FNF:48
FNH:48
DA:4,61
DA:6,62
DA:7,42
DA:8,48
DA:9,168
DA:20,37
DA:22,8
DA:23,15
DA:24,57
DA:25,23
DA:26,10
DA:27,10
DA:28,5
DA:29,7
DA:30,27
DA:31,5
DA:32,4
DA:33,14
DA:35,9
DA:36,23
DA:37,5
DA:38,32
DA:40,10
DA:43,11
DA:44,40
DA:47,59
DA:48,59
DA:49,96
DA:50,18
DA:51,71
DA:52,6
DA:53,4
DA:55,59
DA:56,90
DA:57,18
DA:58,68
DA:59,6
DA:60,3
DA:61,3
DA:63,59
DA:64,36
DA:66,1
DA:67,6
DA:71,5
DA:72,28
DA:75,20
DA:76,33
DA:77,25
DA:78,4
DA:80,34
DA:81,5
DA:82,16
DA:83,14
DA:84,14
DA:85,42
DA:86,42
DA:87,20
DA:88,45
DA:89,11
DA:90,4
DA:92,34
DA:93,5
DA:94,16
DA:95,14
DA:96,14
DA:97,42
DA:98,42
DA:99,20
DA:100,14
DA:101,14
DA:102,9
DA:103,15
DA:104,18
DA:105,19
DA:106,19
DA:107,17
DA:108,22
DA:109,23
DA:110,17
DA:111,46
DA:112,43
DA:113,5
DA:114,3
DA:115,4
DA:117,48
DA:118,30
DA:119,58
DA:120,22
DA:121,18
DA:122,13
DA:123,25
DA:124,22
DA:125,22
DA:126,24
DA:127,23
DA:128,27
DA:129,33
DA:130,26
DA:131,26
DA:132,9
DA:133,10
DA:134,17
DA:135,18
DA:136,15
DA:137,8
DA:138,51
DA:139,20
DA:140,53
DA:141,2
DA:142,6
DA:143,77
DA:144,68
DA:145,33
DA:146,44
DA:147,19
DA:148,16
DA:149,16
DA:150,18
DA:151,17
DA:152,21
DA:153,27
DA:154,20
DA:155,20
DA:156,6
DA:157,4
DA:159,48
DA:160,30
DA:161,58
DA:162,22
DA:163,18
DA:164,13
DA:165,25
DA:166,22
DA:167,23
DA:168,24
DA:169,23
DA:170,27
DA:171,33
DA:172,22
DA:173,26
DA:174,32
DA:175,26
DA:176,26
DA:177,9
DA:178,10
DA:179,17
DA:180,18
DA:181,15
DA:182,8
DA:183,51
DA:184,20
DA:185,53
DA:186,2
DA:187,6
DA:188,77
DA:189,68
DA:190,33
DA:191,44
DA:192,19
DA:193,16
DA:194,17
DA:195,18
DA:196,17
DA:197,21
DA:198,27
DA:199,16
DA:200,20
DA:201,26
DA:202,20
DA:203,20
DA:204,6
DA:205,4
DA:207,74
DA:208,21
DA:209,17
DA:210,19
DA:211,16
DA:212,44
DA:213,44
DA:214,22
DA:215,16
DA:216,13
DA:217,6
DA:218,36
DA:219,30
DA:220,51
DA:221,42
DA:222,20
DA:223,76
DA:224,64
DA:225,1
DA:226,6
DA:227,41
DA:228,54
DA:229,22
DA:230,55
DA:231,2
DA:232,0
DA:233,0
DA:234,6
DA:235,37
DA:236,49
DA:237,6
DA:238,89
DA:239,4
DA:241,56
DA:242,36
DA:243,61
DA:244,42
DA:245,42
DA:246,6
DA:247,37
DA:248,47
DA:249,6
DA:250,46
DA:251,15
DA:252,41
DA:253,6
DA:254,4
DA:256,63
DA:257,35
DA:258,36
DA:259,30
DA:260,50
DA:261,42
DA:262,20
DA:263,26
DA:264,22
DA:265,53
DA:266,17
DA:267,4
DA:268,64
DA:269,1
DA:270,6
DA:271,42
DA:272,54
DA:273,22
DA:274,55
DA:275,2
DA:276,0
DA:277,0
DA:278,6
DA:279,37
DA:280,49
DA:281,6
DA:282,88
DA:283,4
DA:285,54
DA:286,36
DA:287,60
DA:288,42
DA:289,42
DA:290,6
DA:291,37
DA:292,47
DA:293,6
DA:294,46
DA:295,15
DA:296,39
DA:297,6
DA:298,4
DA:300,63
DA:301,35
DA:302,36
DA:303,30
DA:304,50
DA:305,42
DA:306,20
DA:307,26
DA:308,22
DA:309,53
DA:310,17
DA:311,4
DA:312,64
DA:313,1
DA:314,6
DA:315,42
DA:316,54
DA:317,22
DA:318,55
DA:319,2
DA:320,0
DA:321,0
DA:322,6
DA:323,37
DA:324,49
DA:325,6
DA:326,88
DA:327,4
DA:329,54
DA:330,36
DA:331,60
DA:332,42
DA:333,42
DA:334,6
DA:335,37
DA:336,47
DA:337,6
DA:338,46
DA:339,15
DA:340,39
DA:341,6
DA:342,3
DA:343,2
LF:304
LH:298
end_of_record
TN:
SF:src\cli\lib\trashCommands.fetch.test.ts
FNF:11
FNH:11
DA:1,61
DA:2,62
DA:3,48
DA:4,49
DA:6,37
DA:8,8
DA:9,15
DA:10,57
DA:11,23
DA:12,10
DA:13,10
DA:14,5
DA:15,7
DA:16,27
DA:17,5
DA:18,4
DA:19,14
DA:21,9
DA:22,23
DA:23,5
DA:24,32
DA:26,11
DA:29,58
DA:30,36
DA:32,1
DA:33,6
DA:37,5
DA:38,28
DA:41,20
DA:42,33
DA:43,25
DA:44,4
DA:46,67
DA:47,20
DA:48,9
DA:49,22
DA:50,14
DA:51,24
DA:52,18
DA:53,20
DA:54,46
DA:55,22
DA:56,5
DA:57,6
DA:59,24
DA:60,18
DA:61,25
DA:62,25
DA:63,13
DA:64,6
DA:65,30
DA:66,50
DA:67,49
DA:68,55
DA:69,20
DA:70,53
DA:71,2
DA:72,6
DA:74,78
DA:75,68
DA:76,33
DA:77,49
DA:78,3
DA:79,2
LF:64
LH:64
end_of_record
TN:
SF:src\cli\lib\trashCommands.test.ts
FNF:6
FNH:6
DA:1,50
DA:3,93
DA:8,45
DA:9,60
DA:10,54
DA:11,52
DA:12,4
DA:14,83
DA:15,67
DA:16,60
DA:17,4
DA:19,80
DA:20,20
DA:21,9
DA:22,22
DA:23,19
DA:24,18
DA:25,22
DA:26,20
DA:27,22
DA:28,22
DA:29,5
DA:30,6
DA:31,65
DA:32,63
DA:33,4
DA:35,68
DA:36,12
DA:37,40
DA:38,34
DA:39,3
DA:40,2
LF:32
LH:32
end_of_record
TN:
SF:src\cli\lib\trashCommands.ts
FNF:29
FNH:28
DA:9,42
DA:10,43
DA:11,99
DA:16,182
DA:24,63
DA:25,49
DA:26,36
DA:27,107
DA:33,51
DA:36,19
DA:37,28
DA:38,25
DA:39,16
DA:40,2
DA:41,7
DA:44,6
DA:45,10
DA:46,6
DA:47,3
DA:48,45
DA:49,60
DA:50,14
DA:51,70
DA:52,29
DA:53,19
DA:54,2
DA:55,2
DA:56,18
DA:59,0
DA:60,0
DA:61,0
DA:62,0
DA:63,0
DA:64,0
DA:65,0
DA:66,0
DA:67,0
DA:68,0
DA:69,0
DA:70,0
DA:71,0
DA:72,0
DA:73,0
DA:74,0
DA:78,1
DA:79,5
DA:80,6
DA:81,9
DA:82,3
DA:83,55
DA:84,31
DA:85,14
DA:86,0
DA:87,0
DA:88,1
DA:91,6
DA:92,5
DA:93,5
DA:100,3
DA:101,25
DA:102,31
DA:103,5
DA:104,26
DA:105,30
DA:106,39
DA:107,34
DA:108,45
DA:109,20
DA:110,29
DA:111,3
DA:112,4
DA:113,4
DA:116,6
DA:117,5
DA:118,5
DA:125,3
DA:126,25
DA:127,31
DA:128,5
DA:129,26
DA:130,29
DA:131,38
DA:132,33
DA:133,44
DA:134,20
DA:135,29
DA:136,3
DA:137,4
DA:138,4
DA:141,6
DA:142,5
DA:143,5
DA:150,3
DA:151,25
DA:152,31
DA:153,5
DA:154,26
DA:155,29
DA:156,38
DA:157,33
DA:158,44
DA:159,20
DA:160,29
DA:161,3
DA:162,4
DA:163,4
DA:166,6
DA:167,5
DA:168,5
DA:172,3
DA:173,33
DA:174,14
DA:175,72
DA:176,33
DA:177,2
DA:178,2
DA:179,25
DA:180,69
DA:181,45
DA:185,43
DA:186,20
DA:187,8
DA:188,4
DA:189,74
DA:190,64
DA:193,6
DA:194,5
DA:195,5
DA:199,3
DA:200,33
DA:201,9
DA:202,0
DA:203,0
DA:204,0
DA:205,2
DA:206,25
DA:207,69
DA:208,30
DA:209,35
DA:210,5
DA:211,18
DA:212,3
DA:213,8
DA:214,4
DA:215,19
DA:216,13
DA:217,52
DA:218,5
DA:221,6
DA:222,5
DA:223,5
DA:227,3
DA:228,57
DA:229,25
DA:230,0
DA:231,0
DA:232,0
DA:233,0
DA:234,2
DA:235,25
DA:236,45
DA:240,66
DA:241,74
DA:242,65
DA:243,10
DA:244,0
DA:245,0
DA:246,0
DA:247,0
DA:248,0
DA:249,2
DA:250,14
DA:251,13
DA:252,5
DA:253,27
DA:254,27
DA:255,34
DA:256,3
DA:257,23
DA:258,1
DA:259,4
DA:262,6
DA:263,5
DA:264,5
DA:268,3
DA:269,57
DA:270,25
DA:271,0
DA:272,0
DA:273,0
DA:274,0
DA:275,2
DA:276,25
DA:277,30
DA:278,26
DA:279,5
DA:280,18
DA:281,3
DA:282,8
DA:283,4
DA:284,19
DA:285,13
DA:286,34
DA:287,5
DA:290,6
DA:291,5
DA:292,5
DA:296,3
DA:297,57
DA:298,25
DA:299,0
DA:300,0
DA:301,0
DA:302,0
DA:303,2
DA:304,25
DA:305,45
DA:309,66
DA:310,74
DA:311,65
DA:312,10
DA:313,0
DA:314,0
DA:315,0
DA:316,0
DA:317,0
DA:318,2
DA:319,14
DA:320,13
DA:321,5
DA:322,27
DA:323,27
DA:324,34
DA:325,3
DA:326,23
DA:327,1
DA:328,4
DA:331,6
DA:332,5
DA:333,5
DA:337,3
DA:338,57
DA:339,25
DA:340,0
DA:341,0
DA:342,0
DA:343,0
DA:344,2
DA:345,25
DA:346,30
DA:347,26
DA:348,5
DA:349,18
DA:350,3
DA:351,8
DA:352,4
DA:353,19
DA:354,13
DA:355,34
DA:356,4
LF:260
LH:213
end_of_record
TN:
SF:src\cli\lib\tty.ts
FNF:1
FNH:1
DA:5,11
DA:6,59
LF:2
LH:2
end_of_record
TN:
SF:src\cli\lib\validation.test.ts
FNF:4
FNH:4
DA:1,50
DA:2,42
DA:3,36
DA:4,55
DA:6,43
DA:7,51
DA:8,31
DA:9,53
DA:10,47
DA:11,49
DA:12,5
DA:13,4
DA:15,59
DA:16,12
DA:17,31
DA:18,43
DA:19,1
DA:20,24
DA:22,11
DA:23,33
DA:24,48
DA:25,8
DA:26,17
DA:27,41
DA:28,20
DA:29,35
DA:30,71
DA:31,47
DA:32,53
DA:34,3
DA:35,2
LF:31
LH:31
end_of_record
TN:
SF:src\cli\lib\validation.ts
FNF:1
FNH:1
DA:1,42
DA:2,36
DA:9,6
DA:10,7
DA:11,3
DA:12,72
DA:13,40
DA:14,19
DA:15,64
DA:16,3
DA:17,42
DA:18,1
DA:19,2
DA:20,1
LF:14
LH:14
end_of_record
TN:
SF:src\cli\lib\write-result.test.ts
FNF:9
FNH:9
DA:1,50
DA:3,184
DA:14,34
DA:15,52
DA:16,21
DA:17,17
DA:18,22
DA:19,16
DA:20,23
DA:21,21
DA:22,18
DA:23,6
DA:24,49
DA:25,20
DA:26,17
DA:27,15
DA:28,16
DA:29,18
DA:30,21
DA:31,18
DA:32,5
DA:33,4
DA:35,57
DA:36,20
DA:37,16
DA:38,16
DA:39,15
DA:40,15
DA:41,6
DA:42,47
DA:43,19
DA:44,16
DA:45,16
DA:46,15
DA:47,15
DA:48,5
DA:49,4
DA:51,59
DA:52,17
DA:53,19
DA:54,17
DA:55,20
DA:56,32
DA:57,18
DA:58,6
DA:59,47
DA:60,22
DA:61,19
DA:62,17
DA:63,20
DA:64,32
DA:65,18
DA:66,5
DA:67,4
DA:69,70
DA:70,20
DA:71,16
DA:72,16
DA:73,17
DA:74,20
DA:75,21
DA:76,17
DA:77,15
DA:78,15
DA:79,21
DA:80,21
DA:81,23
DA:82,23
DA:83,23
DA:84,6
DA:85,53
DA:86,19
DA:87,16
DA:88,18
DA:89,18
DA:90,5
DA:91,3
DA:92,3
DA:94,65
DA:95,40
DA:96,30
DA:97,43
DA:98,7
DA:99,20
DA:100,17
DA:101,16
DA:102,16
DA:103,18
DA:104,21
DA:105,18
DA:106,1
DA:107,6
DA:108,32
DA:109,15
DA:110,17
DA:111,21
DA:112,26
DA:113,17
DA:114,22
DA:115,19
DA:116,18
DA:117,18
DA:118,20
DA:119,23
DA:120,20
DA:121,5
DA:122,5
DA:123,4
DA:125,37
DA:126,7
DA:127,19
DA:128,45
DA:129,2
DA:130,1
DA:131,17
DA:132,15
DA:133,17
DA:134,23
DA:135,26
DA:136,61
DA:137,5
DA:138,4
DA:140,51
DA:141,39
DA:142,66
DA:143,7
DA:144,60
DA:145,17
DA:146,15
DA:147,17
DA:148,21
DA:149,26
DA:150,14
DA:151,5
DA:152,3
DA:153,2
LF:136
LH:136
end_of_record
TN:
SF:src\cli\lib\write-result.ts
FNF:8
FNH:8
DA:85,16
DA:86,12
DA:87,18
DA:88,27
DA:89,27
DA:90,21
DA:91,31
DA:92,31
DA:93,28
DA:94,2
DA:97,15
DA:98,12
DA:99,17
DA:100,24
DA:101,20
DA:102,22
DA:103,22
DA:104,27
DA:105,2
DA:108,15
DA:109,12
DA:110,17
DA:111,24
DA:112,24
DA:113,26
DA:114,32
DA:115,24
DA:116,22
DA:117,20
DA:118,30
DA:119,30
DA:120,30
DA:121,30
DA:122,33
DA:123,2
DA:126,12
DA:127,12
DA:128,20
DA:129,27
DA:130,17
DA:131,19
DA:132,31
DA:133,24
DA:134,2
DA:138,6
DA:139,7
DA:140,18
DA:141,3
DA:142,32
DA:143,20
DA:144,32
DA:145,15
DA:146,3
DA:149,6
DA:150,7
DA:151,8
DA:152,3
DA:153,12
DA:154,13
DA:155,27
DA:156,32
DA:157,36
DA:158,8
DA:159,2
DA:169,6
DA:170,6
DA:171,4
DA:172,6
DA:173,3
DA:174,26
DA:175,58
DA:176,2
DA:177,25
DA:178,50
DA:179,2
DA:180,51
DA:183,6
DA:184,7
DA:185,9
DA:186,3
DA:187,12
DA:188,13
DA:189,27
DA:190,32
DA:191,36
DA:192,9
DA:193,1
LF:87
LH:87
end_of_record
TN:
SF:src\cli\lib\writeCommands.breadth.test.ts
FNF:172
FNH:172
DA:5,61
DA:6,33
DA:7,33
DA:8,61
DA:9,78
DA:11,59
DA:12,62
DA:13,46
DA:14,42
DA:15,80
DA:16,306
DA:35,37
DA:37,11
DA:38,40
DA:41,59
DA:42,52
DA:43,91
DA:44,18
DA:45,71
DA:46,6
DA:47,4
DA:49,53
DA:50,92
DA:51,18
DA:52,71
DA:53,6
DA:54,4
DA:56,61
DA:57,13
DA:58,70
DA:59,31
DA:60,18
DA:61,71
DA:62,7
DA:63,13
DA:64,70
DA:65,31
DA:66,18
DA:67,71
DA:68,6
DA:69,4
DA:71,57
DA:72,95
DA:73,18
DA:74,71
DA:75,6
DA:76,4
DA:78,62
DA:79,89
DA:80,18
DA:81,70
DA:82,6
DA:83,4
DA:85,60
DA:86,13
DA:87,57
DA:88,31
DA:89,18
DA:90,70
DA:91,6
DA:92,4
DA:94,60
DA:95,13
DA:96,57
DA:97,31
DA:98,18
DA:99,70
DA:100,6
DA:101,4
DA:103,52
DA:104,13
DA:105,54
DA:106,31
DA:107,18
DA:108,71
DA:109,6
DA:110,4
DA:112,63
DA:113,13
DA:114,63
DA:115,31
DA:116,18
DA:117,70
DA:118,6
DA:119,4
DA:121,65
DA:122,13
DA:123,25
DA:124,14
DA:125,17
DA:126,18
DA:127,18
DA:128,14
DA:129,2
DA:130,31
DA:131,18
DA:132,80
DA:133,6
DA:134,4
DA:136,55
DA:137,13
DA:138,55
DA:139,31
DA:140,18
DA:141,71
DA:142,6
DA:143,4
DA:145,65
DA:146,13
DA:147,25
DA:148,14
DA:149,17
DA:150,18
DA:151,18
DA:152,18
DA:153,14
DA:154,2
DA:155,31
DA:156,18
DA:157,80
DA:158,6
DA:159,4
DA:161,92
DA:162,13
DA:163,28
DA:164,14
DA:165,17
DA:166,29
DA:167,20
DA:168,2
DA:169,31
DA:170,18
DA:171,81
DA:172,6
DA:173,4
DA:175,68
DA:176,13
DA:177,64
DA:178,31
DA:179,18
DA:180,67
DA:181,6
DA:182,4
DA:184,63
DA:185,13
DA:186,24
DA:187,14
DA:188,17
DA:189,16
DA:190,17
DA:191,16
DA:192,37
DA:193,2
DA:194,31
DA:195,18
DA:196,79
DA:197,6
DA:198,4
DA:200,70
DA:201,13
DA:202,30
DA:203,14
DA:204,17
DA:205,21
DA:206,20
DA:207,2
DA:208,31
DA:209,18
DA:210,68
DA:211,6
DA:212,3
DA:213,3
DA:215,71
DA:216,36
DA:218,1
DA:219,6
DA:223,5
DA:224,28
DA:227,20
DA:228,33
DA:229,27
DA:230,30
DA:231,4
DA:233,18
DA:234,7
DA:236,5
DA:237,42
DA:238,42
DA:239,20
DA:240,14
DA:241,17
DA:242,3
DA:243,4
DA:245,52
DA:246,19
DA:247,16
DA:248,19
DA:249,15
DA:250,20
DA:251,18
DA:252,32
DA:253,24
DA:254,6
DA:255,30
DA:256,62
DA:257,55
DA:258,20
DA:259,24
DA:260,21
DA:261,17
DA:262,17
DA:263,15
DA:264,4
DA:265,64
DA:266,1
DA:267,6
DA:268,37
DA:269,46
DA:270,6
DA:271,77
DA:272,4
DA:274,59
DA:275,36
DA:276,62
DA:277,40
DA:278,20
DA:279,24
DA:280,19
DA:281,24
DA:282,51
DA:283,67
DA:284,4
DA:285,64
DA:286,1
DA:287,6
DA:288,37
DA:289,62
DA:290,6
DA:291,37
DA:292,28
DA:293,38
DA:294,4
DA:296,50
DA:297,36
DA:298,64
DA:299,41
DA:300,50
DA:301,40
DA:302,20
DA:303,24
DA:304,19
DA:305,24
DA:306,51
DA:307,67
DA:308,4
DA:309,64
DA:310,1
DA:311,6
DA:312,37
DA:313,27
DA:314,18
DA:315,18
DA:316,18
DA:317,19
DA:318,1
DA:319,6
DA:320,62
DA:321,4
DA:323,66
DA:324,36
DA:325,64
DA:326,42
DA:327,20
DA:328,24
DA:329,19
DA:330,24
DA:331,51
DA:332,22
DA:333,4
DA:334,64
DA:335,1
DA:336,6
DA:337,37
DA:338,61
DA:339,6
DA:340,37
DA:341,39
DA:342,4
DA:344,48
DA:345,31
DA:346,17
DA:347,16
DA:348,16
DA:349,60
DA:350,7
DA:351,36
DA:352,66
DA:353,39
DA:354,50
DA:355,34
DA:356,42
DA:357,52
DA:358,20
DA:359,53
DA:360,2
DA:361,6
DA:362,37
DA:363,25
DA:364,18
DA:365,17
DA:366,18
DA:367,15
DA:368,1
DA:369,6
DA:370,62
DA:371,4
DA:373,48
DA:374,36
DA:375,63
DA:376,40
DA:377,50
DA:378,34
DA:379,35
DA:380,39
DA:381,20
DA:382,24
DA:383,19
DA:384,25
DA:385,51
DA:386,19
DA:387,21
DA:388,20
DA:389,21
DA:390,25
DA:391,19
DA:392,24
DA:393,25
DA:394,19
DA:395,48
DA:396,45
DA:397,7
DA:398,4
DA:399,64
DA:400,1
DA:401,6
DA:402,37
DA:403,24
DA:404,18
DA:405,19
DA:406,16
DA:407,17
DA:408,18
DA:409,1
DA:410,6
DA:411,88
DA:412,4
DA:414,46
DA:415,36
DA:416,65
DA:417,41
DA:418,77
DA:419,20
DA:420,24
DA:421,19
DA:422,25
DA:423,51
DA:424,19
DA:425,20
DA:426,20
DA:427,21
DA:428,23
DA:429,19
DA:430,24
DA:431,25
DA:432,19
DA:433,48
DA:434,45
DA:435,7
DA:436,4
DA:437,64
DA:438,1
DA:439,6
DA:440,37
DA:441,27
DA:442,18
DA:443,19
DA:444,18
DA:445,16
DA:446,1
DA:447,6
DA:448,62
DA:449,4
DA:451,66
DA:452,36
DA:453,65
DA:454,42
DA:455,20
DA:456,24
DA:457,19
DA:458,25
DA:459,51
DA:460,22
DA:461,4
DA:462,64
DA:463,1
DA:464,6
DA:465,37
DA:466,62
DA:467,6
DA:468,52
DA:469,29
DA:470,6
DA:471,4
DA:473,45
DA:474,31
DA:475,17
DA:476,18
DA:477,16
DA:478,16
DA:479,11
DA:480,20
DA:481,20
DA:482,21
DA:483,21
DA:484,19
DA:485,24
DA:486,25
DA:487,19
DA:488,48
DA:489,45
DA:490,7
DA:491,5
DA:492,7
DA:493,36
DA:494,68
DA:495,39
DA:496,50
DA:497,34
DA:498,36
DA:499,52
DA:500,20
DA:501,53
DA:502,2
DA:503,6
DA:504,37
DA:505,25
DA:506,18
DA:507,19
DA:508,18
DA:509,15
DA:510,1
DA:511,6
DA:512,62
DA:513,4
DA:515,46
DA:516,31
DA:517,17
DA:518,16
DA:519,19
DA:520,7
DA:521,36
DA:522,55
DA:523,41
DA:524,52
DA:525,20
DA:526,53
DA:527,2
DA:528,6
DA:529,37
DA:530,65
DA:531,6
DA:532,62
DA:533,4
DA:535,49
DA:536,68
DA:537,18
DA:538,36
DA:539,32
DA:540,70
DA:541,19
DA:542,42
DA:543,6
DA:545,4
DA:546,32
DA:547,40
DA:548,9
DA:549,19
DA:550,54
DA:551,22
DA:552,55
DA:553,2
DA:554,0
DA:555,0
DA:556,6
DA:557,37
DA:558,50
DA:559,6
DA:560,26
DA:561,52
DA:562,30
DA:563,6
DA:564,4
DA:566,63
DA:567,66
DA:568,36
DA:569,62
DA:570,41
DA:571,52
DA:572,20
DA:573,53
DA:574,2
DA:575,6
DA:577,38
DA:578,18
DA:579,18
DA:580,18
DA:581,28
DA:582,29
DA:583,7
DA:584,37
DA:585,63
DA:586,6
DA:587,62
DA:588,4
DA:590,65
DA:591,66
DA:592,36
DA:593,66
DA:594,41
DA:595,50
DA:596,46
DA:597,52
DA:598,20
DA:599,53
DA:600,2
DA:601,6
DA:602,37
DA:603,64
DA:604,6
DA:605,62
DA:606,4
DA:608,46
DA:609,36
DA:610,64
DA:611,40
DA:612,20
DA:613,24
DA:614,19
DA:615,23
DA:616,51
DA:617,19
DA:618,23
DA:619,22
DA:620,45
DA:621,7
DA:622,4
DA:623,64
DA:624,1
DA:625,6
DA:626,37
DA:627,60
DA:628,6
DA:629,52
DA:630,15
DA:631,17
DA:632,21
DA:633,58
DA:634,6
DA:635,4
DA:637,51
DA:638,36
DA:639,66
DA:640,41
DA:641,20
DA:642,24
DA:643,19
DA:644,23
DA:645,51
DA:646,19
DA:647,23
DA:648,22
DA:649,45
DA:650,7
DA:651,4
DA:652,64
DA:653,1
DA:654,6
DA:655,37
DA:656,79
DA:657,6
DA:658,52
DA:659,15
DA:660,44
DA:661,6
DA:662,4
DA:664,71
DA:665,36
DA:666,66
DA:667,42
DA:668,20
DA:669,24
DA:670,19
DA:671,23
DA:672,51
DA:673,25
DA:674,4
DA:675,64
DA:676,1
DA:677,6
DA:678,37
DA:679,66
DA:680,6
DA:681,46
DA:682,15
DA:683,17
DA:684,21
DA:685,49
DA:686,60
DA:687,6
DA:688,4
DA:690,65
DA:691,44
DA:692,37
DA:693,49
DA:694,80
DA:695,40
DA:696,20
DA:697,24
DA:698,19
DA:699,25
DA:700,51
DA:701,19
DA:702,20
DA:703,20
DA:704,21
DA:705,21
DA:706,19
DA:707,24
DA:708,25
DA:709,19
DA:710,48
DA:711,45
DA:712,7
DA:713,4
DA:714,64
DA:715,1
DA:716,6
DA:717,25
DA:718,24
DA:719,18
DA:720,19
DA:721,16
DA:722,17
DA:723,14
DA:724,1
DA:725,5
DA:726,4
DA:728,64
DA:729,56
DA:730,31
DA:731,17
DA:732,18
DA:733,23
DA:734,7
DA:735,36
DA:736,57
DA:737,41
DA:738,50
DA:739,36
DA:740,52
DA:741,20
DA:742,53
DA:743,2
DA:744,6
DA:745,37
DA:746,28
DA:747,18
DA:748,19
DA:749,20
DA:750,1
DA:751,6
DA:752,33
DA:753,33
DA:754,4
DA:756,61
DA:757,56
DA:758,69
DA:759,36
DA:760,32
DA:761,71
DA:762,42
DA:763,6
DA:764,86
DA:765,54
DA:766,22
DA:767,55
DA:768,2
DA:769,0
DA:770,0
DA:771,6
DA:772,37
DA:773,51
DA:774,6
DA:775,36
DA:776,4
DA:778,56
DA:779,67
DA:780,38
DA:781,18
DA:782,18
DA:783,18
DA:784,28
DA:785,29
DA:786,7
DA:787,62
DA:788,46
DA:789,45
DA:790,11
DA:791,38
DA:792,65
DA:793,43
DA:794,54
DA:795,22
DA:796,55
DA:797,2
DA:798,8
DA:799,37
DA:800,65
DA:801,8
DA:802,72
DA:803,7
DA:804,53
DA:806,4
DA:808,74
DA:809,67
DA:810,45
DA:811,73
DA:812,7
DA:813,36
DA:814,67
DA:815,50
DA:816,50
DA:817,56
DA:818,52
DA:819,20
DA:820,53
DA:821,2
DA:822,6
DA:823,37
DA:824,75
DA:825,6
DA:826,62
DA:827,4
DA:829,57
DA:830,37
DA:831,62
DA:832,21
DA:833,21
DA:834,9
DA:835,20
DA:836,24
DA:837,19
DA:838,24
DA:839,51
DA:840,68
DA:841,4
DA:842,64
DA:843,1
DA:844,6
DA:845,37
DA:846,24
DA:847,18
DA:848,18
DA:849,19
DA:850,19
DA:851,1
DA:852,6
DA:853,62
DA:854,4
DA:856,54
DA:857,31
DA:858,17
DA:859,17
DA:860,16
DA:861,16
DA:862,56
DA:863,54
DA:864,5
DA:865,7
DA:866,37
DA:867,50
DA:868,34
DA:869,41
DA:870,52
DA:871,20
DA:872,53
DA:873,2
DA:874,6
DA:875,25
DA:876,25
DA:877,18
DA:878,18
DA:879,18
DA:880,14
DA:881,1
DA:882,5
DA:883,4
DA:885,66
DA:886,31
DA:887,17
DA:888,18
DA:889,16
DA:890,60
DA:891,7
DA:892,18
DA:893,37
DA:894,17
DA:895,50
DA:896,25
DA:897,42
DA:898,47
DA:899,15
DA:900,41
DA:901,54
DA:903,52
DA:904,20
DA:905,53
DA:906,2
DA:907,6
DA:908,25
DA:909,25
DA:910,18
DA:911,19
DA:912,18
DA:913,15
DA:914,1
DA:915,6
DA:916,25
DA:917,25
DA:918,18
DA:919,19
DA:920,18
DA:921,14
DA:922,1
DA:923,6
DA:924,25
DA:925,4
DA:927,68
DA:928,37
DA:929,50
DA:930,38
DA:931,37
DA:932,20
DA:933,24
DA:934,19
DA:935,25
DA:936,51
DA:937,19
DA:938,20
DA:939,20
DA:940,21
DA:941,21
DA:942,19
DA:943,24
DA:944,25
DA:945,19
DA:946,48
DA:947,45
DA:948,7
DA:949,4
DA:950,64
DA:951,1
DA:952,6
DA:953,25
DA:954,24
DA:955,18
DA:956,19
DA:957,16
DA:958,17
DA:959,17
DA:960,20
DA:961,18
DA:962,1
DA:963,5
DA:964,4
DA:966,81
DA:967,21
DA:968,36
DA:969,32
DA:970,72
DA:971,22
DA:972,66
DA:973,20
DA:974,15
DA:975,21
DA:976,21
DA:977,22
DA:978,20
DA:979,23
DA:980,15
DA:981,27
DA:982,25
DA:983,49
DA:984,11
DA:985,9
DA:986,2
DA:987,3
DA:988,64
DA:989,1
DA:990,6
DA:991,63
DA:992,52
DA:993,39
DA:994,20
DA:995,26
DA:996,21
DA:997,27
DA:998,53
DA:999,21
DA:1000,22
DA:1001,22
DA:1002,23
DA:1003,23
DA:1004,21
DA:1005,26
DA:1006,27
DA:1007,21
DA:1008,50
DA:1009,47
DA:1010,9
DA:1011,4
DA:1012,64
DA:1013,1
DA:1014,0
DA:1015,0
DA:1016,6
DA:1017,25
DA:1018,24
DA:1019,18
DA:1020,19
DA:1021,16
DA:1022,17
DA:1023,17
DA:1024,17
DA:1025,1
DA:1026,6
DA:1027,46
DA:1028,4
DA:1030,57
DA:1031,65
DA:1032,42
DA:1033,49
DA:1034,11
DA:1035,39
DA:1036,70
DA:1037,20
DA:1038,26
DA:1039,21
DA:1040,27
DA:1041,53
DA:1042,21
DA:1043,22
DA:1044,22
DA:1045,23
DA:1046,23
DA:1047,30
DA:1048,26
DA:1049,27
DA:1050,21
DA:1051,50
DA:1052,47
DA:1053,9
DA:1054,4
DA:1055,64
DA:1056,1
DA:1057,8
DA:1058,25
DA:1059,26
DA:1060,20
DA:1061,21
DA:1062,18
DA:1063,19
DA:1064,19
DA:1065,24
DA:1066,1
DA:1067,15
DA:1068,7
DA:1069,53
DA:1071,4
DA:1073,70
DA:1074,36
DA:1075,65
DA:1076,62
DA:1077,25
DA:1078,22
DA:1079,18
DA:1080,9
DA:1081,20
DA:1082,24
DA:1083,19
DA:1084,25
DA:1085,51
DA:1086,19
DA:1087,20
DA:1088,20
DA:1089,21
DA:1090,21
DA:1091,19
DA:1092,24
DA:1093,27
DA:1094,19
DA:1095,48
DA:1096,45
DA:1097,7
DA:1098,4
DA:1099,64
DA:1100,1
DA:1101,6
DA:1102,25
DA:1103,27
DA:1104,18
DA:1105,19
DA:1106,18
DA:1107,23
DA:1108,20
DA:1109,18
DA:1110,1
DA:1111,5
DA:1112,4
DA:1114,63
DA:1115,31
DA:1116,17
DA:1117,18
DA:1118,16
DA:1119,16
DA:1120,11
DA:1121,20
DA:1122,20
DA:1123,21
DA:1124,21
DA:1125,19
DA:1126,24
DA:1127,25
DA:1128,19
DA:1129,48
DA:1130,45
DA:1131,7
DA:1132,5
DA:1133,7
DA:1134,37
DA:1135,50
DA:1136,34
DA:1137,36
DA:1138,48
DA:1139,41
DA:1140,48
DA:1141,52
DA:1142,20
DA:1143,53
DA:1144,2
DA:1145,6
DA:1146,25
DA:1147,25
DA:1148,18
DA:1149,19
DA:1150,18
DA:1151,18
DA:1152,30
DA:1153,14
DA:1154,1
DA:1155,5
DA:1156,4
DA:1158,69
DA:1159,31
DA:1160,17
DA:1161,18
DA:1162,16
DA:1163,16
DA:1164,11
DA:1165,20
DA:1166,20
DA:1167,21
DA:1168,21
DA:1169,19
DA:1170,24
DA:1171,25
DA:1172,19
DA:1173,48
DA:1174,45
DA:1175,7
DA:1176,5
DA:1177,7
DA:1178,14
DA:1179,37
DA:1180,13
DA:1181,50
DA:1182,21
DA:1183,41
DA:1184,15
DA:1185,46
DA:1187,52
DA:1188,20
DA:1189,53
DA:1190,2
DA:1191,6
DA:1192,25
DA:1193,25
DA:1194,18
DA:1195,19
DA:1196,18
DA:1197,18
DA:1198,20
DA:1199,1
DA:1200,6
DA:1201,25
DA:1202,25
DA:1203,18
DA:1204,19
DA:1205,18
DA:1206,18
DA:1207,19
DA:1208,1
DA:1209,6
DA:1210,21
DA:1211,4
DA:1213,68
DA:1214,37
DA:1215,62
DA:1216,20
DA:1217,22
DA:1218,31
DA:1219,9
DA:1220,20
DA:1221,24
DA:1222,19
DA:1223,23
DA:1224,51
DA:1225,19
DA:1226,23
DA:1227,22
DA:1228,45
DA:1229,7
DA:1230,4
DA:1231,64
DA:1232,1
DA:1233,6
DA:1234,25
DA:1235,27
DA:1236,18
DA:1237,17
DA:1238,18
DA:1239,20
DA:1240,29
DA:1241,1
DA:1242,5
DA:1243,4
DA:1245,54
DA:1246,37
DA:1247,70
DA:1248,20
DA:1249,24
DA:1250,19
DA:1251,23
DA:1252,51
DA:1253,19
DA:1254,23
DA:1255,22
DA:1256,45
DA:1257,7
DA:1258,4
DA:1259,64
DA:1260,1
DA:1261,6
DA:1262,25
DA:1263,30
DA:1264,18
DA:1265,17
DA:1266,21
DA:1267,20
DA:1268,1
DA:1269,5
DA:1270,4
DA:1272,68
DA:1273,36
DA:1274,55
DA:1275,42
DA:1276,20
DA:1277,24
DA:1278,19
DA:1279,23
DA:1280,51
DA:1281,25
DA:1282,4
DA:1283,64
DA:1284,1
DA:1285,6
DA:1286,25
DA:1287,30
DA:1288,18
DA:1289,17
DA:1290,21
DA:1291,20
DA:1292,1
DA:1293,5
DA:1294,3
DA:1295,2
LF:1206
LH:1200
end_of_record
TN:
SF:src\cli\lib\writeCommands.smoke.test.ts
FNF:34
FNH:34
DA:1,61
DA:2,33
DA:3,33
DA:4,61
DA:6,62
DA:7,42
DA:8,48
DA:9,46
DA:10,98
DA:17,38
DA:19,52
DA:20,36
DA:22,1
DA:23,6
DA:27,5
DA:28,28
DA:31,20
DA:32,33
DA:33,25
DA:34,4
DA:36,63
DA:37,77
DA:38,24
DA:39,19
DA:40,15
DA:41,15
DA:42,13
DA:43,6
DA:44,30
DA:45,50
DA:46,56
DA:47,55
DA:48,20
DA:49,53
DA:50,2
DA:51,6
DA:53,37
DA:54,50
DA:55,6
DA:56,68
DA:57,33
DA:58,45
DA:59,4
DA:61,59
DA:62,95
DA:63,18
DA:64,71
DA:65,6
DA:66,4
DA:68,63
DA:69,19
DA:70,16
DA:71,22
DA:72,15
DA:73,15
DA:74,6
DA:75,30
DA:76,50
DA:77,53
DA:78,20
DA:79,24
DA:80,21
DA:81,17
DA:82,17
DA:83,15
DA:84,4
DA:85,64
DA:86,1
DA:87,6
DA:88,37
DA:89,47
DA:90,6
DA:91,68
DA:92,33
DA:93,51
DA:94,4
DA:96,78
DA:97,18
DA:98,13
DA:99,22
DA:100,16
DA:101,11
DA:102,23
DA:103,22
DA:104,45
DA:105,10
DA:106,11
DA:107,23
DA:108,23
DA:109,45
DA:110,7
DA:111,8
DA:112,15
DA:113,15
DA:114,13
DA:115,4
DA:116,64
DA:118,6
DA:120,37
DA:121,64
DA:122,6
[...]
DA:82,82
DA:83,28
DA:84,7
DA:85,64
DA:86,34
DA:87,48
DA:88,51
DA:89,13
DA:90,21
DA:91,30
DA:92,15
DA:93,11
DA:94,7
DA:95,34
DA:97,99
DA:99,66
DA:100,31
DA:101,10
DA:102,7
DA:104,59
DA:105,84
DA:106,3
DA:107,2
LF:89
LH:89
end_of_record
TN:
SF:src\server\storage\trashPhase2.test.ts
FNF:10
FNH:9
DA:1,71
DA:2,38
DA:3,51
DA:4,60
DA:5,82
DA:6,83
DA:7,44
DA:9,17
DA:10,39
DA:11,38
DA:12,28
DA:13,26
DA:14,3
DA:16,16
DA:17,27
DA:18,3
DA:20,56
DA:21,92
DA:22,78
DA:23,28
DA:24,7
DA:25,8
DA:26,62
DA:27,17
DA:28,44
DA:29,29
DA:30,8
DA:31,29
DA:32,18
DA:33,40
DA:34,69
DA:35,4
DA:37,82
DA:38,78
DA:39,28
DA:40,7
DA:41,64
DA:42,30
DA:43,34
DA:44,68
DA:45,40
DA:46,85
DA:48,58
DA:49,31
DA:50,20
DA:51,39
DA:52,3
DA:53,2
LF:48
LH:48
end_of_record
TN:
SF:src\shared\boardCliAccess.ts
FNF:1
FNH:1
DA:2,65
DA:3,51
DA:6,75
DA:9,83
DA:11,46
DA:12,117
DA:14,42
DA:15,107
LF:8
LH:8
end_of_record
TN:
SF:src\shared\boardColor.ts
FNF:3
FNH:1
DA:2,37
DA:3,10
DA:4,9
DA:5,10
DA:6,11
DA:7,11
DA:8,9
DA:9,10
DA:10,12
DA:11,10
DA:12,7
DA:13,2
DA:18,36
DA:19,19
DA:20,15
DA:21,17
DA:22,19
DA:23,19
DA:24,15
DA:25,17
DA:26,21
DA:27,17
DA:28,13
DA:29,2
DA:32,0
DA:33,0
DA:34,0
DA:35,0
DA:36,0
DA:37,0
DA:38,0
DA:39,0
DA:40,0
DA:41,0
DA:42,0
DA:43,0
DA:51,41
DA:52,6
DA:53,184
DA:54,7
DA:55,184
DA:56,8
DA:57,183
DA:58,8
DA:59,183
DA:60,6
DA:61,184
DA:62,7
DA:63,180
DA:64,9
DA:65,183
DA:66,7
DA:67,180
DA:68,7
DA:69,179
DA:70,6
DA:71,182
DA:72,2
DA:74,0
LF:59
LH:46
end_of_record
TN:
SF:src\shared\boardDescribe.test.ts
FNF:20
FNH:20
DA:1,50
DA:2,217
DA:12,52
DA:14,36
DA:16,15
DA:17,12
DA:18,15
DA:19,14
DA:20,14
DA:21,16
DA:22,20
DA:23,22
DA:24,19
DA:25,26
DA:26,30
DA:27,23
DA:28,17
DA:29,27
DA:30,39
DA:31,40
DA:32,24
DA:33,14
DA:34,21
DA:35,33
DA:36,18
DA:37,21
DA:38,11
DA:39,2
DA:42,46
DA:43,74
DA:44,52
DA:45,28
DA:46,19
DA:47,36
DA:48,31
DA:49,31
DA:50,13
DA:51,14
DA:52,17
DA:53,16
DA:54,12
DA:55,5
DA:56,4
DA:58,44
DA:59,45
DA:60,27
DA:61,4
DA:63,45
DA:64,53
DA:65,27
DA:66,4
DA:68,41
DA:69,56
DA:70,28
DA:71,19
DA:72,37
DA:73,47
DA:74,41
DA:75,42
DA:76,44
DA:77,4
DA:79,43
DA:80,55
DA:81,27
DA:82,4
DA:84,47
DA:85,54
DA:86,27
DA:87,4
DA:89,38
DA:90,49
DA:91,28
DA:92,19
DA:93,41
DA:94,29
DA:95,3
DA:96,3
DA:98,52
DA:99,39
DA:100,53
DA:101,36
DA:102,28
DA:103,4
DA:105,38
DA:106,71
DA:107,53
DA:108,35
DA:109,67
DA:110,3
DA:111,3
DA:113,43
DA:114,46
DA:115,20
DA:116,9
DA:117,21
DA:118,18
DA:119,34
DA:120,43
DA:121,8
DA:122,9
DA:123,21
DA:124,18
DA:125,26
DA:126,43
DA:127,8
DA:128,9
DA:129,21
DA:130,18
DA:131,34
DA:132,43
DA:133,5
DA:134,6
DA:135,44
DA:136,53
DA:137,3
DA:138,3
DA:140,46
DA:141,61
DA:142,23
DA:143,50
DA:144,21
DA:145,11
DA:146,21
DA:147,21
DA:148,23
DA:149,19
DA:150,7
DA:151,8
DA:152,25
DA:153,7
DA:154,55
DA:155,33
DA:156,24
DA:157,58
DA:158,38
DA:159,38
DA:160,35
DA:161,4
DA:163,73
DA:164,23
DA:165,47
DA:166,7
DA:167,54
DA:168,33
DA:169,24
DA:170,58
DA:171,38
DA:172,39
DA:173,23
DA:174,15
DA:175,12
DA:176,5
DA:177,4
DA:179,50
DA:180,84
DA:181,20
DA:182,20
DA:183,12
DA:184,7
DA:185,31
DA:186,57
DA:187,33
DA:188,24
DA:189,39
DA:190,3
DA:191,7
DA:192,9
DA:193,25
DA:194,22
DA:195,21
DA:196,21
DA:197,5
DA:198,3
DA:199,6
DA:200,6
DA:201,67
DA:202,44
DA:203,62
DA:204,3
DA:205,2
LF:180
LH:180
end_of_record
TN:
SF:src\shared\boardDescribe.ts
FNF:16
FNH:13
DA:5,51
DA:8,66
DA:11,22
DA:12,9
DA:13,10
DA:14,13
DA:15,12
DA:16,11
DA:17,7
DA:18,2
DA:22,42
DA:23,13
DA:26,46
DA:27,9
DA:28,10
DA:29,13
DA:30,12
DA:31,9
DA:32,1
DA:100,11
DA:101,25
DA:102,16
DA:103,2
DA:104,12
DA:105,28
DA:106,20
DA:107,21
DA:108,2
DA:111,11
DA:114,3
DA:115,23
DA:116,38
DA:117,2
DA:118,12
DA:119,25
DA:120,17
DA:121,2
DA:127,6
DA:128,10
DA:129,3
DA:130,40
DA:131,11
DA:132,62
DA:133,30
DA:134,8
DA:135,11
DA:136,62
DA:137,30
DA:138,8
DA:139,38
DA:140,37
DA:141,27
DA:142,44
DA:143,9
DA:144,44
DA:145,8
DA:146,0
DA:147,0
DA:148,0
DA:149,0
DA:150,1
DA:164,1
DA:165,7
DA:166,3
DA:167,35
DA:168,12
DA:169,40
DA:170,32
DA:171,7
DA:172,2
DA:180,6
DA:181,5
DA:182,3
DA:183,27
DA:184,14
DA:185,15
DA:186,23
DA:187,47
DA:188,46
DA:189,1
DA:190,2
DA:191,29
DA:192,24
DA:193,57
DA:194,2
DA:195,22
DA:196,11
DA:197,33
DA:198,28
DA:199,23
DA:200,0
DA:201,2
DA:202,19
DA:203,23
DA:204,27
DA:205,25
DA:206,16
DA:207,18
DA:208,7
DA:209,81
DA:210,1
DA:211,4
DA:212,36
DA:213,51
DA:214,4
DA:215,23
DA:216,53
DA:217,4
DA:218,16
DA:219,16
DA:220,2
DA:221,67
DA:224,6
DA:225,7
DA:226,10
DA:227,8
DA:228,3
DA:229,25
DA:230,31
DA:232,73
DA:233,20
DA:234,27
DA:235,27
DA:236,21
DA:237,23
DA:238,27
DA:239,28
DA:240,4
DA:241,19
DA:242,0
DA:243,2
DA:245,32
DA:247,27
DA:248,58
DA:249,4
DA:250,28
DA:251,33
DA:252,23
DA:253,19
DA:254,49
DA:255,2
DA:256,4
DA:257,31
DA:258,0
DA:259,0
DA:260,0
DA:261,0
DA:262,1
DA:263,4
DA:264,64
DA:265,39
DA:266,30
DA:267,0
DA:268,0
DA:269,0
DA:270,0
DA:271,0
DA:272,1
DA:273,4
DA:274,40
DA:275,0
DA:277,4
DA:278,29
DA:279,66
DA:280,4
DA:282,22
DA:283,18
DA:284,38
DA:285,40
DA:286,47
DA:287,44
DA:288,40
DA:289,4
DA:290,2
DA:292,22
DA:293,24
DA:294,2
DA:296,23
DA:297,26
DA:298,2
DA:300,26
DA:301,33
DA:302,2
DA:304,25
DA:305,30
DA:306,2
DA:308,24
DA:309,29
DA:310,2
DA:312,10
LF:190
LH:174
end_of_record
TN:
SF:src\shared\boardFilters.release.test.ts
FNF:7
FNH:7
DA:1,50
DA:2,109
DA:9,19
DA:10,12
DA:11,12
DA:12,13
DA:13,11
DA:14,14
DA:15,17
DA:16,17
DA:17,11
DA:18,14
DA:19,40
DA:20,38
DA:21,2
DA:23,65
DA:24,38
DA:25,75
DA:26,4
DA:27,6
DA:28,78
DA:29,4
DA:30,4
DA:31,4
DA:33,34
DA:34,73
DA:35,5
DA:36,4
DA:37,4
DA:39,32
DA:40,25
DA:41,82
DA:42,72
DA:43,5
DA:44,4
DA:45,4
DA:47,42
DA:48,45
DA:49,75
DA:50,4
DA:51,6
DA:52,82
DA:53,72
DA:54,5
DA:55,4
DA:56,3
DA:57,3
DA:59,65
DA:60,53
DA:61,22
DA:62,29
DA:63,30
DA:64,30
DA:65,20
DA:66,6
DA:67,7
DA:68,74
DA:69,17
DA:70,7
DA:71,74
DA:72,18
DA:73,7
DA:74,74
DA:75,16
DA:76,3
DA:77,2
LF:66
LH:66
end_of_record
TN:
SF:src\shared\boardFilters.ts
FNF:12
FNH:9
DA:1,46
DA:12,54
DA:29,14
DA:30,26
DA:31,28
DA:32,54
DA:33,51
DA:34,26
DA:37,0
DA:38,1
DA:41,12
DA:42,40
DA:43,48
DA:44,25
DA:47,21
DA:48,34
DA:55,6
DA:56,6
DA:57,8
DA:58,3
DA:59,46
DA:60,65
DA:61,18
DA:62,31
DA:64,27
DA:65,62
DA:66,0
DA:67,0
DA:68,0
DA:69,0
DA:70,0
DA:71,0
DA:72,0
DA:73,0
DA:74,0
DA:75,1
DA:79,6
DA:80,6
DA:81,19
DA:82,3
DA:83,46
DA:84,50
DA:85,1
DA:89,6
DA:90,6
DA:91,16
DA:92,3
DA:93,43
DA:94,49
DA:95,53
DA:99,6
DA:100,6
DA:101,18
DA:102,3
DA:103,45
DA:104,51
DA:105,77
DA:106,22
DA:107,61
DA:108,4
DA:109,37
DA:110,43
DA:111,30
DA:123,6
DA:124,6
DA:125,8
DA:132,3
DA:133,76
DA:134,9
DA:135,55
DA:136,12
DA:137,2
DA:138,61
DA:139,12
DA:140,2
DA:141,59
DA:142,12
DA:143,2
DA:144,72
DA:145,12
DA:146,2
DA:147,12
DA:151,0
DA:152,0
DA:153,0
DA:154,0
DA:155,0
DA:156,0
DA:157,0
DA:158,0
DA:159,0
DA:160,1
DA:164,0
DA:165,0
DA:166,0
DA:167,0
LF:96
LH:73
end_of_record
TN:
SF:src\shared\boardPayload.ts
FNF:1
FNH:1
DA:7,52
DA:10,59
LF:2
LH:2
end_of_record
TN:
SF:src\shared\boardReleaseMerge.test.ts
FNF:5
FNH:5
DA:1,50
DA:3,64
DA:5,1
DA:6,11
DA:7,6
DA:8,11
DA:9,3
DA:10,38
DA:13,46
DA:14,64
DA:15,54
DA:16,54
DA:17,80
DA:18,13
DA:19,5
DA:20,4
DA:22,42
DA:23,56
DA:24,59
DA:25,54
DA:26,32
DA:27,34
DA:28,3
DA:29,2
LF:24
LH:24
end_of_record
TN:
SF:src\shared\boardReleaseMerge.ts
FNF:3
FNH:3
DA:7,6
DA:8,10
DA:9,6
DA:10,3
DA:11,71
DA:12,36
DA:13,11
DA:14,10
DA:15,66
DA:16,4
DA:17,13
LF:11
LH:11
end_of_record
TN:
SF:src\shared\boardStats.test.ts
FNF:19
FNH:19
DA:1,50
DA:2,53
DA:4,57
DA:5,161
DA:14,42
DA:16,1
DA:17,3
DA:18,3
DA:19,12
DA:20,14
DA:21,13
DA:22,15
DA:23,19
DA:24,13
DA:25,43
DA:26,46
DA:27,3
DA:28,1
DA:31,12
DA:32,52
DA:35,20
DA:36,12
DA:37,15
DA:38,14
DA:39,20
DA:40,38
DA:41,59
DA:42,26
DA:43,30
DA:44,23
DA:45,9
DA:46,22
DA:47,17
DA:48,22
DA:49,25
DA:50,20
DA:51,8
DA:52,9
DA:53,23
DA:54,18
DA:55,21
DA:56,25
DA:57,20
DA:58,5
DA:59,6
DA:60,17
DA:61,27
DA:62,39
DA:63,40
DA:64,55
DA:65,21
DA:66,33
DA:67,24
DA:68,14
DA:69,43
DA:70,46
DA:71,11
DA:72,2
DA:75,24
DA:76,69
DA:77,5
DA:78,28
DA:79,25
DA:80,17
DA:81,17
DA:82,4
DA:83,70
DA:84,2
DA:86,37
DA:87,62
DA:88,79
DA:89,62
DA:90,22
DA:91,27
DA:92,30
DA:93,29
DA:94,20
DA:95,6
DA:96,55
DA:97,62
DA:98,36
DA:99,71
DA:100,69
DA:101,4
DA:103,108
DA:104,34
DA:105,16
DA:106,55
DA:107,93
DA:108,5
DA:109,7
DA:110,62
DA:111,22
DA:112,27
DA:113,30
DA:114,29
DA:115,20
DA:116,6
DA:117,55
DA:118,34
DA:119,33
DA:120,33
DA:121,4
DA:123,44
DA:124,34
DA:125,16
DA:126,16
DA:127,20
DA:128,20
DA:129,27
DA:130,45
DA:131,8
DA:132,5
DA:133,7
DA:134,62
DA:135,22
DA:136,27
DA:137,30
DA:138,29
DA:139,20
DA:140,6
DA:141,55
DA:142,62
DA:143,69
DA:144,4
DA:146,72
DA:147,34
DA:148,16
DA:149,16
DA:150,20
DA:151,20
DA:152,25
DA:153,46
DA:154,8
DA:155,5
DA:156,7
DA:157,62
DA:158,22
DA:159,27
DA:160,30
DA:161,29
DA:162,21
DA:163,23
DA:164,32
DA:165,27
DA:166,5
DA:167,6
DA:168,55
DA:169,32
DA:170,4
DA:172,74
DA:173,34
DA:174,16
DA:175,16
DA:176,20
DA:177,20
DA:178,25
DA:179,46
DA:180,8
DA:181,5
DA:182,7
DA:183,62
DA:184,22
DA:185,27
DA:186,30
DA:187,29
DA:188,21
DA:189,23
DA:190,32
DA:191,27
DA:192,5
DA:193,6
DA:194,55
DA:195,32
DA:196,4
DA:198,62
DA:199,34
DA:200,75
DA:201,7
DA:202,62
DA:203,22
DA:204,27
DA:205,28
DA:206,29
DA:207,20
DA:208,6
DA:209,55
DA:210,32
DA:211,4
DA:213,49
DA:214,34
DA:215,21
DA:216,49
DA:217,49
DA:218,46
DA:219,8
DA:220,16
DA:221,67
DA:222,67
DA:223,64
DA:224,5
DA:225,7
DA:226,62
DA:227,22
DA:228,33
DA:229,30
DA:230,29
DA:231,20
DA:232,6
DA:233,55
DA:234,32
DA:235,4
DA:237,62
DA:238,34
DA:239,71
DA:240,7
DA:241,62
DA:242,22
DA:243,25
DA:244,30
DA:245,29
DA:246,20
DA:247,6
DA:248,55
DA:249,32
DA:250,4
DA:252,50
DA:253,34
DA:254,19
DA:255,11
DA:256,23
DA:257,21
DA:258,27
DA:259,28
DA:260,46
DA:261,7
DA:262,8
DA:263,16
DA:264,69
DA:265,72
DA:266,66
DA:267,5
DA:268,7
DA:269,62
DA:270,22
DA:271,27
DA:272,30
DA:273,55
DA:274,20
DA:275,6
DA:276,55
DA:277,32
DA:278,3
DA:279,3
DA:281,75
DA:282,68
DA:283,22
DA:284,27
DA:285,38
DA:286,29
DA:287,21
DA:288,23
DA:289,32
DA:290,27
DA:291,5
DA:292,6
DA:293,51
DA:294,45
DA:295,45
DA:296,71
DA:297,47
DA:298,57
DA:299,70
DA:300,4
DA:302,60
DA:303,22
DA:304,38
DA:305,30
DA:306,29
DA:307,20
DA:308,6
DA:309,51
DA:310,45
DA:311,57
DA:312,3
DA:313,3
DA:315,41
DA:316,72
DA:317,38
DA:318,26
DA:319,19
DA:320,27
DA:321,25
DA:322,30
DA:323,25
DA:324,7
DA:325,40
DA:326,44
DA:327,54
DA:328,36
DA:329,21
DA:330,30
DA:331,25
DA:332,5
DA:333,3
DA:334,2
LF:306
LH:306
end_of_record
TN:
SF:src\shared\boardStats.ts
FNF:13
FNH:12
DA:1,52
DA:2,69
DA:9,67
DA:40,56
DA:42,18
DA:43,41
DA:44,42
DA:45,48
DA:46,46
DA:47,31
DA:48,3
DA:55,6
DA:56,7
DA:57,17
DA:58,8
DA:59,3
DA:60,32
DA:61,28
DA:62,58
DA:63,36
DA:64,42
DA:65,2
DA:67,36
DA:68,58
DA:69,54
DA:70,25
DA:71,43
DA:72,33
DA:74,36
DA:75,44
DA:76,16
DA:77,22
DA:78,44
DA:79,32
DA:80,4
DA:81,2
DA:82,2
DA:84,45
DA:85,24
DA:86,50
DA:87,5
DA:89,12
DA:90,27
DA:91,21
DA:92,7
DA:93,2
DA:97,19
DA:98,70
DA:106,6
DA:107,14
DA:108,3
DA:110,50
DA:111,72
DA:112,21
DA:113,22
DA:114,24
DA:115,34
DA:116,0
DA:117,11
DA:118,33
DA:121,49
DA:122,24
DA:123,25
DA:124,27
DA:125,31
DA:126,0
DA:127,11
DA:128,27
DA:129,11
DA:130,19
DA:131,21
DA:134,54
DA:135,76
DA:136,23
DA:137,24
DA:138,26
DA:139,0
DA:140,0
DA:141,0
DA:142,3
DA:145,48
DA:146,50
DA:147,46
DA:148,24
DA:149,4
DA:150,21
DA:151,22
DA:152,21
DA:153,73
DA:154,25
DA:155,20
DA:156,5
DA:157,20
DA:158,21
DA:159,16
DA:160,11
DA:161,4
DA:162,2
DA:164,12
DA:165,19
DA:166,22
DA:167,21
DA:168,12
DA:169,2
DA:173,0
DA:174,1
DA:180,6
DA:181,8
DA:182,3
DA:183,33
DA:184,36
DA:186,45
DA:187,0
DA:188,11
DA:189,46
DA:190,29
DA:191,5
DA:193,39
DA:195,48
DA:196,0
DA:197,11
DA:198,63
DA:200,38
DA:202,0
DA:203,0
DA:204,0
DA:205,0
DA:206,0
DA:207,3
DA:209,35
DA:210,47
DA:211,53
DA:212,47
DA:213,2
DA:214,10
DA:218,17
DA:219,12
DA:220,32
DA:221,6
DA:222,2
DA:223,12
DA:224,35
DA:225,2
DA:226,48
DA:227,12
DA:228,34
DA:229,6
DA:230,2
DA:231,30
DA:232,87
DA:233,2
DA:234,35
LF:152
LH:139
end_of_record
TN:
SF:src\shared\cliPolicy.ts
FNF:2
FNH:0
DA:20,40
DA:21,19
DA:22,21
DA:23,31
DA:24,24
DA:25,21
DA:26,31
DA:27,24
DA:28,25
DA:29,21
DA:30,17
DA:31,2
DA:33,39
DA:34,18
DA:35,20
DA:36,30
DA:37,23
DA:38,20
DA:39,30
DA:40,23
DA:41,24
DA:42,20
DA:43,16
DA:44,2
DA:47,0
DA:48,0
DA:49,0
DA:50,0
DA:51,0
DA:52,0
DA:53,0
DA:54,0
DA:55,1
DA:58,32
DA:59,14
DA:60,16
DA:61,26
DA:62,19
DA:63,16
DA:64,26
DA:65,19
DA:66,20
DA:67,16
DA:68,12
DA:69,2
DA:72,0
DA:73,0
DA:74,0
DA:75,0
DA:76,0
DA:77,0
DA:78,0
DA:79,0
LF:53
LH:37
end_of_record
TN:
SF:src\shared\emojiField.ts
FNF:2
FNH:2
DA:2,40
DA:4,7
DA:5,9
DA:6,62
DA:7,72
DA:8,16
DA:9,47
DA:10,8
DA:11,0
DA:12,0
DA:15,1
DA:26,14
DA:27,29
DA:28,18
DA:29,32
DA:30,2
DA:31,36
DA:32,13
DA:33,14
DA:34,16
DA:35,47
DA:36,1
DA:37,2
DA:38,35
LF:24
LH:22
end_of_record
TN:
SF:src\shared\models.taskGroups.test.ts
FNF:8
FNH:8
DA:1,50
DA:2,82
DA:7,44
DA:8,51
DA:9,22
DA:10,48
DA:11,48
DA:12,45
DA:13,6
DA:14,76
DA:15,24
DA:16,5
DA:17,4
DA:19,40
DA:20,22
DA:21,47
DA:22,44
DA:23,6
DA:24,29
DA:25,37
DA:26,31
DA:27,3
DA:28,3
DA:30,47
DA:31,55
DA:32,7
DA:33,35
DA:34,21
DA:35,49
DA:36,46
DA:37,8
DA:38,25
DA:39,2
DA:40,12
DA:41,4
DA:43,77
DA:44,7
DA:45,35
DA:46,21
DA:47,55
DA:48,51
DA:49,8
DA:50,27
DA:51,2
DA:52,13
DA:53,4
DA:55,43
DA:56,7
DA:57,35
DA:58,21
DA:59,25
DA:60,2
DA:61,12
DA:62,3
DA:63,2
LF:55
LH:55
end_of_record
TN:
SF:src\shared\models.ts
FNF:22
FNH:10
DA:15,68
DA:52,0
DA:53,0
DA:54,0
DA:55,0
DA:56,0
DA:57,0
DA:58,0
DA:59,1
DA:63,11
DA:64,12
DA:65,51
DA:66,47
DA:67,52
DA:68,2
DA:75,6
DA:76,8
DA:77,3
DA:78,23
DA:79,59
DA:80,2
DA:83,27
DA:84,36
DA:90,13
DA:93,3
DA:94,41
DA:95,43
DA:96,31
DA:97,2
DA:98,61
DA:99,32
DA:105,0
DA:106,0
DA:107,0
DA:108,0
DA:109,0
DA:110,1
DA:114,0
DA:115,0
DA:116,0
DA:117,0
DA:118,1
DA:122,0
DA:123,0
DA:124,0
DA:125,1
DA:129,0
DA:130,0
DA:131,0
DA:132,0
DA:133,0
DA:134,0
DA:135,1
DA:139,42
DA:142,11
DA:143,12
DA:144,7
DA:145,20
DA:146,15
DA:147,20
DA:148,23
DA:149,18
DA:150,6
DA:151,7
DA:152,21
DA:153,16
DA:154,19
DA:155,23
DA:156,18
DA:157,6
DA:158,7
DA:159,21
DA:160,16
DA:161,22
DA:162,23
DA:163,18
DA:164,6
DA:165,7
DA:166,21
DA:167,16
DA:168,20
DA:169,23
DA:170,18
DA:171,6
DA:172,7
DA:173,21
DA:174,16
DA:175,24
DA:176,23
DA:177,18
DA:178,3
DA:179,2
DA:183,0
DA:184,0
DA:185,0
DA:186,0
DA:187,1
DA:191,6
DA:192,12
DA:193,3
DA:194,27
DA:195,57
DA:196,2
DA:200,0
DA:201,0
DA:202,0
DA:203,0
DA:204,0
DA:205,1
DA:209,0
DA:210,0
DA:211,0
DA:212,1
DA:216,6
DA:217,5
DA:218,38
DA:219,3
DA:220,37
DA:237,0
DA:238,0
DA:239,0
DA:240,1
DA:275,0
DA:276,0
DA:277,0
DA:278,1
DA:366,0
DA:367,0
DA:368,0
DA:369,1
DA:373,0
DA:374,1
DA:378,40
LF:133
LH:86
end_of_record
TN:
SF:src\shared\mutationResults.ts
FNF:1
FNH:1
DA:4,52
DA:5,33
DA:8,67
LF:3
LH:3
end_of_record
TN:
SF:src\shared\repeatedSearchParams.ts
FNF:4
FNH:4
DA:5,6
DA:6,14
DA:7,5
DA:8,3
DA:9,20
DA:10,12
DA:11,35
DA:12,27
DA:13,33
LF:9
LH:9
end_of_record
TN:
SF:src\shared\runtimeConfig.ts
FNF:26
FNH:15
DA:1,77
DA:2,29
DA:23,24
DA:24,23
DA:26,13
DA:27,34
DA:28,34
DA:31,13
DA:32,37
DA:35,6
DA:36,70
DA:37,50
DA:38,6
DA:41,6
DA:42,67
DA:45,11
DA:46,75
DA:47,12
DA:48,2
DA:50,46
DA:51,0
DA:52,0
DA:53,2
DA:55,6
DA:58,0
DA:59,0
DA:60,0
DA:61,0
DA:62,0
DA:63,0
DA:64,0
DA:65,1
DA:68,0
DA:69,0
DA:70,0
DA:71,0
DA:72,0
DA:73,0
DA:74,0
DA:75,1
DA:78,25
DA:79,28
DA:80,72
DA:81,52
DA:82,85
DA:84,7
DA:85,18
DA:86,23
DA:87,28
DA:88,23
DA:89,12
DA:93,25
DA:94,7
DA:95,43
DA:96,23
DA:97,58
DA:98,53
DA:102,11
DA:103,51
DA:106,25
DA:107,85
DA:110,0
DA:111,0
DA:112,0
DA:113,1
DA:116,0
DA:117,0
DA:118,0
DA:119,0
DA:120,0
DA:121,0
DA:122,0
DA:123,0
DA:124,0
DA:125,0
DA:126,0
DA:127,0
DA:128,0
DA:129,0
DA:130,0
DA:131,0
DA:132,0
DA:133,0
DA:134,1
DA:137,25
DA:138,62
DA:141,0
DA:142,1
DA:145,6
DA:146,16
DA:147,3
DA:148,61
DA:149,44
DA:151,0
DA:152,0
DA:153,0
DA:154,0
DA:155,0
DA:156,1
DA:160,0
DA:161,0
DA:162,0
DA:163,0
DA:164,0
DA:165,0
DA:166,1
DA:169,25
DA:170,55
DA:173,0
DA:174,0
DA:175,0
DA:176,0
DA:177,0
DA:178,0
DA:179,1
DA:182,0
DA:183,1
DA:186,25
DA:187,66
DA:190,25
DA:191,46
DA:192,7
DA:193,33
DA:194,47
DA:195,30
DA:196,26
DA:200,0
DA:201,0
DA:202,0
DA:203,0
DA:204,0
DA:205,0
DA:206,0
DA:207,1
DA:210,0
DA:211,0
DA:212,0
DA:213,0
DA:214,0
DA:215,0
DA:216,0
DA:217,1
DA:220,0
DA:221,0
DA:222,0
DA:223,0
DA:224,0
DA:225,0
DA:226,1
DA:230,25
DA:231,46
DA:233,37
DA:234,32
DA:236,6
LF:154
LH:78
end_of_record
TN:
SF:src\shared\slug.ts
FNF:2
FNH:0
DA:7,0
DA:8,0
DA:9,0
DA:10,0
DA:11,0
DA:12,0
DA:13,1
DA:20,0
DA:21,0
DA:22,0
DA:23,0
LF:11
LH:1
end_of_record
TN:
SF:src\shared\taskGroupConfig.test.ts
FNF:9
FNH:9
DA:1,50
DA:2,53
DA:4,114
DA:11,20
DA:12,15
DA:14,3
DA:15,12
DA:16,36
DA:17,21
DA:18,15
DA:19,25
DA:20,37
DA:21,38
DA:22,28
DA:23,12
DA:24,12
DA:25,19
DA:26,31
DA:27,16
DA:28,16
DA:29,25
DA:30,32
DA:31,10
DA:32,2
DA:34,60
DA:35,32
DA:36,15
DA:37,19
DA:38,61
DA:39,58
DA:40,6
DA:41,27
DA:42,28
DA:43,5
DA:45,42
DA:47,84
DA:48,20
DA:49,78
DA:50,78
DA:51,78
DA:52,6
DA:53,75
DA:54,29
DA:55,24
DA:56,7
DA:57,46
DA:58,50
DA:59,38
DA:60,69
DA:61,4
DA:63,66
DA:64,20
DA:65,78
DA:66,79
DA:67,6
DA:68,56
DA:69,75
DA:70,29
DA:71,38
DA:72,7
DA:73,46
DA:74,50
DA:75,37
DA:76,48
DA:77,5
DA:78,4
DA:80,65
DA:81,20
DA:82,75
DA:83,6
DA:84,75
DA:85,29
DA:86,38
DA:87,7
DA:88,51
DA:89,3
DA:90,3
DA:92,81
DA:93,62
DA:94,52
DA:95,39
DA:96,7
DA:97,29
DA:98,17
DA:99,51
DA:100,2
DA:101,4
DA:103,57
DA:104,52
DA:105,18
DA:106,18
DA:107,18
DA:108,28
DA:109,29
DA:110,7
DA:111,26
DA:112,3
DA:113,2
LF:98
LH:98
end_of_record
TN:
SF:src\shared\taskGroupConfig.ts
FNF:25
FNH:20
DA:1,46
DA:45,7
DA:46,73
DA:49,0
DA:50,0
DA:51,0
DA:52,0
DA:53,0
DA:54,0
DA:55,0
DA:56,0
DA:57,0
DA:58,1
DA:64,6
DA:65,6
DA:68,3
DA:69,38
DA:70,0
DA:71,2
DA:72,19
DA:74,62
DA:75,14
DA:76,16
DA:77,7
DA:78,87
DA:79,1
DA:80,2
DA:82,32
DA:83,0
DA:84,2
DA:85,32
DA:86,0
DA:87,2
DA:88,32
DA:89,0
DA:90,2
DA:92,21
DA:93,31
DA:94,0
DA:95,0
DA:96,0
DA:97,0
DA:98,0
DA:99,0
DA:100,0
DA:101,0
DA:102,0
DA:103,0
DA:104,0
DA:105,0
DA:106,0
DA:107,0
DA:108,0
DA:109,0
DA:110,0
DA:111,0
DA:112,0
DA:113,0
DA:114,0
DA:115,0
DA:116,0
DA:117,0
DA:118,2
DA:120,21
DA:121,31
DA:122,0
DA:123,0
DA:124,0
DA:125,0
DA:126,0
DA:127,0
DA:128,0
DA:129,0
DA:130,0
DA:131,0
DA:132,0
DA:133,0
DA:134,0
DA:135,0
DA:136,0
DA:137,0
DA:138,0
DA:139,0
DA:140,0
DA:141,0
DA:142,0
DA:143,0
DA:144,0
DA:145,0
DA:146,0
DA:147,2
DA:149,21
DA:150,31
DA:151,0
DA:152,0
DA:153,0
DA:154,0
DA:155,0
DA:156,0
DA:157,0
DA:158,0
DA:159,0
DA:160,0
DA:161,0
DA:162,0
DA:163,0
DA:164,0
DA:165,0
DA:166,0
DA:167,0
DA:168,0
DA:169,0
DA:171,0
DA:172,0
DA:173,0
DA:174,0
DA:175,0
DA:176,0
DA:177,0
DA:178,0
DA:179,0
DA:180,0
DA:181,0
DA:182,0
DA:183,0
DA:184,0
DA:185,0
DA:186,0
DA:187,0
DA:188,0
DA:189,0
DA:190,0
DA:191,0
DA:192,0
DA:193,0
DA:194,0
DA:195,0
DA:196,0
DA:197,2
DA:199,33
DA:200,50
DA:201,2
DA:202,11
DA:203,37
DA:204,54
DA:205,2
DA:206,11
DA:208,25
DA:209,77
DA:210,37
DA:211,30
DA:212,0
DA:213,4
DA:214,25
DA:215,2
DA:217,29
DA:218,85
DA:219,41
DA:220,30
DA:221,0
DA:222,0
DA:223,0
DA:224,0
DA:225,4
DA:226,29
DA:227,2
DA:229,66
DA:230,0
DA:231,0
DA:232,0
DA:233,0
DA:234,2
DA:235,74
DA:236,0
DA:237,0
DA:238,0
DA:239,0
DA:240,2
DA:242,12
DA:243,13
DA:244,14
DA:245,14
DA:246,14
DA:247,14
DA:248,25
DA:249,29
DA:250,70
DA:251,75
DA:252,3
DA:253,1
DA:275,1
DA:276,3
DA:280,3
DA:281,58
DA:282,0
DA:285,1
DA:286,3
DA:290,3
DA:291,62
DA:292,0
DA:295,1
DA:296,3
DA:297,3
DA:298,25
DA:299,42
DA:302,1
DA:303,9
DA:304,3
DA:305,3
DA:306,31
DA:307,51
DA:308,2
DA:309,45
DA:316,6
DA:317,7
DA:318,6
DA:319,12
DA:320,3
DA:321,68
DA:322,21
DA:323,19
DA:324,6
DA:325,26
DA:326,24
DA:327,3
DA:328,32
DA:329,40
DA:331,25
DA:332,0
DA:333,2
DA:335,59
DA:336,0
DA:337,0
DA:338,0
DA:339,2
DA:341,58
DA:342,72
DA:344,33
DA:345,49
DA:346,54
DA:347,32
DA:348,0
DA:349,0
DA:350,0
DA:351,4
DA:352,22
DA:353,38
DA:354,0
DA:355,6
DA:356,37
DA:357,0
DA:358,4
DA:359,2
DA:360,2
DA:362,43
DA:363,54
DA:364,46
DA:365,52
DA:366,4
DA:368,24
DA:369,41
DA:370,16
DA:371,25
DA:372,19
DA:373,19
DA:374,24
DA:375,5
DA:377,24
DA:378,40
DA:379,16
DA:380,23
DA:381,19
DA:382,19
DA:383,24
DA:384,5
DA:386,12
DA:387,12
DA:388,12
DA:389,15
DA:390,54
DA:391,49
DA:392,2
DA:396,0
DA:397,0
DA:398,0
DA:399,0
DA:400,0
DA:401,0
DA:402,0
DA:403,1
DA:407,0
DA:408,0
DA:409,0
DA:410,0
DA:411,0
DA:412,0
DA:413,0
DA:414,1
DA:418,0
DA:419,0
DA:420,0
DA:421,0
LF:302
LH:153
end_of_record
