TN:
SF:src\cli\bootstrap\runtime.test.ts
FNF:8
FNH:8
DA:1,50
DA:2,63
DA:7,37
DA:8,50
DA:9,7
DA:10,65
DA:11,18
DA:12,4
DA:14,50
DA:15,68
DA:16,4
DA:18,48
DA:19,64
DA:20,3
DA:21,3
DA:23,34
DA:24,46
DA:25,74
DA:26,4
DA:28,46
DA:29,54
DA:30,4
DA:32,48
DA:33,45
DA:34,3
DA:35,2
LF:26
LH:26
end_of_record
TN:
SF:src\cli\bootstrap\runtime.ts
FNF:3
FNH:2
DA:1,64
DA:2,50
DA:8,15
DA:9,56
DA:10,32
DA:11,39
DA:12,35
DA:13,37
DA:14,4
DA:15,48
DA:16,45
DA:17,2
DA:18,2
DA:19,7
DA:22,15
DA:23,56
DA:24,32
DA:25,35
DA:26,35
DA:27,37
DA:28,4
DA:29,44
DA:30,41
DA:31,2
DA:32,2
DA:33,7
DA:36,0
DA:37,0
LF:28
LH:26
end_of_record
TN:
SF:src\cli\handlers\boards.test.ts
FNF:24
FNH:17
DA:1,50
DA:3,68
DA:4,82
DA:11,20
DA:12,12
DA:13,26
DA:14,20
DA:15,0
DA:16,5
DA:18,15
DA:19,22
DA:20,0
DA:21,5
DA:23,0
DA:24,5
DA:26,25
DA:27,11
DA:28,2
DA:31,49
DA:32,54
DA:33,22
DA:34,9
DA:35,14
DA:36,22
DA:37,22
DA:38,20
DA:39,24
DA:40,22
DA:41,26
DA:42,28
DA:43,38
DA:44,32
DA:45,28
DA:46,38
DA:47,32
DA:48,33
DA:49,29
DA:50,24
DA:51,10
DA:52,43
DA:53,5
DA:54,6
DA:55,16
DA:56,31
DA:57,27
DA:58,29
DA:59,25
DA:61,7
DA:63,36
DA:65,35
DA:66,3
DA:67,3
DA:69,36
DA:70,55
DA:71,50
DA:72,18
DA:73,16
DA:74,31
DA:75,25
DA:76,17
DA:77,19
DA:79,26
DA:80,22
DA:82,7
DA:84,47
DA:86,41
DA:87,31
DA:88,3
DA:89,3
DA:91,37
DA:92,49
DA:93,21
DA:94,18
DA:95,31
DA:96,25
DA:97,17
DA:98,19
DA:100,21
DA:101,7
DA:103,43
DA:104,16
DA:105,24
DA:106,23
DA:107,23
DA:108,23
DA:109,21
DA:110,26
DA:111,25
DA:112,20
DA:113,7
DA:115,49
DA:116,39
DA:117,40
DA:118,40
DA:119,44
DA:120,42
DA:121,42
DA:122,87
DA:123,47
DA:124,46
DA:125,43
DA:126,3
DA:127,2
LF:103
LH:100
end_of_record
TN:
SF:src\cli\handlers\boards.ts
FNF:14
FNH:8
DA:1,68
DA:3,57
DA:4,128
DA:11,73
DA:17,6
DA:18,5
DA:19,8
DA:20,3
DA:21,72
DA:22,57
DA:23,24
DA:26,6
DA:27,5
DA:28,10
DA:29,8
DA:30,3
DA:31,72
DA:32,33
DA:33,43
DA:34,8
DA:35,4
DA:36,23
DA:39,6
DA:40,5
DA:41,10
DA:42,8
DA:54,3
DA:55,72
DA:56,37
DA:57,71
DA:58,45
DA:59,34
DA:60,2
DA:61,51
DA:62,40
DA:63,2
DA:64,47
DA:65,34
DA:66,2
DA:67,47
DA:68,34
DA:69,2
DA:70,26
DA:71,54
DA:72,2
DA:73,34
DA:74,50
DA:75,2
DA:76,69
DA:77,63
DA:78,34
DA:79,33
DA:80,69
DA:81,8
DA:82,4
DA:83,23
DA:86,0
DA:87,0
DA:88,0
DA:89,0
DA:90,0
DA:91,0
DA:92,0
DA:93,0
DA:94,0
DA:95,0
DA:96,0
DA:97,0
DA:98,0
DA:99,0
DA:100,0
DA:101,0
DA:102,0
DA:103,0
DA:104,0
DA:105,1
DA:108,6
DA:109,5
DA:110,10
DA:111,8
DA:123,3
DA:124,72
DA:125,27
DA:126,9
DA:127,20
DA:128,23
DA:129,25
DA:130,35
DA:131,37
DA:132,45
DA:133,47
DA:134,47
DA:135,35
DA:136,42
DA:137,5
DA:140,0
DA:141,0
DA:142,0
DA:143,0
DA:144,0
DA:145,0
DA:146,1
DA:149,0
DA:150,0
DA:151,0
DA:152,0
DA:153,0
DA:154,0
DA:155,1
DA:158,0
DA:159,0
DA:160,0
DA:161,0
DA:162,0
DA:163,0
DA:164,1
DA:167,0
DA:168,0
DA:169,0
DA:170,0
DA:171,0
DA:172,0
DA:173,0
DA:174,0
DA:175,0
DA:176,0
DA:177,0
DA:178,0
DA:179,1
DA:182,0
DA:183,0
DA:184,0
DA:185,0
DA:186,0
DA:187,0
DA:188,0
DA:189,0
DA:190,0
DA:191,0
DA:192,0
DA:193,0
LF:141
LH:80
end_of_record
TN:
SF:src\cli\handlers\cli-wiring.test.ts
FNF:36
FNH:29
DA:5,61
DA:7,46
DA:9,41
DA:10,47
DA:11,41
DA:12,42
DA:14,8
DA:15,15
DA:16,57
DA:17,23
DA:18,10
DA:19,10
DA:20,5
DA:21,7
DA:22,27
DA:23,5
DA:24,4
DA:25,14
DA:27,9
DA:28,23
DA:29,5
DA:30,32
DA:32,10
DA:35,11
DA:36,39
DA:40,6
DA:41,12
DA:42,19
DA:43,40
DA:44,20
DA:45,0
DA:46,5
DA:48,15
DA:49,22
DA:50,0
DA:51,5
DA:53,0
DA:54,5
DA:56,19
DA:57,2
DA:60,59
DA:61,36
DA:63,1
DA:64,6
DA:68,5
DA:69,28
DA:72,20
DA:73,31
DA:74,4
DA:76,55
DA:77,21
DA:78,30
DA:79,44
DA:80,20
DA:81,24
DA:82,19
DA:83,24
DA:84,51
DA:85,44
DA:86,4
DA:87,64
DA:88,1
DA:89,6
DA:90,25
DA:91,44
DA:92,18
DA:93,17
DA:94,1
DA:95,6
DA:96,33
DA:97,4
DA:99,55
DA:100,21
DA:101,30
DA:102,44
DA:103,20
DA:104,24
DA:105,19
DA:106,24
DA:107,51
DA:108,19
DA:109,16
DA:110,20
DA:111,21
DA:112,21
DA:113,19
DA:114,24
DA:115,25
DA:116,19
DA:117,48
DA:118,45
DA:119,7
DA:120,4
DA:121,64
DA:122,1
DA:123,6
DA:124,25
DA:125,39
DA:126,18
DA:127,16
DA:128,17
DA:129,17
DA:130,17
DA:131,1
DA:132,6
DA:133,33
DA:134,4
DA:136,58
DA:137,21
DA:138,30
DA:139,44
DA:140,20
DA:141,77
DA:142,64
DA:143,1
DA:144,6
DA:145,25
DA:146,42
DA:147,18
DA:148,16
DA:149,17
DA:150,1
DA:151,6
DA:152,33
DA:153,4
DA:155,59
DA:156,21
DA:157,30
DA:158,44
DA:159,20
DA:160,24
DA:161,14
DA:162,19
DA:163,19
DA:164,46
DA:165,46
DA:166,24
DA:167,18
DA:168,15
DA:169,4
DA:170,64
DA:171,1
DA:172,6
DA:173,25
DA:174,49
DA:175,17
DA:176,17
DA:177,1
DA:178,6
DA:179,33
DA:180,4
DA:182,57
DA:183,21
DA:184,30
DA:185,44
DA:186,49
DA:187,20
DA:188,53
DA:189,2
DA:190,6
DA:191,25
DA:192,51
DA:193,6
DA:194,33
DA:195,3
DA:196,2
LF:166
LH:163
end_of_record
TN:
SF:src\cli\handlers\lists.ts
FNF:7
FNH:2
DA:1,57
DA:2,70
DA:3,100
DA:11,6
DA:12,5
DA:13,6
DA:14,8
DA:15,3
DA:16,72
DA:17,23
DA:18,9
DA:19,25
DA:20,9
DA:21,22
DA:22,5
DA:25,0
DA:26,0
DA:27,0
DA:28,0
DA:29,0
DA:30,0
DA:31,0
DA:32,0
DA:33,0
DA:34,0
DA:35,0
DA:36,0
DA:37,0
DA:38,0
DA:39,0
DA:40,0
DA:41,0
DA:42,0
DA:43,0
DA:44,0
DA:45,0
DA:46,0
DA:47,0
DA:48,1
DA:51,0
DA:52,0
DA:53,0
DA:54,0
DA:55,0
DA:56,0
DA:57,0
DA:58,0
DA:59,0
DA:60,0
DA:61,1
DA:64,0
DA:65,0
DA:66,0
DA:67,0
DA:68,0
DA:69,0
DA:70,1
DA:73,0
DA:74,0
DA:75,0
DA:76,0
DA:77,0
DA:78,0
DA:79,1
DA:82,0
DA:83,0
DA:84,0
DA:85,0
DA:86,0
DA:87,0
DA:88,0
DA:89,0
DA:90,0
DA:91,0
DA:92,0
DA:93,0
DA:94,0
DA:95,0
DA:96,0
DA:97,0
DA:98,0
DA:99,0
DA:100,0
DA:101,0
DA:102,0
LF:85
LH:19
end_of_record
TN:
SF:src\cli\handlers\releases.ts
FNF:6
FNH:2
DA:1,57
DA:2,130
DA:11,0
DA:12,0
DA:13,0
DA:14,0
DA:15,0
DA:16,1
DA:19,0
DA:20,0
DA:21,0
DA:22,0
DA:23,0
DA:24,0
DA:25,0
DA:26,0
DA:27,0
DA:28,0
DA:29,1
DA:32,6
DA:33,5
DA:34,8
DA:43,3
DA:44,72
DA:45,26
DA:46,9
DA:47,25
DA:48,23
DA:49,25
DA:50,35
DA:51,37
DA:52,44
DA:53,5
DA:56,0
DA:57,0
DA:58,0
DA:59,0
DA:60,0
DA:61,0
DA:62,0
DA:63,0
DA:64,0
DA:65,0
DA:66,0
DA:67,0
DA:68,0
DA:69,0
DA:70,0
DA:71,0
DA:72,0
DA:73,0
DA:74,0
DA:75,0
DA:76,0
DA:77,0
DA:78,0
DA:79,1
DA:82,0
DA:83,0
DA:84,0
DA:85,0
DA:86,0
DA:87,0
DA:88,0
DA:89,0
DA:90,0
DA:91,0
DA:92,0
LF:68
LH:19
end_of_record
TN:
SF:src\cli\handlers\search.test.ts
FNF:26
FNH:19
DA:1,50
DA:3,49
DA:4,39
DA:7,20
DA:8,12
DA:9,26
DA:10,20
DA:11,0
DA:12,5
DA:14,15
DA:15,22
DA:16,0
DA:17,5
DA:19,0
DA:20,5
DA:22,25
DA:23,11
DA:24,2
DA:27,32
DA:28,42
DA:29,30
DA:30,77
DA:31,18
DA:32,71
DA:33,6
DA:34,4
DA:36,40
DA:37,30
DA:38,13
DA:39,43
DA:40,31
DA:41,18
DA:42,68
DA:43,6
DA:44,4
DA:46,41
DA:47,20
DA:48,9
DA:49,19
DA:50,23
DA:51,18
DA:52,23
DA:53,22
DA:54,19
DA:55,21
DA:56,16
DA:57,5
DA:58,6
DA:59,16
DA:60,25
DA:61,31
DA:62,28
DA:63,27
DA:64,18
DA:66,26
DA:67,22
DA:69,7
DA:71,51
DA:72,18
DA:73,17
DA:74,18
DA:75,7
DA:77,46
DA:78,51
DA:79,45
DA:80,46
DA:81,46
DA:82,33
DA:83,4
DA:85,52
DA:86,20
DA:87,9
DA:88,19
DA:89,23
DA:90,18
DA:91,23
DA:92,22
DA:93,19
DA:94,21
DA:95,16
DA:96,5
DA:97,6
DA:98,18
DA:99,31
DA:100,25
DA:101,33
DA:102,24
DA:104,7
DA:106,56
DA:108,35
DA:109,4
DA:111,98
DA:112,25
DA:113,31
DA:114,28
DA:115,27
DA:116,16
DA:118,21
DA:119,7
DA:121,42
DA:123,45
DA:124,3
DA:125,2
LF:103
LH:100
end_of_record
TN:
SF:src\cli\handlers\search.ts
FNF:2
FNH:2
DA:2,76
DA:6,49
DA:7,41
DA:10,6
DA:11,5
DA:12,12
DA:13,8
DA:20,3
DA:21,72
DA:22,40
DA:23,12
DA:24,74
DA:25,2
DA:26,48
DA:27,55
DA:28,43
DA:29,69
DA:30,33
DA:31,26
DA:32,2
DA:33,2
DA:34,37
DA:35,21
DA:36,37
DA:37,31
DA:38,44
DA:39,2
DA:40,26
DA:41,28
DA:42,2
DA:43,32
DA:44,32
DA:45,8
DA:46,4
DA:47,25
DA:48,29
DA:49,11
DA:50,23
LF:38
LH:38
end_of_record
TN:
SF:src\cli\handlers\server.test.ts
FNF:28
FNH:22
DA:1,50
DA:3,82
DA:6,20
DA:7,12
DA:8,19
DA:9,40
DA:10,22
DA:11,29
DA:12,0
DA:13,5
DA:15,15
DA:16,22
DA:17,0
DA:18,5
DA:20,0
DA:21,5
DA:23,25
DA:24,11
DA:25,2
DA:28,38
DA:29,53
DA:30,46
DA:31,16
DA:32,27
DA:33,26
DA:34,25
DA:36,32
DA:37,7
DA:39,38
DA:41,35
DA:42,3
DA:43,3
DA:45,56
DA:46,79
DA:47,18
DA:48,23
DA:49,58
DA:50,16
DA:51,27
DA:52,41
DA:53,28
DA:54,35
DA:55,25
DA:56,28
DA:57,20
DA:59,26
DA:60,22
DA:62,7
DA:64,55
DA:66,71
DA:67,38
DA:68,35
DA:69,4
DA:71,75
DA:72,23
DA:73,27
DA:74,36
DA:75,30
DA:77,7
DA:79,37
DA:81,38
DA:82,4
DA:84,52
DA:85,38
DA:86,16
DA:87,27
DA:88,29
DA:89,26
DA:90,22
DA:92,7
DA:94,36
DA:96,35
DA:97,3
DA:98,2
LF:74
LH:71
end_of_record
TN:
SF:src\cli\handlers\server.ts
FNF:6
FNH:6
DA:1,57
DA:4,6
DA:5,5
DA:6,8
DA:11,3
DA:12,72
DA:13,67
DA:15,28
DA:16,66
DA:17,26
DA:18,6
DA:19,2
DA:22,50
DA:25,6
DA:26,5
DA:27,8
DA:28,3
DA:29,72
DA:30,54
DA:31,24
DA:34,6
DA:35,5
DA:36,8
DA:37,3
DA:38,72
DA:39,48
DA:40,23
LF:27
LH:27
end_of_record
TN:
SF:src\cli\handlers\statuses.test.ts
FNF:11
FNH:6
DA:1,50
DA:3,48
DA:6,38
DA:7,51
DA:8,20
DA:9,64
DA:10,6
DA:11,18
DA:12,16
DA:13,19
DA:14,28
DA:15,22
DA:16,25
DA:17,17
DA:18,18
DA:20,26
DA:21,25
DA:23,24
DA:24,0
DA:25,7
DA:27,0
DA:28,7
DA:30,21
DA:31,6
DA:33,38
DA:35,35
DA:36,33
DA:37,3
DA:38,2
LF:29
LH:27
end_of_record
TN:
SF:src\cli\handlers\statuses.ts
FNF:2
FNH:2
DA:2,57
DA:5,6
DA:6,5
DA:7,8
DA:8,3
DA:9,72
DA:10,61
DA:11,25
LF:8
LH:8
end_of_record
TN:
SF:src\cli\handlers\tasks.ts
FNF:7
FNH:2
DA:1,57
DA:2,70
DA:3,100
DA:11,6
DA:12,5
DA:13,8
DA:29,3
DA:30,72
DA:31,23
DA:32,9
DA:33,25
DA:34,23
DA:35,25
DA:36,25
DA:37,27
DA:38,31
DA:39,29
DA:40,33
DA:41,25
DA:42,35
DA:43,23
DA:44,31
DA:45,30
DA:46,5
DA:49,0
DA:50,0
DA:51,0
DA:52,0
DA:53,0
DA:54,0
DA:55,0
DA:56,0
DA:57,0
DA:58,0
DA:59,0
DA:60,0
DA:61,0
DA:62,0
DA:63,0
DA:64,0
DA:65,0
DA:66,0
DA:67,0
DA:68,0
DA:69,0
DA:70,0
DA:71,0
DA:72,0
DA:73,0
DA:74,0
DA:75,0
DA:76,0
DA:77,0
DA:78,0
DA:79,0
DA:80,0
DA:81,0
DA:82,0
DA:83,0
DA:84,0
DA:85,0
DA:86,0
DA:87,0
DA:88,0
DA:89,0
DA:90,1
DA:93,0
DA:94,0
DA:95,0
DA:96,0
DA:97,0
DA:98,0
DA:99,0
DA:100,0
DA:101,0
DA:102,0
DA:103,1
DA:106,0
DA:107,0
DA:108,0
DA:109,0
DA:110,0
DA:111,0
DA:112,1
DA:115,0
DA:116,0
DA:117,0
DA:118,0
DA:119,0
DA:120,0
DA:121,1
DA:124,0
DA:125,0
DA:126,0
DA:127,0
DA:128,0
DA:129,0
DA:130,0
DA:131,0
DA:132,0
DA:133,0
DA:134,0
DA:135,0
DA:136,0
DA:137,0
DA:138,0
DA:139,0
DA:140,0
DA:141,0
DA:142,0
DA:143,0
DA:144,0
DA:145,0
DA:146,0
DA:147,0
DA:148,0
LF:116
LH:28
end_of_record
TN:
SF:src\cli\handlers\trash.ts
FNF:4
FNH:2
DA:1,57
DA:2,86
DA:9,0
DA:10,0
DA:11,0
DA:12,0
DA:13,0
DA:14,1
DA:17,6
DA:18,5
DA:19,8
DA:20,3
DA:21,72
DA:22,32
DA:25,0
DA:26,0
DA:27,0
DA:28,0
DA:29,0
LF:19
LH:9
end_of_record
TN:
SF:src\cli\lib\api-client.test.ts
FNF:43
FNH:43
DA:1,73
DA:2,44
DA:3,93
DA:9,36
DA:11,43
DA:12,36
DA:15,1
DA:16,6
DA:20,5
DA:21,28
DA:24,21
DA:25,31
DA:26,4
DA:28,20
DA:29,31
DA:30,4
DA:32,53
DA:33,30
DA:34,50
DA:35,60
DA:36,69
DA:37,20
DA:38,53
DA:39,2
DA:40,6
DA:42,46
DA:43,15
DA:44,7
DA:45,48
DA:46,4
DA:48,73
DA:49,18
DA:50,13
DA:51,63
DA:52,7
DA:53,18
DA:54,51
DA:55,1
DA:57,6
DA:59,75
DA:60,23
DA:61,19
DA:62,31
DA:63,42
DA:64,38
DA:65,29
DA:66,6
DA:67,6
DA:68,4
DA:70,58
DA:71,18
DA:72,69
DA:73,18
DA:74,51
DA:75,1
DA:76,6
DA:78,78
DA:79,23
DA:80,18
DA:81,25
DA:82,42
DA:83,31
DA:84,21
DA:85,6
DA:86,6
DA:87,4
DA:89,64
DA:90,18
DA:91,35
DA:92,18
DA:93,45
DA:94,1
DA:95,6
DA:97,75
DA:98,18
DA:99,65
DA:100,6
DA:101,4
DA:103,81
DA:104,25
DA:105,39
DA:106,30
DA:107,9
DA:108,6
DA:110,75
DA:111,18
DA:112,42
DA:113,37
DA:114,21
DA:115,6
DA:116,6
DA:117,4
DA:119,92
DA:120,25
DA:121,31
DA:122,6
DA:124,11
DA:125,44
DA:126,26
DA:127,17
DA:128,41
DA:129,19
DA:130,34
DA:131,63
DA:132,59
DA:133,59
DA:134,48
DA:136,4
DA:138,57
DA:139,58
DA:141,33
DA:142,13
DA:143,22
DA:144,15
DA:145,6
DA:146,31
DA:147,4
DA:149,55
DA:150,18
DA:151,55
DA:152,18
DA:153,51
DA:154,1
DA:155,6
DA:157,13
DA:158,67
DA:159,31
DA:160,18
DA:161,64
DA:162,6
DA:163,4
DA:165,50
DA:166,18
DA:167,50
DA:168,18
DA:169,51
DA:170,1
DA:171,6
DA:173,39
DA:174,27
DA:175,20
DA:176,15
DA:177,6
DA:178,38
DA:179,4
DA:181,60
DA:182,18
DA:183,54
DA:184,18
DA:185,51
DA:186,1
DA:187,6
DA:189,13
DA:190,68
DA:191,31
DA:192,18
DA:193,66
DA:194,6
DA:195,4
DA:197,47
DA:198,18
DA:199,50
DA:200,18
DA:201,51
DA:202,1
DA:203,6
DA:205,66
DA:206,4
DA:208,47
DA:209,18
DA:210,51
DA:211,18
DA:212,51
DA:213,1
DA:214,6
DA:216,67
DA:217,4
DA:219,50
DA:220,25
DA:221,23
DA:222,6
DA:224,67
DA:225,3
DA:226,2
LF:184
LH:184
end_of_record
TN:
SF:src\cli\lib\api-client.ts
FNF:15
FNH:15
DA:1,174
DA:7,128
DA:11,91
DA:15,97
DA:22,44
DA:23,62
DA:24,36
DA:28,43
DA:30,6
DA:31,56
DA:34,11
DA:35,35
DA:36,70
DA:37,11
DA:38,2
DA:39,7
DA:40,39
DA:41,46
DA:45,6
DA:46,13
DA:47,61
DA:48,65
DA:49,71
DA:50,1
DA:53,20
DA:54,51
DA:57,20
DA:58,64
DA:59,38
DA:60,48
DA:61,48
DA:63,47
DA:64,0
DA:65,2
DA:68,58
DA:69,39
DA:70,2
DA:72,24
DA:75,1
DA:76,9
DA:77,3
DA:78,65
DA:80,9
DA:81,52
DA:82,41
DA:83,16
DA:84,32
DA:85,10
DA:86,6
DA:87,42
DA:88,31
DA:89,4
DA:91,39
DA:92,60
DA:93,0
DA:94,1
DA:98,6
DA:99,10
DA:100,15
DA:101,3
DA:102,42
DA:103,42
DA:105,24
DA:106,28
DA:107,4
DA:108,11
DA:109,0
DA:110,2
DA:112,15
DA:113,9
DA:114,59
DA:115,14
DA:116,28
DA:117,6
DA:118,19
DA:119,34
DA:120,52
DA:121,37
DA:122,24
DA:123,18
DA:124,2
DA:125,4
DA:126,53
DA:127,38
DA:128,51
DA:129,19
DA:130,19
DA:131,4
DA:134,22
DA:135,66
DA:136,83
DA:137,12
DA:138,30
DA:139,36
DA:140,7
DA:141,46
DA:142,2
DA:144,29
DA:147,6
DA:148,10
DA:149,6
DA:150,15
DA:151,3
DA:152,42
DA:153,33
DA:155,21
DA:156,40
DA:157,88
DA:158,28
DA:159,4
DA:160,11
DA:161,0
DA:162,2
DA:164,15
DA:165,9
DA:166,59
DA:167,26
DA:168,14
DA:169,73
DA:170,28
DA:171,5
DA:172,0
DA:173,0
DA:174,0
DA:175,0
DA:176,0
DA:177,0
DA:178,0
DA:179,0
DA:180,0
DA:181,0
DA:182,0
DA:183,0
DA:184,0
DA:185,2
DA:188,22
DA:189,66
DA:190,83
DA:191,12
DA:192,30
DA:193,36
DA:194,7
DA:195,46
DA:196,2
DA:198,33
DA:199,6
DA:200,2
DA:202,29
DA:209,6
DA:210,10
DA:211,6
DA:212,15
DA:213,3
DA:214,42
DA:215,33
DA:217,24
DA:218,28
DA:219,4
DA:220,11
DA:221,0
DA:222,2
DA:224,15
DA:225,9
DA:226,59
DA:227,26
DA:228,14
DA:229,28
DA:230,5
DA:231,0
DA:232,0
DA:233,0
DA:234,0
DA:235,0
DA:236,0
DA:237,0
DA:238,0
DA:239,0
DA:240,0
DA:241,0
DA:242,0
DA:243,0
DA:244,2
DA:247,22
DA:248,66
DA:249,83
DA:250,12
DA:251,30
DA:252,36
DA:253,7
DA:254,46
DA:255,2
DA:257,33
DA:258,6
DA:259,2
DA:261,29
DA:264,24
DA:265,42
DA:267,9
DA:268,61
DA:269,39
DA:270,7
DA:271,26
DA:272,39
DA:273,24
DA:274,11
DA:275,12
LF:206
LH:175
end_of_record
TN:
SF:src\cli\lib\cli-error-codes.ts
FNF:1
FNH:1
DA:5,25
DA:6,28
DA:7,60
DA:8,23
DA:9,33
DA:10,55
DA:11,45
DA:12,25
DA:13,26
DA:14,34
DA:15,30
DA:16,43
DA:17,32
DA:18,38
DA:19,57
DA:20,24
DA:21,37
DA:22,30
DA:23,53
DA:24,36
DA:25,48
DA:26,32
DA:27,45
DA:28,42
DA:29,32
DA:30,24
DA:31,39
DA:32,37
DA:33,36
DA:34,1
LF:30
LH:30
end_of_record
TN:
SF:src\cli\lib\cli-http-errors.test.ts
FNF:5
FNH:5
DA:1,50
DA:2,44
DA:3,62
DA:5,45
DA:6,15
DA:7,44
DA:8,50
DA:9,43
DA:10,42
DA:11,43
DA:12,42
DA:13,44
DA:14,49
DA:15,40
DA:16,42
DA:17,40
DA:18,3
DA:19,48
DA:20,40
DA:21,71
DA:22,13
DA:23,35
DA:24,7
DA:25,32
DA:26,36
DA:27,35
DA:28,46
DA:29,13
DA:30,48
DA:33,4
DA:35,58
DA:36,82
DA:37,29
DA:38,53
DA:39,39
DA:40,4
DA:42,81
DA:43,58
DA:44,21
DA:45,15
DA:46,7
DA:47,50
DA:48,46
DA:49,48
DA:50,4
DA:52,68
DA:53,58
DA:54,16
DA:55,15
DA:56,7
DA:57,45
DA:58,3
DA:59,2
LF:53
LH:53
end_of_record
TN:
SF:src\cli\lib\cli-http-errors.ts
FNF:1
FNH:1
DA:6,44
DA:8,6
DA:9,8
DA:10,9
DA:11,3
DA:12,19
DA:13,59
DA:14,43
DA:15,21
DA:16,12
DA:17,45
DA:18,4
DA:20,25
DA:21,10
DA:22,75
DA:23,10
DA:24,16
DA:25,21
DA:26,57
DA:27,6
DA:28,10
DA:29,74
DA:30,10
DA:31,73
DA:32,10
DA:33,16
DA:34,20
DA:35,23
DA:36,15
DA:37,39
DA:38,23
DA:39,7
DA:40,6
DA:41,10
DA:42,73
DA:43,10
DA:44,75
DA:45,10
DA:46,16
DA:47,20
DA:48,57
DA:49,6
DA:50,10
DA:51,16
DA:52,20
DA:53,23
DA:54,15
DA:55,36
DA:56,23
DA:57,7
DA:58,15
DA:60,43
DA:61,18
DA:62,22
DA:63,25
DA:64,17
DA:65,40
DA:66,25
DA:67,9
DA:68,1
DA:69,6
DA:70,16
DA:71,20
DA:72,51
DA:73,1
LF:65
LH:65
end_of_record
TN:
SF:src\cli\lib\clientIdentity.ts
FNF:4
FNH:3
DA:1,33
DA:2,34
DA:4,6
DA:5,82
DA:6,26
DA:7,0
DA:8,1
DA:11,0
DA:12,0
DA:13,1
DA:16,11
DA:17,25
DA:20,11
DA:21,34
DA:22,55
DA:23,2
DA:24,30
LF:17
LH:14
end_of_record
TN:
SF:src\cli\lib\command-helpers.test.ts
FNF:18
FNH:18
DA:1,50
DA:2,36
DA:3,126
DA:10,44
DA:11,36
DA:13,35
DA:14,59
DA:15,55
DA:16,48
DA:17,49
DA:18,4
DA:20,43
DA:21,47
DA:22,41
DA:23,4
DA:25,51
DA:26,57
DA:27,11
DA:28,28
DA:29,17
DA:30,41
DA:31,33
DA:32,59
DA:34,55
DA:35,55
DA:36,3
DA:37,3
DA:39,37
DA:40,69
DA:41,58
DA:42,69
DA:43,3
DA:44,3
DA:46,36
DA:47,59
DA:48,49
DA:49,40
DA:50,4
DA:52,29
DA:53,45
DA:54,42
DA:55,4
DA:57,45
DA:58,56
DA:59,54
DA:60,3
DA:61,3
DA:63,52
DA:64,58
DA:65,33
DA:66,23
DA:67,26
DA:68,46
DA:69,37
DA:70,44
DA:71,38
DA:72,3
DA:73,2
LF:58
LH:58
end_of_record
TN:
SF:src\cli\lib\command-helpers.ts
FNF:8
FNH:7
DA:2,44
DA:3,51
DA:7,18
DA:8,15
DA:9,66
DA:10,7
DA:11,24
DA:12,72
DA:13,2
DA:16,18
DA:17,22
DA:18,20
DA:19,39
DA:20,2
DA:23,15
DA:24,29
DA:26,30
DA:27,50
DA:28,75
DA:29,2
DA:31,14
DA:34,6
DA:35,7
DA:36,15
DA:37,3
DA:38,12
DA:39,16
DA:40,9
DA:41,11
DA:42,27
DA:43,35
DA:44,2
DA:47,16
DA:48,48
DA:49,26
DA:50,39
DA:51,77
DA:52,2
DA:53,23
DA:57,0
DA:58,0
DA:59,0
DA:60,0
LF:43
LH:39
end_of_record
TN:
SF:src\cli\lib\config.ts
FNF:9
FNH:2
DA:1,179
DA:9,41
DA:10,46
DA:11,43
DA:12,39
DA:13,149
DA:26,0
DA:27,1
DA:30,0
DA:31,1
DA:34,37
DA:35,44
DA:36,63
DA:38,40
DA:39,81
DA:42,18
DA:45,0
DA:46,0
DA:47,0
DA:48,1
DA:51,0
DA:52,0
DA:53,0
DA:54,1
DA:57,25
DA:58,37
DA:61,0
DA:62,1
DA:65,0
DA:66,1
DA:69,0
DA:70,1
DA:73,25
DA:74,38
LF:34
LH:23
end_of_record
TN:
SF:src\cli\lib\emoji-cli.test.ts
FNF:6
FNH:6
DA:1,50
DA:2,53
DA:3,44
DA:4,36
DA:6,42
DA:7,39
DA:8,68
DA:9,4
DA:11,43
DA:12,52
DA:13,18
DA:14,15
DA:15,5
DA:16,4
DA:18,51
DA:19,64
DA:20,18
DA:21,25
DA:22,5
DA:23,4
DA:25,49
DA:27,35
DA:28,66
DA:29,11
DA:30,37
DA:31,17
DA:32,33
DA:33,60
DA:35,3
DA:36,2
LF:30
LH:30
end_of_record
TN:
SF:src\cli\lib\emoji-cli.ts
FNF:1
FNH:1
DA:1,58
DA:2,44
DA:3,36
DA:6,11
DA:8,3
DA:9,48
DA:10,38
DA:11,20
DA:12,70
DA:13,2
DA:14,43
LF:11
LH:11
end_of_record
TN:
SF:src\cli\lib\output.test.ts
FNF:19
FNH:19
DA:4,61
DA:5,44
DA:6,63
DA:8,55
DA:9,68
DA:10,32
DA:12,20
DA:14,43
DA:15,26
DA:16,3
DA:18,1
DA:19,4
DA:20,5
DA:21,23
DA:22,22
DA:23,23
DA:24,10
DA:25,9
DA:26,7
DA:27,13
DA:28,27
DA:29,5
DA:30,6
DA:31,16
DA:32,16
DA:34,31
DA:35,27
DA:36,37
DA:39,11
DA:40,11
DA:41,26
DA:42,17
DA:43,48
DA:46,52
DA:47,33
DA:50,63
DA:51,56
DA:52,29
DA:53,6
DA:54,29
DA:55,57
DA:56,4
DA:58,88
DA:59,56
DA:60,31
DA:61,30
DA:62,23
DA:63,22
DA:64,1
DA:65,6
DA:66,29
DA:67,40
DA:68,22
DA:69,30
DA:70,23
DA:71,22
DA:72,5
DA:73,4
DA:75,63
DA:76,46
DA:77,26
DA:78,16
DA:79,22
DA:80,12
DA:81,1
DA:82,6
DA:83,39
DA:84,44
DA:85,49
DA:86,35
DA:87,3
DA:88,3
DA:90,44
DA:91,68
DA:92,32
DA:94,20
DA:95,43
DA:96,26
DA:97,3
DA:99,6
DA:102,5
DA:103,23
DA:104,22
DA:105,23
DA:106,10
DA:107,9
DA:108,7
DA:109,13
DA:110,27
DA:111,5
DA:112,6
DA:114,16
DA:115,16
DA:117,31
DA:118,27
DA:119,37
DA:122,11
DA:123,25
DA:124,26
DA:125,17
DA:126,48
DA:129,14
DA:130,15
DA:131,44
DA:132,3
DA:135,73
DA:136,54
DA:137,68
DA:138,6
DA:139,29
DA:140,40
DA:141,30
DA:142,33
DA:143,5
DA:144,4
DA:146,66
DA:147,54
DA:148,23
DA:149,6
DA:150,29
DA:151,40
DA:152,26
DA:153,31
DA:154,5
DA:155,4
DA:157,67
DA:158,74
DA:159,29
DA:160,40
DA:161,33
DA:162,31
DA:163,5
DA:164,3
DA:165,2
LF:134
LH:134
end_of_record
TN:
SF:src\cli\lib\output.ts
FNF:7
FNH:5
DA:6,1
DA:8,13
DA:9,18
DA:10,28
DA:11,18
DA:12,10
DA:13,38
DA:14,54
DA:15,58
DA:16,53
DA:18,2
DA:20,49
DA:21,117
DA:24,0
DA:25,0
DA:26,54
DA:30,0
DA:31,0
DA:32,0
DA:33,0
DA:34,0
DA:35,0
DA:36,0
DA:37,0
DA:38,0
DA:39,0
DA:40,0
DA:41,0
DA:42,0
DA:43,0
DA:44,0
DA:45,0
DA:46,3
DA:50,28
DA:51,18
DA:52,18
DA:53,6
DA:54,37
DA:55,53
DA:56,5
DA:57,94
DA:61,74
DA:62,69
DA:63,44
DA:64,5
DA:65,81
DA:66,64
DA:67,5
DA:68,62
DA:69,32
DA:72,32
DA:73,18
DA:74,28
DA:75,18
DA:76,6
DA:77,42
DA:78,132
DA:79,8
DA:80,50
DA:83,55
DA:84,71
DA:85,118
DA:86,5
DA:88,65
DA:89,128
DA:90,5
DA:92,139
LF:67
LH:49
end_of_record
TN:
SF:src\cli\lib\task-body.test.ts
FNF:14
FNH:14
DA:1,50
DA:2,53
DA:3,33
DA:4,33
DA:5,65
DA:6,44
DA:7,36
DA:9,40
DA:10,51
DA:11,51
DA:12,4
DA:14,43
DA:15,63
DA:16,21
DA:17,17
DA:18,5
DA:19,4
DA:21,41
DA:22,70
DA:23,21
DA:24,18
DA:25,5
DA:26,4
DA:28,42
DA:29,65
DA:30,22
DA:31,12
DA:32,5
DA:33,4
DA:35,43
DA:36,12
DA:37,51
DA:38,24
DA:39,11
DA:40,56
DA:41,17
DA:42,29
DA:43,31
DA:44,8
DA:46,3
DA:47,3
DA:49,32
DA:50,44
DA:51,13
DA:52,47
DA:53,28
DA:54,4
DA:56,47
DA:57,60
DA:58,42
DA:59,13
DA:60,47
DA:61,31
DA:62,18
DA:63,83
DA:64,6
DA:65,4
DA:67,41
DA:68,60
DA:69,38
DA:70,48
DA:71,73
DA:72,14
DA:73,5
DA:74,3
DA:75,2
LF:66
LH:66
end_of_record
TN:
SF:src\cli\lib\task-body.ts
FNF:4
FNH:3
DA:1,44
DA:2,36
DA:6,15
DA:10,3
DA:11,45
DA:12,52
DA:13,46
DA:14,62
DA:15,15
DA:16,73
DA:17,41
DA:18,2
DA:19,2
DA:20,17
DA:21,51
DA:22,2
DA:23,17
DA:24,41
DA:25,37
DA:26,2
DA:27,18
DA:28,36
DA:29,2
DA:30,7
DA:33,6
DA:34,9
DA:35,3
DA:36,36
DA:37,20
DA:38,2
DA:39,32
DA:40,0
DA:41,2
DA:42,29
DA:43,30
DA:44,30
DA:45,52
DA:46,33
DA:47,8
DA:48,2
DA:49,2
DA:50,24
DA:53,0
DA:54,0
DA:55,0
DA:56,0
DA:57,0
LF:47
LH:41
end_of_record
TN:
SF:src\cli\lib\trashCommands.breadth.test.ts
FNF:46
FNH:46
DA:4,61
DA:6,44
DA:7,167
DA:18,8
DA:19,15
DA:20,57
DA:21,23
DA:22,10
DA:23,10
DA:24,5
DA:25,7
DA:26,27
DA:27,5
DA:28,4
DA:29,14
DA:31,9
DA:32,23
DA:33,5
DA:34,32
DA:36,10
DA:39,11
DA:40,40
DA:43,59
DA:44,59
DA:45,91
DA:46,18
DA:47,71
DA:48,6
DA:49,4
DA:51,59
DA:52,85
DA:53,18
DA:54,68
DA:55,6
DA:56,3
DA:57,3
DA:59,59
DA:60,36
DA:62,1
DA:63,6
DA:67,5
DA:68,28
DA:71,20
DA:72,31
DA:73,4
DA:75,34
DA:76,5
DA:77,11
DA:78,14
DA:79,14
DA:80,42
DA:81,42
DA:82,20
DA:83,49
DA:84,11
DA:85,4
DA:87,34
DA:88,5
DA:89,11
DA:90,14
DA:91,14
DA:92,42
DA:93,42
DA:94,20
DA:95,14
DA:96,14
DA:97,9
DA:98,19
DA:99,18
DA:100,19
DA:101,19
DA:102,17
DA:103,22
DA:104,23
DA:105,17
DA:106,46
DA:107,43
DA:108,5
DA:109,3
DA:110,4
DA:112,48
DA:113,30
DA:114,58
DA:115,69
DA:116,20
DA:117,53
DA:118,2
DA:119,6
DA:120,72
DA:121,66
DA:122,4
DA:124,48
DA:125,30
DA:126,58
DA:127,70
DA:128,20
DA:129,53
DA:130,2
DA:131,6
DA:132,72
DA:133,67
DA:134,4
DA:136,74
DA:137,21
DA:138,12
DA:139,19
DA:140,16
DA:141,44
DA:142,44
DA:143,22
DA:144,16
DA:145,13
DA:146,6
DA:147,36
DA:148,30
DA:149,51
DA:150,42
DA:151,20
DA:152,76
DA:153,64
DA:154,1
DA:155,6
DA:156,41
DA:157,54
DA:158,22
DA:159,55
DA:160,2
DA:161,0
DA:162,0
DA:163,6
DA:164,37
DA:165,44
DA:166,6
DA:167,89
DA:168,4
DA:170,56
DA:171,36
DA:172,61
DA:173,42
DA:174,42
DA:175,6
DA:176,37
DA:177,42
DA:178,6
DA:179,46
DA:180,15
DA:181,36
DA:182,6
DA:183,4
DA:185,63
DA:186,35
DA:187,36
DA:188,30
DA:189,50
DA:190,42
DA:191,20
DA:192,26
DA:193,22
DA:194,53
DA:195,17
DA:196,4
DA:197,64
DA:198,1
DA:199,6
DA:200,42
DA:201,54
DA:202,22
DA:203,55
DA:204,2
DA:205,0
DA:206,0
DA:207,6
DA:208,37
DA:209,44
DA:210,6
DA:211,88
DA:212,4
DA:214,54
DA:215,36
DA:216,60
DA:217,42
DA:218,42
DA:219,6
DA:220,37
DA:221,42
DA:222,6
DA:223,46
DA:224,15
DA:225,35
DA:226,6
DA:227,4
DA:229,63
DA:230,35
DA:231,36
DA:232,30
DA:233,50
DA:234,42
DA:235,20
DA:236,26
DA:237,22
DA:238,53
DA:239,17
DA:240,4
DA:241,64
DA:242,1
DA:243,6
DA:244,42
DA:245,54
DA:246,22
DA:247,55
DA:248,2
DA:249,0
DA:250,0
DA:251,6
DA:252,37
DA:253,44
DA:254,6
DA:255,88
DA:256,4
DA:258,54
DA:259,36
DA:260,60
DA:261,42
DA:262,42
DA:263,6
DA:264,37
DA:265,42
DA:266,6
DA:267,46
DA:268,15
DA:269,35
DA:270,6
DA:271,3
DA:272,2
LF:234
LH:228
end_of_record
TN:
SF:src\cli\lib\trashCommands.fetch.test.ts
FNF:10
FNH:10
DA:1,61
DA:2,48
DA:4,8
DA:5,15
DA:6,57
DA:7,23
DA:8,10
DA:9,10
DA:10,5
DA:11,7
DA:12,27
DA:13,5
DA:14,4
DA:15,14
DA:17,9
DA:18,23
DA:19,5
DA:20,32
DA:22,11
DA:25,58
DA:26,36
DA:28,1
DA:29,6
DA:33,5
DA:34,28
DA:37,20
DA:38,31
DA:39,4
DA:41,67
DA:42,20
DA:43,9
DA:44,22
DA:45,14
DA:46,24
DA:47,18
DA:48,20
DA:49,46
DA:50,22
DA:51,5
DA:52,6
DA:54,30
DA:55,50
DA:56,49
DA:57,51
DA:58,20
DA:59,53
DA:60,2
DA:61,6
DA:63,73
DA:64,48
DA:65,3
DA:66,2
LF:52
LH:52
end_of_record
TN:
SF:src\cli\lib\trashCommands.test.ts
FNF:6
FNH:6
DA:1,50
DA:3,93
DA:8,45
DA:9,60
DA:10,54
DA:11,52
DA:12,4
DA:14,83
DA:15,67
DA:16,60
DA:17,4
DA:19,80
DA:20,20
DA:21,9
DA:22,22
DA:23,14
DA:24,18
DA:25,22
DA:26,20
DA:27,22
DA:28,22
DA:29,5
DA:30,6
DA:31,65
DA:32,63
DA:33,4
DA:35,68
DA:36,12
DA:37,40
DA:38,34
DA:39,3
DA:40,2
LF:32
LH:32
end_of_record
TN:
SF:src\cli\lib\trashCommands.ts
FNF:26
FNH:26
DA:7,61
DA:8,44
DA:9,47
DA:10,106
DA:17,1
DA:18,7
DA:19,5
DA:20,3
DA:21,41
DA:22,24
DA:23,39
DA:24,49
DA:25,34
DA:26,15
DA:27,2
DA:28,2
DA:29,9
DA:33,19
DA:34,28
DA:35,25
DA:36,16
DA:37,2
DA:38,7
DA:41,6
DA:42,10
DA:43,6
DA:44,3
DA:45,45
DA:46,60
DA:47,14
DA:48,70
DA:49,29
DA:50,19
DA:51,2
DA:52,2
DA:53,13
DA:56,1
DA:57,6
DA:58,9
DA:59,3
DA:60,55
DA:61,31
DA:62,14
DA:63,0
DA:64,0
DA:65,1
DA:68,14
DA:69,50
DA:70,17
DA:71,5
DA:72,18
DA:75,14
DA:76,49
DA:77,17
DA:78,5
DA:79,18
DA:82,14
DA:83,49
DA:84,17
DA:85,5
DA:86,18
DA:89,11
DA:92,3
DA:93,33
DA:94,14
DA:95,72
DA:96,33
DA:97,2
DA:98,2
DA:99,25
DA:100,64
DA:101,41
DA:102,43
DA:103,20
DA:104,8
DA:105,4
DA:106,70
DA:107,60
DA:110,11
DA:113,3
DA:114,33
DA:115,9
DA:116,0
DA:117,0
DA:118,0
DA:119,2
DA:120,25
DA:121,64
DA:122,66
DA:123,18
DA:124,15
DA:125,15
DA:126,13
DA:127,47
DA:128,5
DA:131,11
DA:134,3
DA:135,62
DA:136,25
DA:137,0
DA:138,0
DA:139,0
DA:140,0
DA:141,2
DA:142,25
DA:143,41
DA:147,66
DA:148,70
DA:149,61
DA:150,10
DA:151,0
DA:152,0
DA:153,0
DA:154,0
DA:155,0
DA:156,2
DA:157,10
DA:158,13
DA:159,5
DA:160,17
DA:161,27
DA:162,34
DA:163,3
DA:164,23
DA:165,1
DA:166,4
DA:169,11
DA:172,3
DA:173,62
DA:174,25
DA:175,0
DA:176,0
DA:177,0
DA:178,0
DA:179,2
DA:180,25
DA:181,57
DA:182,18
DA:183,15
DA:184,15
DA:185,13
DA:186,38
DA:187,5
DA:190,11
DA:193,3
DA:194,62
DA:195,25
DA:196,0
DA:197,0
DA:198,0
DA:199,0
DA:200,2
DA:201,25
DA:202,41
DA:206,66
DA:207,70
DA:208,61
DA:209,10
DA:210,0
DA:211,0
DA:212,0
DA:213,0
DA:214,0
DA:215,2
DA:216,10
DA:217,13
DA:218,5
DA:219,17
DA:220,27
DA:221,34
DA:222,3
DA:223,23
DA:224,1
DA:225,4
DA:228,11
DA:231,3
DA:232,62
DA:233,25
DA:234,0
DA:235,0
DA:236,0
DA:237,0
DA:238,2
DA:239,25
DA:240,57
DA:241,18
DA:242,15
DA:243,15
DA:244,13
DA:245,38
DA:246,4
LF:191
LH:160
end_of_record
TN:
SF:src\cli\lib\write-result.test.ts
FNF:7
FNH:7
DA:1,50
DA:3,140
DA:12,34
DA:13,52
DA:14,21
DA:15,12
DA:16,22
DA:17,16
DA:18,23
DA:19,21
DA:20,18
DA:21,6
DA:22,49
DA:23,20
DA:24,12
DA:25,15
DA:26,16
DA:27,18
DA:28,21
DA:29,18
DA:30,5
DA:31,4
DA:33,57
DA:34,20
DA:35,12
DA:36,16
DA:37,15
DA:38,15
DA:39,6
DA:40,47
DA:41,19
DA:42,12
DA:43,16
DA:44,15
DA:45,15
DA:46,5
DA:47,4
DA:49,70
DA:50,20
DA:51,12
DA:52,16
DA:53,17
DA:54,20
DA:55,21
DA:56,17
DA:57,15
DA:58,15
DA:59,21
DA:60,21
DA:61,23
DA:62,23
DA:63,23
DA:64,6
DA:65,53
DA:66,19
DA:67,12
DA:68,18
DA:69,18
DA:70,5
DA:71,3
DA:72,3
DA:74,65
DA:75,40
DA:76,30
DA:77,38
DA:78,91
DA:79,6
DA:80,32
DA:81,15
DA:82,17
DA:83,21
DA:84,26
DA:85,17
DA:86,22
DA:87,14
DA:88,18
DA:89,18
DA:90,20
DA:91,23
DA:92,20
DA:93,5
DA:94,5
DA:95,4
DA:97,51
DA:98,39
DA:99,62
DA:100,7
DA:101,55
DA:102,17
DA:103,15
DA:104,17
DA:105,21
DA:106,26
DA:107,14
DA:108,5
DA:109,3
DA:110,2
LF:97
LH:97
end_of_record
TN:
SF:src\cli\lib\write-result.ts
FNF:6
FNH:6
DA:69,16
DA:70,12
DA:71,18
DA:72,17
DA:73,27
DA:74,21
DA:75,31
DA:76,31
DA:77,28
DA:78,2
DA:81,15
DA:82,12
DA:83,17
DA:84,16
DA:85,20
DA:86,22
DA:87,22
DA:88,27
DA:89,2
DA:92,15
DA:93,12
DA:94,17
DA:95,16
DA:96,24
DA:97,26
DA:98,32
DA:99,24
DA:100,22
DA:101,20
DA:102,30
DA:103,30
DA:104,30
DA:105,30
DA:106,33
DA:107,2
DA:110,6
DA:111,7
DA:112,8
DA:113,3
DA:114,12
DA:115,13
DA:116,22
DA:117,32
DA:118,36
DA:119,8
DA:120,2
DA:123,6
DA:124,6
DA:125,4
DA:126,6
DA:127,3
DA:128,12
DA:129,9
DA:130,7
DA:131,9
DA:132,15
DA:133,2
DA:136,6
DA:137,7
DA:138,9
DA:139,3
DA:140,12
DA:141,13
DA:142,22
DA:143,32
DA:144,36
DA:145,9
DA:146,1
LF:68
LH:68
end_of_record
TN:
SF:src\cli\lib\writeCommands.breadth.test.ts
FNF:89
FNH:89
DA:5,61
DA:7,44
DA:8,290
DA:26,8
DA:27,15
DA:28,57
DA:29,23
DA:30,10
DA:31,10
DA:32,5
DA:33,7
DA:34,27
DA:35,5
DA:36,4
DA:37,14
DA:39,9
DA:40,23
DA:41,5
DA:42,32
DA:44,10
DA:47,11
DA:48,40
DA:51,59
DA:52,52
DA:53,86
DA:54,18
DA:55,71
DA:56,6
DA:57,4
DA:59,61
DA:60,13
DA:61,65
DA:62,31
DA:63,18
DA:64,71
DA:65,7
DA:66,13
DA:67,65
DA:68,31
DA:69,18
DA:70,71
DA:71,6
DA:72,4
DA:74,57
DA:75,90
DA:76,18
DA:77,71
DA:78,6
DA:79,4
DA:81,62
DA:82,84
DA:83,18
DA:84,70
DA:85,6
DA:86,4
DA:88,60
DA:89,13
DA:90,52
DA:91,31
DA:92,18
DA:93,70
DA:94,6
DA:95,4
DA:97,60
DA:98,13
DA:99,52
DA:100,31
DA:101,18
DA:102,70
DA:103,6
DA:104,4
DA:106,52
DA:107,13
DA:108,49
DA:109,31
DA:110,18
DA:111,71
DA:112,6
DA:113,4
DA:115,63
DA:116,13
DA:117,58
DA:118,31
DA:119,18
DA:120,70
DA:121,6
DA:122,4
DA:124,65
DA:125,13
DA:126,20
DA:127,14
DA:128,17
DA:129,18
DA:130,18
DA:131,14
DA:132,2
DA:133,31
DA:134,18
DA:135,80
DA:136,6
DA:137,4
DA:139,55
DA:140,13
DA:141,50
DA:142,31
DA:143,18
DA:144,71
DA:145,6
DA:146,3
DA:147,3
DA:149,71
DA:150,36
DA:152,1
DA:153,6
DA:157,5
DA:158,28
DA:161,20
DA:162,31
DA:163,4
DA:165,25
DA:166,5
DA:167,42
DA:168,42
DA:169,20
DA:170,14
DA:171,17
DA:172,3
DA:173,4
DA:175,59
DA:176,36
DA:177,62
DA:178,40
DA:179,20
DA:180,24
DA:181,19
DA:182,24
DA:183,51
DA:184,50
DA:185,4
DA:186,64
DA:187,1
DA:188,6
DA:189,37
DA:190,57
DA:191,6
DA:192,37
DA:193,28
DA:194,38
DA:195,4
DA:197,50
DA:198,36
DA:199,64
DA:200,41
DA:201,50
DA:202,40
DA:203,20
DA:204,24
DA:205,19
DA:206,24
DA:207,51
DA:208,50
DA:209,4
DA:210,64
DA:211,1
DA:212,6
DA:213,37
DA:214,22
DA:215,18
DA:216,18
DA:217,18
DA:218,19
DA:219,1
DA:220,6
DA:221,62
DA:222,4
DA:224,66
DA:225,36
DA:226,64
DA:227,42
DA:228,20
DA:229,24
DA:230,19
DA:231,24
DA:232,51
DA:233,22
DA:234,4
DA:235,64
DA:236,1
DA:237,6
DA:238,37
DA:239,56
DA:240,6
DA:241,37
DA:242,39
DA:243,4
DA:245,48
DA:246,31
DA:247,12
DA:248,16
DA:249,16
DA:250,43
DA:251,7
DA:252,36
DA:253,66
DA:254,39
DA:255,50
DA:256,34
DA:257,42
DA:258,52
DA:259,20
DA:260,53
DA:261,2
DA:262,6
DA:263,37
DA:264,20
DA:265,18
DA:266,17
DA:267,18
DA:268,15
DA:269,1
DA:270,6
DA:271,62
DA:272,4
DA:274,48
DA:275,36
DA:276,63
DA:277,40
DA:278,50
DA:279,34
DA:280,35
DA:281,39
DA:282,20
DA:283,24
DA:284,19
DA:285,25
DA:286,51
DA:287,19
DA:288,17
DA:289,20
DA:290,21
DA:291,25
DA:292,19
DA:293,24
DA:294,25
DA:295,19
DA:296,48
DA:297,45
DA:298,7
DA:299,4
DA:300,64
DA:301,1
DA:302,6
DA:303,37
DA:304,19
DA:305,18
DA:306,19
DA:307,16
DA:308,17
DA:309,18
DA:310,1
DA:311,6
DA:312,88
DA:313,4
DA:315,46
DA:316,36
DA:317,65
DA:318,41
DA:319,77
DA:320,20
DA:321,24
DA:322,19
DA:323,25
DA:324,51
DA:325,19
DA:326,16
DA:327,20
DA:328,21
DA:329,23
DA:330,19
DA:331,24
DA:332,25
DA:333,19
DA:334,48
DA:335,45
DA:336,7
DA:337,4
DA:338,64
DA:339,1
DA:340,6
DA:341,37
DA:342,22
DA:343,18
DA:344,19
DA:345,18
DA:346,16
DA:347,1
DA:348,6
DA:349,62
DA:350,4
DA:352,66
DA:353,36
DA:354,65
DA:355,42
DA:356,20
DA:357,24
DA:358,19
DA:359,25
DA:360,51
DA:361,22
DA:362,4
DA:363,64
DA:364,1
DA:365,6
DA:366,37
DA:367,57
DA:368,6
DA:369,52
DA:370,29
DA:371,6
DA:372,4
DA:374,45
DA:375,31
DA:376,12
DA:377,18
DA:378,16
DA:379,16
DA:380,11
DA:381,16
DA:382,20
DA:383,21
DA:384,21
DA:385,19
DA:386,24
DA:387,25
DA:388,19
DA:389,48
DA:390,45
DA:391,7
DA:392,5
DA:393,7
DA:394,36
DA:395,68
DA:396,39
DA:397,50
DA:398,34
DA:399,36
DA:400,52
DA:401,20
DA:402,53
DA:403,2
DA:404,6
DA:405,37
DA:406,20
DA:407,18
DA:408,19
DA:409,18
DA:410,15
DA:411,1
DA:412,6
DA:413,62
DA:414,4
DA:416,46
DA:417,31
DA:418,12
DA:419,16
DA:420,19
DA:421,7
DA:422,36
DA:423,55
DA:424,41
DA:425,52
DA:426,20
DA:427,53
DA:428,2
DA:429,6
DA:430,37
DA:431,60
DA:432,6
DA:433,62
DA:434,4
DA:436,49
DA:437,63
DA:438,18
DA:439,36
DA:440,32
DA:441,70
DA:442,19
DA:443,42
DA:444,6
DA:445,58
DA:446,19
DA:447,54
DA:448,22
DA:449,55
DA:450,2
DA:451,0
DA:452,0
DA:453,6
DA:454,37
DA:455,45
DA:456,6
DA:457,26
DA:458,52
DA:459,30
DA:460,6
DA:461,4
DA:463,63
DA:464,61
DA:465,36
DA:466,62
DA:467,41
DA:468,52
DA:469,20
DA:470,53
DA:471,2
DA:472,6
DA:474,38
DA:475,18
DA:476,18
DA:477,18
DA:478,28
DA:479,29
DA:480,7
DA:481,37
DA:482,58
DA:483,6
DA:484,62
DA:485,4
DA:487,65
DA:488,61
DA:489,36
DA:490,66
DA:491,41
DA:492,50
DA:493,46
DA:494,52
DA:495,20
DA:496,53
DA:497,2
DA:498,6
DA:499,37
DA:500,59
DA:501,6
DA:502,62
DA:503,4
DA:505,46
DA:506,36
DA:507,64
DA:508,40
DA:509,20
DA:510,24
DA:511,14
DA:512,20
DA:513,43
DA:514,4
DA:515,64
DA:516,1
DA:517,6
DA:518,37
DA:519,55
DA:520,6
DA:521,72
DA:522,4
DA:524,51
DA:525,36
DA:526,66
DA:527,41
DA:528,20
DA:529,24
DA:530,14
DA:531,20
DA:532,43
DA:533,4
DA:534,64
DA:535,1
DA:536,6
DA:537,37
DA:538,74
DA:539,6
DA:540,65
DA:541,4
DA:543,62
DA:544,36
DA:545,66
DA:546,42
DA:547,42
DA:548,6
DA:549,37
DA:550,61
DA:551,6
DA:552,46
DA:553,15
DA:554,17
DA:555,23
DA:556,6
DA:557,3
DA:558,2
LF:497
LH:495
end_of_record
TN:
SF:src\cli\lib\writeCommands.smoke.test.ts
FNF:23
FNH:23
DA:1,61
DA:3,44
DA:4,80
DA:6,8
DA:7,15
DA:8,57
DA:9,23
DA:10,10
DA:11,10
DA:12,5
DA:13,7
DA:14,27
DA:15,5
DA:16,4
DA:17,14
DA:19,9
DA:20,23
DA:21,5
DA:22,32
DA:24,11
DA:27,52
DA:28,36
DA:30,1
DA:31,6
DA:35,5
DA:36,28
DA:39,20
DA:40,31
DA:41,4
DA:43,63
DA:44,30
DA:45,50
DA:46,56
DA:47,20
DA:48,24
DA:49,66
DA:50,4
DA:51,64
DA:52,1
DA:53,6
DA:55,37
DA:56,45
DA:57,6
DA:58,46
DA:59,64
DA:60,6
DA:61,4
DA:63,59
DA:64,90
DA:65,18
DA:66,71
DA:67,6
DA:68,4
DA:70,71
DA:71,18
DA:72,13
DA:73,22
DA:74,68
DA:75,66
DA:76,4
DA:77,64
DA:79,6
DA:81,37
DA:82,59
DA:83,6
DA:84,72
DA:85,4
DA:87,74
DA:88,18
DA:89,40
DA:90,18
DA:91,51
DA:92,1
DA:93,6
DA:95,13
DA:96,61
DA:97,31
DA:98,18
DA:99,64
DA:100,6
DA:101,4
DA:103,69
DA:104,21
DA:105,13
DA:106,24
DA:107,24
DA:108,18
DA:109,44
DA:110,41
DA:111,6
DA:113,37
DA:114,40
DA:115,60
DA:116,40
DA:117,52
DA:118,20
DA:119,53
DA:120,2
DA:121,6
DA:123,37
DA:124,45
DA:125,6
DA:126,42
DA:127,33
DA:128,36
DA:129,43
DA:130,20
DA:131,13
DA:132,24
DA:133,21
DA:134,6
DA:135,3
DA:136,2
LF:113
LH:113
end_of_record
TN:
SF:src\cli\lib\writeCommands.ts
FNF:51
FNH:49
DA:1,58
DA:3,82
DA:10,56
DA:11,53
DA:12,47
DA:13,65
DA:14,44
DA:15,139
DA:24,1
DA:25,7
DA:26,5
DA:27,3
DA:28,47
DA:29,24
DA:30,34
DA:31,0
DA:32,0
DA:33,0
DA:34,0
DA:35,2
DA:36,8
DA:39,9
DA:40,24
DA:41,34
DA:42,0
DA:43,0
DA:44,0
DA:45,0
DA:46,2
DA:47,8
DA:56,7
DA:59,3
DA:60,39
DA:61,39
DA:62,62
DA:63,56
DA:64,21
DA:65,0
DA:66,0
DA:67,0
DA:68,2
DA:69,49
DA:70,0
DA:71,0
DA:72,0
DA:73,0
DA:74,0
DA:75,0
DA:76,0
DA:77,0
DA:78,0
DA:79,0
DA:80,0
DA:81,0
DA:82,0
DA:85,0
DA:86,0
DA:87,0
DA:88,0
DA:89,0
DA:90,0
DA:91,0
DA:92,0
DA:93,0
DA:94,0
DA:95,0
DA:96,0
DA:97,0
DA:98,0
DA:99,0
DA:100,0
DA:101,0
DA:102,0
DA:103,0
DA:104,0
DA:105,0
DA:106,0
DA:107,0
DA:108,0
DA:109,0
DA:110,0
DA:117,1
DA:118,7
DA:119,9
DA:124,3
DA:125,45
DA:126,48
DA:127,42
DA:128,64
DA:129,14
DA:130,0
DA:131,0
DA:132,0
DA:133,2
DA:134,17
DA:135,51
DA:136,2
DA:137,12
DA:138,0
DA:139,2
DA:140,13
DA:141,0
DA:142,2
DA:143,6
DA:146,0
DA:150,1
DA:151,7
DA:152,9
DA:153,3
DA:154,36
DA:155,20
DA:156,0
DA:157,0
DA:158,0
DA:159,0
DA:160,0
DA:161,0
DA:162,0
DA:163,0
DA:164,0
DA:165,0
DA:166,0
DA:167,0
DA:168,0
DA:171,1
DA:172,7
DA:173,9
DA:178,13
DA:179,3
DA:180,55
DA:181,23
DA:182,23
DA:183,22
DA:184,5
DA:185,14
DA:186,0
DA:187,0
DA:188,0
DA:189,2
DA:190,52
DA:191,13
DA:192,9
DA:193,28
DA:194,0
DA:195,0
DA:196,0
DA:197,2
DA:199,31
DA:200,13
DA:201,0
DA:202,0
DA:203,0
DA:204,0
DA:205,0
DA:206,0
DA:207,0
DA:208,0
DA:209,0
DA:210,0
DA:211,0
DA:212,0
DA:213,0
DA:216,1
DA:217,7
DA:218,8
DA:223,3
DA:224,55
DA:225,23
DA:226,23
DA:227,22
DA:228,5
DA:229,14
DA:230,0
DA:231,0
DA:232,0
DA:233,2
DA:234,52
DA:235,13
DA:236,9
DA:237,28
DA:238,0
DA:239,0
DA:240,0
DA:241,2
DA:243,67
DA:244,0
DA:245,0
DA:246,0
DA:247,2
DA:248,14
DA:251,11
DA:258,3
DA:259,25
DA:260,43
DA:261,54
DA:262,18
DA:263,38
DA:264,24
DA:266,74
DA:267,27
DA:268,31
DA:269,30
DA:270,5
DA:271,24
DA:273,0
DA:274,2
DA:276,35
DA:277,11
DA:278,57
DA:279,8
DA:280,4
DA:281,60
DA:284,11
DA:296,3
DA:297,37
DA:298,18
DA:299,72
DA:300,33
DA:301,2
DA:302,2
DA:303,48
DA:304,0
DA:305,0
DA:306,0
DA:307,2
DA:308,58
DA:309,0
DA:310,0
DA:311,0
DA:312,0
DA:313,0
DA:314,2
DA:315,26
DA:316,0
DA:317,0
DA:318,0
DA:319,0
DA:320,0
DA:321,0
DA:322,0
DA:323,0
DA:324,0
DA:325,0
DA:326,0
DA:327,2
DA:329,74
DA:330,27
DA:331,31
DA:332,30
DA:333,5
DA:335,19
DA:336,55
DA:337,25
DA:338,34
DA:339,0
DA:340,0
DA:341,3
DA:342,25
DA:343,0
DA:344,40
DA:345,0
DA:346,0
DA:347,0
DA:348,0
DA:349,0
DA:350,0
DA:351,0
DA:352,0
DA:353,3
DA:354,26
DA:355,0
DA:356,30
DA:357,0
DA:358,3
DA:360,41
DA:361,70
DA:362,32
DA:363,2
DA:364,2
DA:366,9
DA:367,35
DA:368,42
DA:369,34
DA:370,19
DA:371,6
DA:372,60
DA:373,0
DA:374,0
DA:375,0
DA:376,0
DA:377,2
DA:381,11
DA:384,3
DA:385,37
DA:386,13
DA:387,0
DA:388,0
DA:389,0
DA:390,2
DA:392,9
DA:393,29
DA:394,42
DA:395,19
DA:396,6
DA:397,21
DA:398,42
DA:399,22
DA:400,19
DA:401,6
DA:402,10
DA:403,15
DA:404,36
DA:405,44
DA:406,1
DA:407,4
DA:408,0
DA:409,0
DA:410,0
DA:411,0
DA:412,2
DA:416,11
DA:422,3
DA:423,37
DA:424,13
DA:425,0
DA:426,0
DA:427,0
DA:428,2
DA:429,61
DA:430,57
DA:431,15
DA:433,0
DA:434,2
DA:436,9
DA:437,35
DA:438,49
DA:439,41
DA:440,19
DA:441,6
DA:442,60
DA:443,0
DA:444,0
DA:445,0
DA:446,0
DA:447,2
DA:451,11
DA:457,3
DA:458,37
DA:459,13
DA:460,0
DA:461,0
DA:462,0
DA:463,2
DA:464,48
DA:465,19
DA:466,6
DA:467,16
DA:468,4
DA:470,9
DA:471,35
DA:472,53
DA:473,47
DA:474,19
DA:475,6
DA:476,60
DA:477,0
DA:478,0
DA:479,0
DA:480,0
DA:481,2
DA:485,11
DA:490,3
DA:491,37
DA:492,18
DA:493,65
DA:494,33
DA:495,2
DA:496,2
DA:497,25
DA:498,43
DA:499,54
DA:500,18
DA:501,38
DA:502,24
DA:504,9
DA:505,36
DA:506,48
DA:507,57
DA:508,8
DA:509,6
DA:510,10
DA:511,13
DA:512,7
DA:513,25
DA:514,29
DA:515,36
DA:516,3
DA:517,32
DA:518,1
DA:519,4
DA:520,0
DA:521,0
DA:522,0
DA:523,0
DA:524,2
DA:528,11
DA:537,3
DA:538,37
DA:539,13
DA:540,0
DA:541,0
DA:542,0
DA:543,2
DA:544,57
DA:545,25
DA:546,0
DA:547,0
DA:548,0
DA:549,0
DA:550,2
DA:551,48
DA:552,0
DA:553,0
DA:554,0
DA:555,2
DA:556,48
DA:557,0
DA:558,0
DA:559,0
DA:560,2
DA:562,19
DA:563,55
DA:564,25
DA:565,39
DA:566,25
DA:567,34
DA:568,0
DA:569,0
DA:570,3
DA:572,41
DA:573,70
DA:574,32
DA:575,2
DA:576,2
DA:578,9
DA:579,36
DA:580,58
DA:581,34
DA:582,19
DA:583,6
DA:584,10
DA:585,13
DA:586,7
DA:587,25
DA:588,29
DA:589,36
DA:590,3
DA:591,32
DA:592,1
DA:593,4
DA:594,0
DA:595,0
DA:596,0
DA:597,0
DA:598,0
DA:599,0
DA:600,0
DA:601,0
DA:602,0
DA:603,0
DA:604,0
DA:605,2
DA:609,11
DA:613,3
DA:614,37
DA:615,13
DA:616,0
DA:617,0
DA:618,0
DA:619,2
DA:620,57
DA:621,25
DA:622,0
DA:623,0
DA:624,0
DA:625,0
DA:626,2
DA:628,9
DA:629,36
DA:630,58
DA:631,22
DA:632,19
DA:633,6
DA:634,10
DA:635,15
DA:636,7
DA:637,25
DA:638,29
DA:639,36
DA:640,3
DA:641,43
DA:642,1
DA:643,4
DA:644,0
DA:645,0
DA:646,0
DA:647,0
DA:648,0
DA:649,0
DA:650,0
DA:651,0
DA:652,0
DA:653,0
DA:654,0
DA:655,2
DA:659,11
DA:667,3
DA:668,37
DA:669,13
DA:670,0
DA:671,0
DA:672,0
DA:673,2
DA:674,57
DA:675,25
DA:676,0
DA:677,0
DA:678,0
DA:679,0
DA:680,2
DA:682,69
DA:683,66
DA:684,24
DA:685,35
DA:686,34
DA:687,17
DA:688,18
DA:689,28
DA:690,19
DA:691,57
DA:692,3
DA:693,42
DA:694,1
DA:695,2
DA:697,9
DA:698,35
DA:699,53
DA:700,7
DA:701,20
DA:702,15
DA:703,15
DA:704,21
DA:705,20
DA:706,34
DA:707,5
DA:708,3
DA:709,19
DA:710,6
DA:711,63
DA:712,11
DA:713,0
DA:714,0
DA:715,0
DA:716,0
DA:717,0
DA:718,4
DA:719,59
DA:720,0
DA:721,0
DA:722,0
DA:723,0
DA:724,0
DA:725,0
DA:726,0
DA:727,0
DA:728,0
DA:729,0
DA:730,0
DA:731,2
DA:735,11
DA:752,3
DA:753,37
DA:754,13
DA:755,0
DA:756,0
DA:757,0
DA:758,2
DA:759,55
DA:760,58
DA:761,30
DA:762,64
DA:763,33
DA:764,2
DA:765,2
DA:766,31
DA:767,65
DA:768,33
DA:769,2
DA:770,2
DA:771,48
DA:772,0
DA:773,0
DA:774,0
DA:775,0
DA:776,0
DA:777,2
DA:779,47
DA:780,20
DA:781,28
DA:782,27
DA:783,5
DA:784,37
DA:786,44
DA:787,39
DA:788,25
DA:790,21
DA:791,11
DA:792,12
DA:793,10
DA:794,19
DA:795,39
DA:796,4
DA:798,32
DA:799,0
DA:800,0
DA:801,0
DA:802,0
DA:803,0
DA:804,0
DA:805,0
DA:806,0
DA:807,2
DA:809,43
DA:810,26
DA:811,27
DA:812,5
DA:813,29
DA:814,0
DA:815,0
DA:816,0
DA:817,0
DA:818,0
DA:819,2
DA:821,20
DA:822,0
DA:823,35
DA:824,0
DA:825,0
DA:826,3
DA:828,9
DA:829,36
DA:830,48
DA:831,35
DA:832,8
DA:833,6
DA:834,10
DA:835,13
DA:836,7
DA:837,25
DA:838,29
DA:839,36
DA:840,3
DA:841,32
DA:842,1
DA:843,4
DA:844,0
DA:845,0
DA:846,0
DA:847,0
DA:848,2
DA:852,11
DA:870,3
DA:871,37
DA:872,13
DA:873,0
DA:874,0
DA:875,0
DA:876,2
DA:877,42
DA:878,25
DA:880,48
DA:881,0
DA:882,0
DA:883,0
DA:884,2
DA:885,48
DA:886,0
DA:887,0
DA:888,0
DA:889,0
DA:890,0
DA:891,2
DA:893,47
DA:894,20
DA:895,28
DA:896,27
DA:897,5
DA:898,44
DA:900,19
DA:901,58
DA:902,35
DA:903,28
DA:904,0
DA:905,0
DA:906,0
DA:907,0
DA:908,0
DA:909,0
DA:910,0
DA:911,0
DA:912,2
DA:913,29
DA:914,0
DA:915,0
DA:916,0
DA:917,0
DA:918,0
DA:919,0
DA:920,0
DA:921,0
DA:922,2
DA:923,32
DA:924,0
DA:925,0
DA:926,0
DA:927,0
DA:928,0
DA:929,0
DA:930,0
DA:931,0
DA:932,2
DA:933,43
DA:934,26
DA:935,27
DA:936,5
DA:937,29
DA:938,0
DA:939,0
DA:940,0
DA:941,0
DA:942,0
DA:943,2
DA:944,25
DA:945,39
DA:946,25
DA:947,34
DA:948,0
DA:949,0
DA:950,3
DA:951,32
DA:953,41
DA:954,70
DA:955,32
DA:956,2
DA:957,2
DA:959,9
DA:960,36
DA:961,58
DA:962,34
DA:963,8
DA:964,6
DA:965,10
DA:966,13
DA:967,7
DA:968,25
DA:969,29
DA:970,36
DA:971,3
DA:972,32
DA:973,1
DA:974,4
DA:975,0
DA:976,0
DA:977,0
DA:978,0
DA:979,0
DA:980,0
DA:981,0
DA:982,0
DA:983,0
DA:984,0
DA:985,0
DA:986,2
DA:990,11
DA:994,3
DA:995,37
DA:996,13
DA:997,0
DA:998,0
DA:999,0
DA:1000,2
DA:1001,42
DA:1003,9
DA:1004,36
DA:1005,58
DA:1006,22
DA:1007,19
DA:1008,6
DA:1009,10
DA:1010,15
DA:1011,7
DA:1012,25
DA:1013,29
DA:1014,36
DA:1015,3
DA:1016,43
DA:1017,1
DA:1018,4
DA:1019,0
DA:1020,0
DA:1021,0
DA:1022,0
DA:1023,0
DA:1024,0
DA:1025,0
DA:1026,0
DA:1027,0
DA:1028,0
DA:1029,0
DA:1030,2
DA:1034,11
DA:1044,3
DA:1045,37
DA:1046,13
DA:1047,0
DA:1048,0
DA:1049,0
DA:1050,2
DA:1051,42
DA:1052,57
DA:1053,30
DA:1054,67
DA:1055,33
DA:1056,2
DA:1057,2
DA:1058,73
DA:1059,70
DA:1060,24
DA:1061,35
DA:1062,34
DA:1063,19
DA:1064,17
DA:1065,23
DA:1066,0
DA:1067,0
DA:1068,0
DA:1069,0
DA:1070,0
DA:1071,2
DA:1073,25
DA:1075,9
DA:1076,35
DA:1077,53
DA:1078,7
DA:1079,20
DA:1080,15
DA:1081,15
DA:1082,25
DA:1083,53
DA:1084,21
DA:1085,20
DA:1086,51
DA:1087,5
DA:1088,3
DA:1089,8
DA:1090,6
DA:1091,63
DA:1092,11
DA:1093,0
DA:1094,0
DA:1095,0
DA:1096,0
DA:1097,0
DA:1098,4
DA:1099,10
DA:1100,45
DA:1101,4
DA:1102,0
DA:1103,0
DA:1104,0
DA:1105,0
DA:1106,0
DA:1107,0
DA:1108,0
DA:1109,0
DA:1110,0
DA:1111,0
DA:1112,0
DA:1113,2
DA:1117,11
DA:1120,3
DA:1121,37
DA:1122,18
DA:1123,65
DA:1124,33
DA:1125,2
DA:1126,2
DA:1127,28
DA:1128,51
DA:1129,19
DA:1130,4
DA:1131,18
DA:1134,11
DA:1138,3
DA:1139,37
DA:1140,13
DA:1141,0
DA:1142,0
DA:1143,0
DA:1144,2
DA:1145,60
DA:1146,22
DA:1147,0
DA:1148,0
DA:1149,0
DA:1150,0
DA:1151,2
DA:1152,28
DA:1153,51
DA:1154,19
DA:1155,4
DA:1156,43
DA:1157,14
DA:1158,50
DA:1159,29
DA:1160,21
DA:1161,18
DA:1162,2
DA:1163,2
DA:1164,17
DA:1167,11
DA:1175,3
DA:1176,37
DA:1177,13
DA:1178,0
DA:1179,0
DA:1180,0
DA:1181,2
DA:1182,39
DA:1183,15
DA:1184,64
DA:1185,33
DA:1186,2
DA:1187,2
DA:1188,48
DA:1189,0
DA:1190,0
DA:1191,0
DA:1192,2
DA:1193,60
DA:1194,0
DA:1195,0
DA:1196,0
DA:1197,0
DA:1198,0
DA:1199,2
DA:1200,24
DA:1201,25
DA:1202,39
DA:1203,31
DA:1204,40
DA:1205,0
DA:1206,3
DA:1208,9
DA:1209,37
DA:1210,51
DA:1211,26
DA:1212,19
DA:1213,6
DA:1214,21
DA:1215,0
DA:1216,0
DA:1217,0
DA:1218,0
DA:1219,2
DA:1223,11
DA:1232,3
DA:1233,37
DA:1234,13
DA:1235,0
DA:1236,0
DA:1237,0
DA:1238,2
DA:1239,60
DA:1240,22
DA:1241,0
DA:1242,0
DA:1243,0
DA:1244,0
DA:1245,2
DA:1246,48
DA:1247,0
DA:1248,0
DA:1249,0
DA:1250,2
DA:1251,60
DA:1252,0
DA:1253,0
DA:1254,0
DA:1255,0
DA:1256,0
DA:1257,2
DA:1258,19
DA:1259,55
DA:1260,25
DA:1261,39
DA:1262,31
DA:1263,40
DA:1264,0
DA:1265,3
DA:1266,41
DA:1267,70
DA:1268,32
DA:1269,2
DA:1270,2
DA:1272,9
DA:1273,37
DA:1274,58
DA:1275,34
DA:1276,19
DA:1277,6
DA:1278,21
DA:1279,0
DA:1280,0
DA:1281,0
DA:1282,0
DA:1283,2
DA:1287,11
DA:1292,3
DA:1293,37
DA:1294,13
DA:1295,0
DA:1296,0
DA:1297,0
DA:1298,2
DA:1299,60
DA:1300,22
DA:1301,0
DA:1302,0
DA:1303,0
DA:1304,0
DA:1305,2
DA:1306,43
DA:1307,17
DA:1308,12
DA:1309,0
DA:1310,0
DA:1311,0
DA:1312,0
DA:1313,0
DA:1314,0
DA:1315,0
DA:1316,0
DA:1317,2
DA:1319,9
DA:1320,21
DA:1321,66
DA:1322,22
DA:1323,19
DA:1324,6
DA:1325,65
DA:1326,0
DA:1327,0
DA:1328,0
DA:1329,0
DA:1330,1
LF:1066
LH:658
end_of_record
TN:
SF:src\cli\subprocess.real-stack.test.ts
FNF:19
FNH:18
DA:8,73
DA:9,40
DA:10,59
DA:15,33
DA:16,29
DA:18,59
DA:19,74
DA:20,35
DA:21,10
DA:22,7
DA:23,10
DA:24,11
DA:25,27
DA:26,3
DA:27,77
DA:29,20
DA:30,42
DA:31,42
DA:33,6
DA:34,44
DA:35,29
DA:36,37
DA:37,31
DA:38,46
DA:39,28
DA:40,30
DA:41,0
DA:42,4
DA:44,6
DA:45,24
DA:46,1
DA:49,1
DA:50,7
DA:51,3
DA:52,54
DA:53,40
DA:56,20
DA:57,42
DA:58,34
DA:59,11
DA:60,67
DA:61,18
DA:62,33
DA:63,33
DA:64,1
DA:65,11
DA:68,44
DA:69,0
DA:70,1
DA:73,87
DA:74,14
DA:75,14
DA:76,14
DA:77,11
DA:78,24
DA:80,20
DA:81,69
DA:82,41
DA:83,41
DA:84,44
DA:85,44
DA:86,37
DA:88,22
DA:89,18
DA:90,36
DA:91,36
DA:92,37
DA:93,37
DA:94,17
DA:95,6
DA:97,30
DA:98,45
DA:99,20
DA:100,21
DA:101,21
DA:102,7
DA:103,7
DA:104,39
DA:105,19
DA:106,0
DA:107,0
DA:108,4
DA:110,30
DA:111,40
DA:112,20
DA:113,21
DA:114,21
DA:115,7
DA:116,7
DA:118,36
DA:119,4
DA:121,20
DA:122,22
DA:123,13
DA:124,24
DA:125,6
DA:128,22
DA:129,4
DA:130,11
DA:131,55
DA:132,9
DA:135,4
DA:137,73
DA:138,30
DA:139,77
DA:140,20
DA:141,21
DA:142,21
DA:143,17
DA:144,20
DA:145,22
DA:146,36
DA:147,5
DA:148,7
DA:149,50
DA:150,40
DA:151,37
DA:152,7
DA:153,35
DA:155,25
DA:156,35
DA:157,45
DA:158,45
DA:159,30
DA:160,4
DA:162,60
DA:163,30
DA:164,79
DA:165,20
DA:166,21
DA:167,21
DA:168,17
DA:169,20
DA:170,22
DA:171,36
DA:172,5
DA:173,7
DA:174,50
DA:175,40
DA:176,37
DA:177,7
DA:178,35
DA:180,25
DA:181,35
DA:182,43
DA:183,50
DA:184,45
DA:185,39
DA:186,46
DA:187,40
DA:188,3
DA:189,2
LF:152
LH:148
end_of_record
TN:
SF:src\cli\subprocess.smoke.test.ts
FNF:20
FNH:20
DA:6,50
DA:7,29
DA:9,59
DA:10,73
DA:12,1
DA:13,7
DA:14,3
DA:16,54
DA:17,40
DA:20,10
DA:21,22
DA:22,46
DA:23,18
DA:24,19
DA:25,19
DA:26,18
DA:27,3
DA:30,54
DA:31,84
DA:32,32
DA:33,13
DA:34,15
DA:35,35
DA:36,68
DA:37,53
DA:38,24
DA:39,57
DA:40,2
DA:41,0
DA:42,4
DA:44,7
DA:46,11
DA:47,31
DA:48,71
DA:49,52
DA:50,42
DA:51,39
DA:52,9
DA:53,37
DA:55,27
DA:56,37
DA:57,47
DA:58,40
DA:59,7
DA:60,21
DA:62,4
DA:64,83
DA:65,64
DA:66,50
DA:67,40
DA:68,37
DA:69,7
DA:70,35
DA:72,25
DA:73,35
DA:74,42
DA:75,36
DA:76,48
DA:77,37
DA:78,54
DA:79,4
DA:81,56
DA:82,41
DA:83,59
DA:84,35
DA:86,25
DA:87,39
DA:88,52
DA:89,4
DA:91,93
DA:92,53
DA:93,64
DA:94,40
DA:95,42
DA:96,56
DA:98,63
DA:99,61
DA:100,41
DA:101,38
DA:102,38
DA:103,4
DA:105,91
DA:106,69
DA:107,50
DA:108,40
DA:109,37
DA:110,7
DA:111,35
DA:113,25
DA:114,35
DA:115,42
DA:116,45
DA:117,45
DA:118,4
DA:120,81
DA:121,49
DA:122,50
DA:123,40
DA:124,37
DA:125,7
DA:126,35
DA:128,25
DA:129,35
DA:131,57
DA:132,4
DA:134,88
DA:135,32
DA:136,13
DA:137,15
DA:138,35
DA:139,68
DA:140,20
DA:141,56
DA:142,13
DA:143,24
DA:144,57
DA:145,1
DA:146,1
DA:147,0
DA:148,4
DA:150,7
DA:152,11
DA:153,78
DA:154,52
DA:155,42
DA:156,39
DA:157,9
DA:158,37
DA:160,27
DA:161,37
DA:162,44
DA:163,39
DA:164,48
DA:165,7
DA:166,21
DA:168,3
DA:169,2
LF:137
LH:135
end_of_record
TN:
SF:src\client\components\board\boardTaskDndDeps.test.ts
FNF:7
FNH:7
DA:1,50
DA:3,87
DA:8,13
DA:9,12
DA:10,19
DA:11,27
DA:12,32
DA:13,29
DA:14,34
DA:15,40
DA:16,37
DA:17,30
DA:18,63
DA:19,63
DA:20,30
DA:21,2
DA:24,36
DA:25,77
DA:26,53
DA:27,53
DA:28,78
DA:29,4
DA:31,67
DA:32,52
DA:33,52
DA:34,53
DA:35,35
DA:36,4
DA:37,4
DA:39,69
DA:40,42
DA:41,42
DA:42,50
DA:43,4
DA:45,77
DA:46,45
DA:47,45
DA:48,51
DA:49,4
DA:51,64
DA:52,67
DA:53,3
DA:54,2
LF:43
LH:43
end_of_record
TN:
SF:src\client\components\board\boardTaskDndDeps.ts
FNF:3
FNH:3
DA:3,43
DA:4,34
DA:6,10
DA:7,15
DA:8,28
DA:16,16
DA:17,8
DA:18,27
DA:19,32
DA:20,36
DA:21,47
DA:22,50
DA:23,4
DA:24,35
DA:25,37
DA:26,40
DA:27,48
DA:28,2
DA:29,38
DA:30,15
DA:36,6
DA:37,3
DA:38,3
DA:39,3
DA:40,35
DA:41,35
DA:42,33
DA:43,39
DA:44,39
DA:45,2
DA:46,24
DA:47,20
DA:48,20
DA:49,50
DA:50,37
DA:51,41
DA:52,43
DA:53,2
DA:54,2
DA:55,11
LF:40
LH:40
end_of_record
TN:
SF:src\server\db.ts
FNF:6
FNH:3
DA:1,36
DA:2,29
DA:3,38
DA:4,82
DA:5,59
DA:8,0
DA:9,1
DA:12,0
DA:13,1
DA:16,22
DA:18,11
DA:19,16
DA:20,0
DA:21,0
DA:22,0
DA:23,2
DA:24,18
DA:31,15
DA:32,43
DA:33,11
DA:34,23
DA:35,2
DA:38,2
DA:39,20
DA:42,17
DA:43,28
DA:47,0
LF:27
LH:21
end_of_record
TN:
SF:src\server\migrations\001_initial.ts
FNF:1
FNH:1
DA:4,30
DA:5,13
DA:6,21
DA:7,10
DA:8,1871
DA:75,6
DA:77,187
DA:82,5
DA:84,1
LF:9
LH:9
end_of_record
TN:
SF:src\server\migrations\002_closed_at.ts
FNF:1
FNH:1
DA:4,30
DA:5,13
DA:6,23
DA:7,10
DA:8,57
DA:10,1
LF:6
LH:6
end_of_record
TN:
SF:src\server\migrations\003_task_search_fts5.ts
FNF:1
FNH:1
DA:4,30
DA:5,13
DA:6,30
DA:7,10
DA:10,774
DA:36,5
DA:38,1
LF:7
LH:7
end_of_record
TN:
SF:src\server\migrations\004_task_search_extended.ts
FNF:1
FNH:1
DA:4,30
DA:5,13
DA:6,34
DA:7,10
DA:11,3409
DA:159,5
DA:161,1
LF:7
LH:7
end_of_record
TN:
SF:src\server\migrations\005_task_priorities.ts
FNF:1
FNH:1
DA:4,30
DA:5,13
DA:6,29
DA:7,10
DA:11,809
DA:40,5
DA:42,1
LF:7
LH:7
end_of_record
TN:
SF:src\server\migrations\006_task_group_emoji.ts
FNF:1
FNH:1
DA:4,30
DA:5,13
DA:6,30
DA:7,10
DA:8,60
DA:10,1
LF:6
LH:6
end_of_record
TN:
SF:src\server\migrations\007_task_emoji.ts
FNF:1
FNH:1
DA:4,30
DA:5,13
DA:6,24
DA:7,10
DA:8,54
DA:10,1
LF:6
LH:6
end_of_record
TN:
SF:src\server\migrations\008_list_emoji.ts
FNF:1
FNH:1
DA:4,30
DA:5,13
DA:6,24
DA:7,10
DA:8,54
DA:10,1
LF:6
LH:6
end_of_record
TN:
SF:src\server\migrations\009_board_emoji.ts
FNF:1
FNH:1
DA:4,30
DA:5,13
DA:6,25
DA:7,10
DA:8,55
DA:10,1
LF:6
LH:6
end_of_record
TN:
SF:src\server\migrations\010_celebration_sounds_muted.ts
FNF:1
FNH:1
DA:4,30
DA:5,14
DA:6,38
DA:7,10
DA:8,102
DA:10,5
DA:12,1
LF:7
LH:7
end_of_record
TN:
SF:src\server\migrations\011_board_cli_access.ts
FNF:1
FNH:1
DA:4,30
DA:5,14
DA:6,30
DA:7,10
DA:8,145
DA:11,5
DA:13,1
LF:7
LH:7
end_of_record
TN:
SF:src\server\migrations\012_notification_event.ts
FNF:1
FNH:1
DA:4,30
DA:5,14
DA:6,32
DA:7,10
DA:8,537
DA:27,5
DA:29,1
LF:7
LH:7
end_of_record
TN:
SF:src\server\migrations\013_cli_policy_and_provenance.ts
FNF:1
FNH:1
DA:5,30
DA:6,14
DA:7,39
DA:8,10
DA:9,1125
DA:39,6
DA:41,18
DA:42,42
DA:43,10
DA:45,324
DA:51,6
DA:53,25
DA:54,0
DA:55,0
DA:56,0
DA:57,0
DA:58,0
DA:59,0
DA:60,0
DA:62,3
DA:64,1
LF:21
LH:14
end_of_record
TN:
SF:src\server\migrations\014_drop_board_cli_access.ts
FNF:1
FNH:1
DA:5,30
DA:6,14
DA:7,35
DA:8,10
DA:9,56
DA:11,1
LF:6
LH:6
end_of_record
TN:
SF:src\server\migrations\015_trash_deleted_at.ts
FNF:1
FNH:1
DA:5,30
DA:6,14
DA:7,30
DA:8,10
DA:9,165
DA:13,6
DA:15,302
DA:20,5
DA:22,1
LF:9
LH:9
end_of_record
TN:
SF:src\server\migrations\016_task_group_sort_and_board_defaults.ts
FNF:1
FNH:1
DA:5,30
DA:6,14
DA:7,48
DA:8,10
DA:9,92
DA:11,6
DA:13,184
DA:18,6
DA:19,109
DA:21,6
DA:23,148
DA:26,6
DA:28,419
DA:37,5
DA:39,1
LF:15
LH:15
end_of_record
TN:
SF:src\server\migrations\017_task_priority_none_default.ts
FNF:1
FNH:1
DA:8,30
DA:9,14
DA:10,40
DA:11,10
DA:12,374
DA:27,5
DA:29,1
LF:7
LH:7
end_of_record
TN:
SF:src\server\migrations\018_board_releases.ts
FNF:1
FNH:1
DA:5,30
DA:6,14
DA:7,28
DA:8,10
DA:9,406
DA:20,6
DA:21,67
DA:23,6
DA:24,70
DA:26,6
DA:27,247
DA:31,5
DA:33,1
LF:13
LH:13
end_of_record
TN:
SF:src\server\migrations\registry.ts
FNF:1
FNH:1
DA:1,45
DA:2,47
DA:3,54
DA:4,58
DA:5,53
DA:6,54
DA:7,48
DA:8,48
DA:9,49
DA:10,62
DA:11,54
DA:12,56
DA:13,63
DA:14,59
DA:15,54
DA:16,72
DA:17,64
DA:18,52
DA:22,28
DA:23,15
DA:24,15
DA:25,15
DA:26,15
DA:27,15
DA:28,15
DA:29,15
DA:30,15
DA:31,15
DA:32,15
DA:33,15
DA:34,15
DA:35,15
DA:36,15
DA:37,15
DA:38,15
DA:39,15
DA:40,13
DA:41,1
LF:38
LH:38
end_of_record
TN:
SF:src\server\migrations\runner.ts
FNF:6
FNH:6
DA:2,39
DA:4,14
DA:5,15
DA:6,6
DA:7,69
DA:8,2
DA:9,12
DA:10,18
DA:13,8
DA:14,41
DA:15,0
DA:16,0
DA:17,0
DA:18,0
DA:19,0
DA:20,1
DA:27,13
DA:28,39
DA:29,62
DA:30,46
DA:32,29
DA:33,27
DA:34,15
DA:35,7
DA:36,74
DA:37,19
DA:38,6
DA:39,6
DA:40,1
LF:29
LH:24
end_of_record
TN:
SF:src\server\storage\board.ts
FNF:35
FNH:26
DA:1,41
DA:3,79
DA:4,97
DA:10,164
DA:27,84
DA:28,58
DA:29,56
DA:30,63
DA:31,106
DA:37,140
DA:43,49
DA:45,1
DA:46,5
DA:47,3
DA:48,68
DA:49,1
DA:53,0
DA:54,1
DA:58,0
DA:59,0
DA:60,0
DA:61,0
DA:62,0
DA:63,0
DA:64,0
DA:65,0
DA:66,0
DA:67,0
DA:68,0
DA:69,0
DA:70,0
DA:71,0
DA:72,0
DA:73,0
DA:74,0
DA:78,6
DA:95,3
DA:96,15
DA:97,63
DA:98,12
DA:99,15
DA:100,19
DA:101,19
DA:102,7
DA:103,54
DA:104,2
DA:105,8
DA:106,39
DA:107,22
DA:108,27
DA:109,2
DA:112,228
DA:142,11
DA:143,21
DA:144,16
DA:145,6
DA:146,83
DA:147,170
DA:152,2
DA:153,8
DA:154,29
DA:158,6
DA:159,5
DA:160,3
DA:161,21
DA:162,27
DA:163,15
DA:164,6
DA:165,85
DA:166,152
DA:170,2
DA:171,21
DA:172,15
DA:173,2
DA:174,16
DA:175,6
DA:176,83
DA:177,148
DA:181,2
DA:182,11
DA:183,20
DA:187,0
DA:188,0
DA:189,0
DA:190,0
DA:191,0
DA:192,0
DA:193,0
DA:194,0
DA:195,0
DA:196,0
DA:197,0
DA:198,0
DA:199,0
DA:200,1
DA:211,27
DA:212,44
DA:213,20
DA:214,62
DA:215,33
DA:216,9
DA:217,41
DA:218,19
DA:219,3
DA:220,3
DA:221,71
DA:222,21
DA:223,20
DA:224,6
DA:225,309
DA:229,146
DA:233,2
DA:234,15
DA:235,30
DA:237,18
DA:238,68
DA:240,84
DA:242,17
DA:243,6
DA:244,171
DA:245,2
DA:246,15
DA:258,21
DA:259,6
DA:260,104
DA:261,2
DA:262,15
DA:269,45
DA:270,13
DA:271,19
DA:272,28
DA:273,7
DA:274,50
DA:275,2
DA:276,5
DA:277,5
DA:279,56
DA:280,41
DA:281,25
DA:282,54
DA:283,29
DA:284,58
DA:286,64
DA:287,0
DA:288,2
DA:289,68
DA:290,0
DA:291,2
DA:293,24
DA:294,6
DA:295,100
DA:296,2
DA:297,15
DA:305,45
DA:306,29
DA:307,13
DA:308,19
DA:309,19
DA:310,19
DA:311,29
DA:312,2
DA:313,4
DA:315,49
DA:316,56
DA:317,61
DA:318,68
DA:319,0
DA:320,2
DA:321,36
DA:322,71
DA:323,37
DA:324,72
DA:326,20
DA:327,6
DA:328,159
DA:329,2
DA:330,15
DA:340,39
DA:341,13
DA:342,17
DA:343,24
DA:344,32
DA:345,7
DA:346,50
DA:347,2
DA:348,8
DA:349,74
DA:350,36
DA:351,5
DA:353,20
DA:354,6
DA:355,454
DA:361,2
DA:362,56
DA:381,38
DA:382,32
DA:383,18
DA:384,54
DA:385,14
DA:386,15
DA:387,24
DA:388,21
DA:389,19
DA:390,26
DA:391,32
DA:392,26
DA:393,26
DA:394,34
DA:395,7
DA:396,50
DA:397,2
DA:398,10
DA:399,30
DA:400,30
DA:401,41
DA:402,76
DA:403,41
DA:404,13
DA:405,1
DA:406,4
DA:408,40
DA:409,43
DA:410,2
DA:411,47
DA:412,16
DA:413,27
DA:414,9
DA:415,1
DA:416,2
DA:417,71
DA:418,4
DA:419,26
DA:420,10
DA:421,4
DA:423,12
DA:424,20
DA:425,24
DA:426,24
DA:427,7
DA:428,64
DA:429,2
DA:430,8
DA:431,44
DA:432,25
DA:433,41
DA:434,46
DA:435,58
DA:436,65
DA:437,15
DA:438,23
DA:439,27
DA:440,19
DA:441,13
DA:442,21
DA:443,32
DA:444,33
DA:445,20
DA:446,22
DA:447,13
DA:448,70
DA:449,18
DA:450,4
DA:452,48
DA:453,30
DA:454,39
DA:455,4
DA:456,10
DA:457,10
DA:458,35
DA:459,32
DA:460,2
DA:463,0
DA:464,0
DA:465,0
DA:466,0
DA:467,0
DA:468,0
DA:469,0
DA:470,0
DA:471,0
DA:472,0
DA:473,0
DA:474,0
DA:475,0
DA:476,0
DA:477,0
DA:478,0
DA:479,0
DA:480,0
DA:481,0
DA:482,1
DA:486,6
DA:487,9
DA:488,3
DA:489,21
DA:490,15
DA:491,66
DA:492,15
DA:493,14
DA:494,39
DA:495,76
DA:496,8
DA:497,8
DA:498,9
DA:499,5
DA:500,40
DA:503,0
DA:504,0
DA:505,0
DA:506,0
DA:507,0
DA:508,0
DA:509,0
DA:510,0
DA:511,0
DA:512,0
DA:513,0
DA:514,0
DA:515,0
DA:516,1
DA:520,0
DA:521,0
DA:522,0
DA:523,0
DA:524,0
DA:525,1
DA:539,6
DA:540,6
DA:541,6
DA:542,14
DA:543,18
DA:544,14
DA:545,3
DA:546,39
DA:547,77
DA:548,58
DA:549,51
DA:550,23
DA:551,17
DA:552,156
DA:554,7
DA:555,11
DA:556,11
DA:557,12
DA:558,18
DA:559,26
DA:560,22
DA:561,10
DA:562,7
DA:563,1
DA:564,6
DA:565,41
DA:566,45
DA:567,16
DA:568,30
DA:569,7
DA:570,83
DA:571,24
DA:572,8
DA:573,13
DA:574,4
DA:575,18
DA:576,6
DA:577,86
DA:578,2
DA:579,12
DA:580,18
DA:581,7
DA:582,90
DA:583,26
DA:584,6
DA:585,4
DA:587,53
DA:588,41
DA:589,7
DA:590,95
DA:591,9
DA:592,11
DA:593,23
DA:594,23
DA:595,23
DA:596,25
DA:597,1
DA:598,6
DA:599,4
DA:600,7
DA:601,221
DA:605,7
DA:606,9
DA:607,46
DA:608,32
DA:609,16
DA:611,26
DA:612,11
DA:614,8
DA:615,5
DA:616,1
DA:617,6
DA:618,36
DA:619,33
DA:620,0
DA:621,4
DA:623,9
DA:624,4
DA:625,36
DA:626,17
DA:627,13
DA:631,0
DA:632,0
DA:633,0
DA:634,0
DA:635,0
DA:636,0
DA:637,0
DA:638,0
DA:639,0
DA:640,0
DA:641,0
DA:642,0
DA:643,0
DA:644,0
DA:645,0
DA:646,0
DA:647,0
DA:648,0
DA:649,0
DA:650,0
DA:651,0
DA:652,0
DA:653,0
DA:654,0
DA:655,0
DA:656,0
DA:657,0
DA:658,0
DA:659,0
DA:660,0
DA:661,0
DA:662,0
DA:663,0
DA:664,0
DA:665,0
DA:666,0
DA:667,0
DA:668,0
DA:669,0
DA:670,0
DA:671,0
DA:672,0
DA:673,0
DA:674,0
DA:675,0
DA:676,0
DA:677,0
DA:678,0
DA:679,0
DA:680,0
DA:681,0
DA:682,0
DA:683,0
DA:684,0
DA:685,0
DA:686,0
DA:687,0
DA:688,0
DA:689,0
DA:690,0
DA:691,0
DA:692,0
DA:693,0
DA:694,0
DA:695,0
DA:696,0
DA:697,0
DA:698,0
DA:699,0
DA:700,0
DA:701,0
DA:702,0
DA:703,0
DA:704,0
DA:705,0
DA:706,0
DA:707,0
DA:708,0
DA:709,0
DA:710,0
DA:711,0
DA:712,0
DA:713,0
DA:714,0
DA:715,0
DA:716,0
DA:717,0
DA:718,0
DA:719,0
DA:720,0
DA:721,0
DA:722,0
DA:723,0
DA:724,0
DA:725,0
DA:726,0
DA:730,1
DA:731,4
DA:732,9
DA:733,9
DA:734,7
DA:735,3
DA:736,39
DA:737,0
DA:738,0
DA:739,0
DA:740,0
DA:741,0
DA:742,0
DA:743,0
DA:744,0
DA:750,1
DA:751,4
DA:752,9
DA:753,7
DA:754,3
DA:755,24
DA:756,54
DA:757,15
DA:758,59
DA:760,49
DA:761,39
DA:762,40
DA:763,0
DA:764,2
DA:766,49
DA:767,39
DA:768,40
DA:769,0
DA:770,2
DA:772,32
DA:773,29
DA:774,63
DA:775,2
DA:776,2
DA:778,61
DA:779,47
DA:780,48
DA:781,0
DA:782,2
DA:784,35
DA:785,27
DA:786,0
DA:787,4
DA:788,24
DA:789,0
DA:790,2
DA:791,2
DA:793,35
DA:794,27
DA:795,0
DA:796,2
DA:797,2
DA:799,34
DA:800,20
DA:802,35
DA:803,21
DA:804,46
DA:805,0
DA:806,0
DA:807,0
DA:808,4
DA:809,17
DA:810,83
DA:811,38
DA:812,6
DA:813,44
DA:814,43
DA:815,21
DA:816,2
DA:818,28
DA:819,34
DA:820,47
DA:821,2
DA:822,46
DA:824,49
DA:825,40
DA:826,71
DA:827,25
DA:828,0
DA:829,4
DA:830,27
DA:831,2
DA:832,54
DA:833,39
DA:834,0
DA:835,0
DA:836,0
DA:837,0
DA:838,0
DA:839,2
DA:840,68
DA:841,0
DA:842,2
DA:843,41
DA:844,75
DA:845,2
DA:846,37
DA:847,0
DA:848,2
DA:849,23
DA:850,0
DA:851,2
DA:853,35
DA:854,74
DA:855,7
DA:856,92
DA:857,44
DA:858,4
DA:859,2
DA:861,35
DA:862,15
DA:863,33
DA:864,64
DA:865,25
DA:866,0
DA:867,6
DA:868,20
DA:869,13
DA:870,58
DA:872,27
DA:873,0
DA:874,4
DA:875,26
DA:876,0
DA:877,4
DA:878,20
DA:879,0
DA:880,4
DA:881,82
DA:882,13
DA:883,11
DA:884,11
DA:885,7
DA:886,70
DA:887,11
DA:888,11
DA:889,5
DA:890,2
DA:892,7
DA:893,106
DA:894,5
DA:895,20
DA:896,21
DA:897,29
DA:898,9
DA:899,1
DA:900,4
DA:907,6
DA:908,9
DA:909,6
DA:920,3
DA:921,34
DA:922,36
DA:923,44
DA:924,41
DA:925,41
DA:926,52
DA:927,59
DA:928,61
DA:929,67
DA:930,91
DA:931,2
DA:933,21
DA:934,35
DA:935,38
DA:936,19
DA:938,31
DA:939,12
DA:940,0
DA:941,0
DA:942,0
DA:943,2
DA:945,37
DA:946,42
DA:947,0
DA:948,2
DA:950,41
DA:951,13
DA:952,0
DA:953,2
DA:955,39
DA:956,2
DA:957,6
DA:959,26
DA:960,2
DA:961,28
DA:963,21
DA:964,75
DA:966,20
DA:967,41
DA:968,64
DA:969,45
DA:970,55
DA:972,55
DA:973,23
DA:974,37
DA:975,21
DA:976,58
DA:977,29
DA:978,0
DA:979,2
DA:981,2
DA:983,56
DA:984,58
DA:985,74
DA:986,77
DA:988,33
DA:989,0
DA:990,0
DA:991,2
DA:993,23
DA:994,20
DA:995,54
DA:996,55
DA:997,57
DA:999,58
DA:1001,39
DA:1002,39
DA:1003,32
DA:1004,16
DA:1005,0
DA:1006,0
DA:1007,0
DA:1008,0
DA:1009,0
DA:1010,0
DA:1011,0
DA:1012,6
DA:1013,28
DA:1014,7
DA:1015,139
DA:1017,11
DA:1018,31
DA:1019,26
DA:1020,27
DA:1021,14
DA:1022,15
DA:1023,1
DA:1024,8
DA:1025,4
DA:1026,4
DA:1027,2
DA:1029,17
DA:1030,0
DA:1031,2
DA:1032,26
DA:1035,0
DA:1036,0
DA:1037,0
DA:1038,0
DA:1039,0
DA:1040,0
DA:1041,0
DA:1042,0
DA:1043,0
DA:1044,0
DA:1045,0
DA:1046,0
DA:1047,0
DA:1048,0
DA:1049,0
DA:1050,0
DA:1051,0
DA:1052,0
DA:1053,0
DA:1054,0
DA:1055,0
DA:1056,0
DA:1057,0
DA:1058,0
DA:1059,0
DA:1060,0
DA:1061,0
DA:1062,0
DA:1063,0
DA:1064,0
DA:1065,0
DA:1066,0
DA:1067,0
DA:1068,0
DA:1069,0
DA:1070,0
DA:1071,0
DA:1072,0
DA:1073,0
DA:1074,0
DA:1075,0
DA:1076,0
DA:1077,0
DA:1078,0
DA:1079,0
DA:1080,0
DA:1081,0
DA:1082,0
DA:1083,0
DA:1084,0
DA:1085,0
DA:1086,0
DA:1087,0
DA:1088,0
DA:1089,0
DA:1090,0
DA:1091,0
DA:1092,0
DA:1093,0
DA:1094,0
DA:1095,0
DA:1096,0
DA:1097,0
DA:1098,0
DA:1099,0
DA:1100,0
DA:1101,0
DA:1102,0
DA:1103,0
DA:1104,0
DA:1105,0
DA:1106,0
DA:1107,0
DA:1108,0
DA:1109,0
DA:1110,0
DA:1111,0
DA:1112,0
DA:1113,0
DA:1114,0
DA:1115,0
DA:1116,0
DA:1117,0
DA:1118,0
DA:1119,0
DA:1120,1
DA:1123,6
DA:1124,9
DA:1125,7
DA:1126,3
DA:1127,21
DA:1128,35
DA:1129,30
DA:1130,43
DA:1131,4
DA:1132,26
DA:1135,0
DA:1136,0
DA:1137,0
DA:1138,0
DA:1139,0
DA:1140,0
DA:1141,0
DA:1142,0
DA:1143,0
DA:1144,0
DA:1145,0
LF:861
LH:551
end_of_record
TN:
SF:src\server\storage\boardLoadSlim.test.ts
FNF:10
FNH:10
DA:1,71
DA:2,38
DA:3,44
DA:4,60
DA:5,77
DA:6,61
DA:7,44
DA:8,44
DA:10,17
DA:11,39
DA:12,38
DA:13,28
DA:14,26
DA:15,3
DA:17,16
DA:18,27
DA:19,3
DA:21,67
DA:22,68
DA:23,83
DA:24,28
DA:25,7
DA:26,64
DA:27,35
DA:28,35
DA:29,37
DA:30,42
DA:31,37
DA:32,34
DA:33,10
DA:34,7
DA:35,13
DA:36,21
DA:37,17
DA:38,21
DA:39,11
DA:40,3
DA:41,9
DA:42,6
DA:43,35
DA:45,43
DA:46,60
DA:47,37
DA:49,40
DA:50,54
DA:51,7
DA:52,58
DA:53,83
DA:54,4
DA:56,56
DA:57,82
DA:58,28
DA:59,7
DA:60,64
DA:61,35
DA:62,35
DA:63,37
DA:64,42
DA:65,18
DA:66,10
DA:67,7
DA:68,13
DA:69,21
DA:70,17
DA:71,20
DA:72,11
DA:73,3
DA:74,9
DA:75,6
DA:76,65
DA:77,21
DA:78,6
DA:79,28
DA:80,3
DA:81,2
LF:75
LH:75
end_of_record
TN:
SF:src\server\storage\boardReleases.test.ts
FNF:18
FNH:18
DA:1,71
DA:2,38
DA:3,51
DA:4,60
DA:5,73
DA:6,68
DA:7,44
DA:8,62
DA:10,17
DA:11,39
DA:12,38
DA:13,28
DA:14,26
DA:15,3
DA:17,16
DA:18,27
DA:19,3
DA:21,51
DA:22,63
DA:23,73
DA:24,28
DA:25,7
DA:26,39
DA:27,46
DA:28,58
DA:29,58
DA:30,4
DA:32,60
DA:33,73
DA:34,28
DA:35,7
DA:36,61
DA:37,29
DA:38,32
DA:39,63
DA:40,27
DA:41,39
DA:42,67
DA:43,4
DA:45,73
DA:46,73
DA:47,28
DA:48,7
DA:49,60
DA:50,59
DA:51,59
DA:52,37
DA:53,29
DA:54,10
DA:55,7
DA:56,27
DA:57,17
DA:58,17
DA:59,15
DA:60,21
DA:61,20
DA:62,3
DA:63,33
DA:64,6
DA:65,42
DA:67,73
DA:68,23
DA:69,15
DA:70,50
DA:71,20
DA:72,39
DA:74,29
DA:75,10
DA:76,7
DA:77,27
DA:78,17
DA:79,18
DA:80,15
DA:81,21
DA:82,20
DA:83,3
DA:84,33
DA:85,6
DA:86,44
DA:87,16
DA:88,50
DA:89,20
DA:90,38
DA:91,4
DA:93,67
DA:94,73
DA:95,28
DA:96,7
DA:97,60
DA:98,65
DA:99,37
DA:101,34
DA:102,31
DA:103,40
DA:104,38
DA:105,7
DA:107,29
DA:108,10
DA:109,7
DA:110,27
DA:111,17
DA:112,17
DA:113,15
DA:114,18
DA:115,3
DA:116,33
DA:117,6
DA:118,43
DA:120,29
DA:121,10
DA:122,7
DA:123,27
DA:124,17
DA:125,17
DA:126,15
DA:127,18
DA:128,3
DA:129,33
DA:130,6
DA:131,43
DA:133,29
DA:134,10
DA:135,7
DA:136,27
DA:137,17
DA:138,17
DA:139,15
DA:140,21
DA:141,19
DA:142,3
DA:143,33
DA:144,6
DA:145,40
DA:146,4
DA:148,90
DA:149,73
DA:150,28
DA:151,7
DA:152,60
DA:153,62
DA:154,37
DA:155,34
DA:156,31
DA:157,41
DA:158,39
DA:159,7
DA:160,28
DA:161,10
DA:162,7
DA:163,27
DA:164,17
DA:165,17
DA:166,15
DA:167,18
DA:168,3
DA:169,33
DA:170,6
DA:171,39
DA:172,4
DA:174,51
DA:175,73
DA:176,28
DA:177,7
DA:178,60
DA:179,60
DA:180,37
DA:181,34
DA:182,31
DA:183,40
DA:184,39
DA:185,7
DA:186,29
DA:187,10
DA:188,7
DA:189,27
DA:190,17
DA:191,17
DA:192,15
DA:193,18
DA:194,3
DA:195,33
DA:196,6
DA:197,43
DA:198,29
DA:199,10
DA:200,7
DA:201,27
DA:202,17
DA:203,17
DA:204,15
DA:205,18
DA:206,3
DA:207,33
DA:208,6
DA:209,40
DA:210,4
DA:212,74
DA:213,69
DA:214,28
DA:215,7
DA:216,69
DA:217,28
DA:218,7
DA:219,44
DA:220,58
DA:221,61
DA:222,34
DA:223,36
DA:224,6
DA:225,7
DA:226,28
DA:227,18
DA:228,17
DA:229,15
DA:230,21
DA:231,22
DA:232,3
DA:233,33
DA:234,6
DA:235,33
DA:237,30
DA:238,6
DA:239,7
DA:240,28
DA:241,18
DA:242,18
DA:243,15
DA:244,18
DA:245,3
DA:246,33
DA:247,6
DA:248,60
DA:249,22
DA:250,7
DA:251,31
DA:252,3
DA:253,2
LF:237
LH:237
end_of_record
TN:
SF:src\server\storage\boardTaskGroupsPhase1.test.ts
FNF:9
FNH:9
DA:1,71
DA:2,38
DA:3,51
DA:4,60
DA:5,61
DA:7,17
DA:8,39
DA:9,38
DA:10,28
DA:11,26
DA:12,3
DA:14,16
DA:15,27
DA:16,3
DA:18,69
DA:19,102
DA:20,73
DA:21,28
DA:22,7
DA:23,44
DA:24,70
DA:25,43
DA:26,51
DA:27,55
DA:29,39
DA:30,71
DA:31,52
DA:32,55
DA:33,4
DA:35,63
DA:36,73
DA:37,28
DA:38,7
DA:39,23
DA:40,16
DA:41,6
DA:42,62
DA:43,2
DA:44,18
DA:45,50
DA:46,44
DA:48,72
DA:49,72
DA:51,39
DA:52,44
DA:53,43
DA:54,3
DA:55,2
LF:48
LH:48
end_of_record
TN:
SF:src\server\storage\boardTaskGroupsPhase2.test.ts
FNF:33
FNH:33
DA:1,71
DA:2,38
DA:3,44
DA:4,60
DA:5,78
DA:10,44
DA:11,44
DA:14,17
DA:15,39
DA:16,38
DA:17,28
DA:18,26
DA:19,3
DA:21,16
DA:22,27
DA:23,2
DA:25,1
DA:26,7
DA:27,9
DA:28,3
DA:29,12
DA:30,20
DA:31,59
DA:32,24
DA:33,67
DA:34,35
DA:35,35
DA:36,35
DA:37,63
DA:38,68
DA:39,2
DA:42,64
DA:43,50
DA:44,76
DA:45,28
DA:46,7
DA:47,31
DA:48,40
DA:49,10
DA:50,33
DA:51,34
DA:52,17
DA:53,30
DA:54,31
DA:55,18
DA:56,6
DA:57,2
DA:58,6
DA:59,51
DA:60,26
DA:61,6
DA:62,69
DA:63,4
DA:65,53
DA:66,76
DA:67,28
DA:68,7
DA:69,58
DA:70,42
DA:71,35
DA:72,25
DA:73,21
DA:74,17
DA:75,15
DA:76,18
DA:77,7
DA:79,31
DA:80,40
DA:81,10
DA:82,33
DA:83,42
DA:84,17
DA:85,23
DA:86,31
DA:87,18
DA:88,9
DA:89,58
DA:90,32
DA:91,33
DA:92,2
DA:93,6
DA:94,68
DA:95,53
DA:96,33
DA:97,4
DA:99,60
DA:100,76
DA:101,28
DA:102,7
DA:103,42
DA:104,12
DA:105,43
DA:106,18
DA:107,18
DA:108,18
DA:109,49
DA:110,49
DA:111,46
DA:112,8
DA:113,32
DA:114,33
DA:115,1
DA:116,26
DA:117,4
DA:119,47
DA:120,76
DA:121,28
DA:122,7
DA:123,42
DA:124,57
DA:125,18
DA:126,11
DA:127,25
DA:128,26
DA:129,22
DA:130,21
DA:131,7
DA:132,8
DA:133,18
DA:134,78
DA:135,75
DA:136,8
DA:137,58
DA:138,32
DA:139,33
DA:140,7
DA:141,72
DA:142,66
DA:143,4
DA:145,50
DA:146,76
DA:147,28
DA:148,7
DA:149,35
DA:150,12
DA:151,26
DA:152,10
DA:153,33
DA:154,18
DA:155,11
DA:156,20
DA:157,21
DA:158,22
DA:159,20
DA:160,7
DA:161,8
DA:162,72
DA:163,2
DA:165,34
DA:166,4
DA:168,76
DA:169,76
DA:170,28
DA:171,7
DA:172,58
DA:173,42
DA:174,35
DA:175,25
DA:176,21
DA:177,22
DA:178,15
DA:179,18
DA:180,7
DA:181,57
DA:182,18
DA:183,68
DA:184,8
DA:185,18
DA:186,78
DA:187,75
DA:188,8
DA:189,60
DA:190,32
DA:191,33
DA:192,7
DA:193,64
DA:194,31
DA:195,58
DA:196,35
DA:197,4
DA:199,87
DA:200,76
DA:201,28
DA:202,7
DA:203,42
DA:204,57
DA:205,18
DA:206,69
DA:207,8
DA:208,18
DA:209,78
DA:210,78
DA:211,75
DA:212,8
DA:213,18
DA:214,39
DA:215,33
DA:216,7
DA:217,66
DA:218,32
DA:219,51
DA:220,3
DA:221,2
LF:203
LH:203
end_of_record
TN:
SF:src\server\storage\cliPolicy.ts
FNF:8
FNH:4
DA:2,87
DA:3,30
DA:6,11
DA:17,3
DA:18,32
DA:19,24
DA:20,31
DA:21,40
DA:22,64
DA:23,48
DA:24,40
DA:25,64
DA:26,48
DA:27,48
DA:28,40
DA:29,33
DA:30,2
DA:33,6
DA:44,3
DA:45,12
DA:46,36
DA:47,40
DA:48,62
DA:49,47
DA:50,40
DA:51,62
DA:52,47
DA:53,48
DA:54,40
DA:55,33
DA:56,2
DA:59,0
DA:60,0
DA:61,0
DA:62,0
DA:63,0
DA:64,1
DA:67,0
DA:68,0
DA:69,0
DA:70,0
DA:71,1
DA:74,0
DA:75,0
DA:76,0
DA:77,0
DA:78,0
DA:79,0
DA:80,0
DA:81,0
DA:82,0
DA:83,0
DA:84,0
DA:85,0
DA:86,0
DA:87,0
DA:88,0
DA:89,0
DA:90,0
DA:91,0
DA:92,0
DA:93,0
DA:94,0
DA:95,1
DA:98,26
DA:99,21
DA:100,7
DA:101,823
DA:117,5
DA:118,12
DA:119,23
DA:120,25
DA:121,35
DA:122,28
DA:123,25
DA:124,35
DA:125,28
DA:126,29
DA:127,25
DA:128,20
DA:129,1
DA:130,4
DA:134,0
DA:135,1
DA:139,18
DA:140,61
LF:86
LH:55
end_of_record
TN:
SF:src\server\storage\helpers.ts
FNF:10
FNH:9
DA:3,24
DA:4,35
DA:5,9
DA:6,22
DA:7,0
DA:8,1
DA:12,13
DA:13,16
DA:14,63
DA:15,8
DA:16,27
DA:23,6
DA:24,4
DA:25,17
DA:26,19
DA:27,3
DA:28,48
DA:29,41
DA:30,56
DA:31,21
DA:32,0
DA:33,11
DA:34,53
DA:36,34
DA:37,4
DA:38,12
DA:39,33
DA:40,49
DA:41,0
DA:42,0
DA:43,2
DA:44,60
DA:48,0
DA:49,0
DA:50,0
DA:51,0
DA:52,1
DA:56,22
DA:57,15
DA:58,71
DA:59,15
DA:60,19
DA:64,23
DA:65,15
DA:66,51
DA:67,16
DA:68,41
LF:47
LH:39
end_of_record
TN:
SF:src\server\storage\lists.ts
FNF:15
FNH:8
DA:4,47
DA:5,40
DA:6,35
DA:30,1
DA:31,5
DA:32,3
DA:33,68
DA:34,0
DA:37,9
DA:38,12
DA:39,15
DA:40,19
DA:41,26
DA:42,34
DA:43,7
DA:44,54
DA:45,2
DA:46,8
DA:47,78
DA:48,38
DA:49,1
DA:52,0
DA:53,0
DA:54,0
DA:55,0
DA:56,0
DA:57,1
DA:62,0
DA:63,0
DA:64,0
DA:65,0
DA:66,0
DA:67,0
DA:68,0
DA:69,1
DA:72,26
DA:73,21
DA:74,15
DA:75,6
DA:76,251
DA:80,2
DA:81,23
DA:82,34
DA:85,6
DA:86,9
DA:87,7
DA:88,12
DA:89,3
DA:90,50
DA:91,36
DA:92,21
DA:93,35
DA:94,39
DA:95,51
DA:96,42
DA:97,20
DA:98,30
DA:99,18
DA:100,6
DA:101,95
DA:102,2
DA:103,17
DA:104,35
DA:105,22
DA:106,132
DA:107,60
DA:108,6
DA:109,44
DA:110,73
DA:111,4
DA:112,24
DA:113,45
DA:114,15
DA:115,46
DA:118,0
DA:119,0
DA:120,0
DA:121,0
DA:122,0
DA:123,0
DA:124,0
DA:125,0
DA:126,0
DA:127,0
DA:128,0
DA:129,0
DA:130,0
DA:131,0
DA:132,0
DA:133,0
DA:134,0
DA:135,0
DA:136,0
DA:137,0
DA:138,0
DA:139,0
DA:140,0
DA:141,0
DA:142,0
DA:143,0
DA:144,0
DA:145,0
DA:146,0
DA:147,0
DA:148,0
DA:149,0
DA:150,0
DA:151,0
DA:152,0
DA:153,0
DA:154,0
DA:155,0
DA:156,0
DA:157,0
DA:158,0
DA:159,0
DA:160,0
DA:161,0
DA:162,0
DA:163,0
DA:164,0
DA:165,1
DA:169,6
DA:170,9
DA:171,8
DA:172,3
DA:173,21
DA:174,35
DA:175,15
DA:176,6
DA:177,149
DA:178,2
DA:179,23
DA:180,14
DA:181,39
DA:182,30
DA:183,73
DA:184,73
DA:185,4
DA:186,63
DA:189,6
DA:190,9
DA:191,8
DA:192,3
DA:193,21
DA:194,15
DA:195,6
DA:196,145
DA:199,2
DA:200,23
DA:201,32
DA:202,62
DA:203,0
DA:204,0
DA:205,0
DA:207,0
DA:208,0
DA:209,0
DA:210,1
DA:214,0
DA:215,0
DA:216,0
DA:217,0
DA:218,0
DA:219,0
DA:220,0
DA:221,0
DA:222,0
DA:223,0
DA:224,0
DA:225,0
DA:226,0
DA:227,0
DA:228,0
DA:229,0
DA:230,1
DA:233,0
DA:234,0
DA:235,0
DA:236,0
DA:237,0
DA:238,0
DA:239,0
DA:240,0
DA:241,0
DA:242,0
DA:243,0
DA:244,0
DA:245,0
DA:246,0
DA:247,0
DA:248,0
DA:249,0
DA:250,0
DA:251,0
DA:252,0
DA:253,0
DA:254,0
DA:255,0
DA:256,0
DA:257,0
DA:258,0
DA:259,0
DA:260,1
DA:263,0
DA:264,0
DA:265,0
DA:266,0
DA:267,0
DA:268,0
DA:269,0
DA:270,0
DA:271,0
DA:272,0
DA:273,0
DA:274,0
DA:275,0
DA:276,0
DA:277,0
DA:278,0
DA:279,0
DA:280,0
DA:281,0
DA:282,0
DA:283,0
DA:284,0
DA:285,0
DA:286,0
DA:287,0
DA:288,0
DA:289,0
DA:290,0
DA:291,0
DA:292,0
DA:293,0
DA:294,0
DA:295,0
DA:296,0
DA:297,0
DA:298,0
DA:299,0
DA:300,0
DA:301,0
DA:302,0
DA:303,0
DA:304,0
DA:305,0
DA:306,0
DA:307,0
DA:308,0
DA:309,0
DA:310,0
DA:311,0
DA:312,0
DA:313,0
DA:314,0
DA:315,0
DA:316,0
DA:317,0
DA:318,0
DA:319,0
DA:320,0
DA:321,0
DA:322,0
DA:323,0
DA:324,0
DA:325,0
LF:267
LH:95
end_of_record
TN:
SF:src\server\storage\releases.ts
FNF:8
FNH:7
DA:3,47
DA:4,39
DA:6,4
DA:13,3
DA:14,12
DA:15,13
DA:16,17
DA:17,7
DA:18,50
DA:19,2
DA:20,8
DA:21,13
DA:22,64
DA:23,2
DA:24,8
DA:25,25
DA:26,2
DA:29,18
DA:30,21
DA:31,16
DA:32,6
DA:33,136
DA:35,2
DA:36,15
DA:44,31
DA:53,6
DA:54,9
DA:55,7
DA:56,3
DA:57,21
DA:58,35
DA:59,33
DA:60,15
DA:61,39
DA:62,14
DA:63,88
DA:64,2
DA:65,6
DA:66,20
DA:67,35
DA:68,30
DA:69,41
DA:70,2
DA:71,6
DA:72,16
DA:73,9
DA:74,32
DA:75,17
DA:76,110
DA:78,40
DA:79,8
DA:80,37
DA:81,75
DA:82,5
DA:83,11
DA:84,13
DA:86,20
DA:87,15
DA:88,6
DA:89,92
DA:90,2
DA:91,10
DA:92,31
DA:101,0
DA:102,0
DA:103,0
DA:104,0
DA:105,0
DA:106,0
DA:107,0
DA:108,0
DA:109,0
DA:110,0
DA:111,0
DA:112,0
DA:113,0
DA:114,0
DA:115,0
DA:116,0
DA:117,0
DA:118,0
DA:119,0
DA:120,0
DA:121,0
DA:122,0
DA:123,0
DA:124,0
DA:125,0
DA:126,0
DA:127,0
DA:128,0
DA:129,0
DA:130,0
DA:131,0
DA:132,0
DA:133,0
DA:134,0
DA:135,0
DA:136,0
DA:137,0
DA:138,0
DA:139,0
DA:140,0
DA:141,0
DA:142,0
DA:143,0
DA:144,0
DA:145,0
DA:146,0
DA:147,0
DA:148,0
DA:149,0
DA:150,0
DA:151,0
DA:152,0
DA:153,0
DA:154,0
DA:155,0
DA:156,1
DA:168,6
DA:169,9
DA:170,11
DA:171,14
DA:172,3
DA:173,21
DA:174,35
DA:175,18
DA:176,68
DA:177,26
DA:178,17
DA:180,46
DA:181,30
DA:182,34
DA:183,18
DA:184,68
DA:185,25
DA:186,19
DA:187,2
DA:189,39
DA:190,30
DA:191,7
DA:192,159
DA:193,25
DA:194,6
DA:195,32
DA:196,7
DA:197,88
DA:198,33
DA:199,6
DA:200,13
DA:201,7
DA:202,91
DA:203,25
DA:204,10
DA:206,73
DA:207,16
DA:208,11
DA:209,7
DA:210,73
DA:211,4
DA:212,12
DA:216,6
DA:217,4
DA:218,9
DA:219,11
DA:220,3
DA:221,15
DA:222,68
DA:223,26
DA:224,18
LF:170
LH:115
end_of_record
TN:
SF:src\server\storage\search.ts
FNF:6
FNH:6
DA:3,30
DA:5,25
DA:6,21
DA:12,38
DA:19,6
DA:20,5
DA:21,9
DA:22,3
DA:23,29
DA:24,18
DA:25,35
DA:27,27
DA:28,0
DA:29,2
DA:31,37
DA:32,28
DA:33,39
DA:34,23
DA:35,0
DA:36,2
DA:37,39
DA:38,22
DA:41,14
DA:42,65
DA:49,15
DA:57,3
DA:58,21
DA:59,54
DA:60,54
DA:61,5
DA:62,21
DA:64,23
DA:65,11
DA:66,43
DA:67,4
DA:69,62
DA:70,61
DA:71,2
DA:74,1
DA:75,4
DA:76,12
DA:77,9
DA:78,7
DA:79,6
DA:80,3
DA:81,61
DA:82,1204
DA:88,45
DA:89,2
DA:90,4
DA:92,31
DA:93,16
DA:94,6
DA:95,229
DA:102,32
DA:109,50
DA:112,2
DA:113,36
DA:114,23
DA:115,0
DA:117,0
DA:118,0
DA:119,0
DA:126,0
DA:133,0
DA:136,0
DA:137,0
DA:138,0
DA:156,7
DA:157,12
DA:158,22
DA:159,24
DA:160,28
DA:161,28
DA:162,26
DA:163,19
DA:164,23
DA:165,14
DA:166,13
DA:167,13
DA:168,14
DA:169,13
DA:170,6
DA:171,16
DA:172,1
LF:85
LH:74
end_of_record
TN:
SF:src\server\storage\tasks.ts
FNF:20
FNH:10
DA:2,82
DA:9,47
DA:10,56
DA:11,36
DA:12,50
DA:33,1
DA:34,5
DA:35,3
DA:36,68
DA:37,0
DA:52,7
DA:53,12
DA:54,13
DA:55,22
DA:56,19
DA:57,17
DA:58,24
DA:59,30
DA:60,24
DA:61,24
DA:62,32
DA:63,7
DA:64,50
DA:65,2
DA:66,8
DA:67,28
DA:68,28
DA:69,39
DA:70,80
DA:71,39
DA:72,33
DA:73,2
DA:78,0
DA:79,0
DA:80,0
DA:81,0
DA:82,0
DA:83,0
DA:84,0
DA:85,0
DA:86,0
DA:94,1
DA:95,4
DA:96,9
DA:97,10
DA:98,11
DA:99,3
DA:100,38
DA:101,32
DA:102,72
DA:103,2
DA:104,15
DA:105,6
DA:106,100
DA:107,2
DA:108,15
DA:113,46
DA:114,32
DA:115,69
DA:116,70
DA:117,11
DA:120,17
DA:121,15
DA:122,6
DA:123,63
DA:124,2
DA:125,41
DA:126,23
DA:129,26
DA:130,21
DA:131,15
DA:132,6
DA:133,476
DA:139,2
DA:140,23
DA:141,34
DA:144,6
DA:145,9
DA:146,7
DA:161,12
DA:162,3
DA:163,21
DA:164,35
DA:166,19
DA:167,6
DA:168,149
DA:169,2
DA:170,29
DA:171,18
DA:173,16
DA:174,65
DA:175,30
DA:176,15
DA:179,19
DA:180,32
DA:181,2
DA:182,32
DA:183,28
DA:184,16
DA:185,68
DA:186,27
DA:187,15
DA:189,25
DA:190,72
DA:193,17
DA:194,68
DA:196,20
DA:197,6
DA:198,220
DA:201,2
DA:202,39
DA:203,32
DA:204,36
DA:205,2
DA:206,4
DA:208,39
DA:209,55
DA:210,36
DA:211,51
DA:212,42
DA:213,53
DA:214,4
DA:215,9
DA:216,17
DA:217,9
DA:218,4
DA:219,50
DA:220,20
DA:221,30
DA:222,22
DA:223,278
DA:227,7
DA:228,19
DA:229,20
DA:230,17
DA:231,14
DA:232,15
DA:233,18
DA:234,17
DA:235,19
DA:236,11
DA:237,12
DA:238,22
DA:239,10
DA:240,10
DA:241,15
DA:242,16
DA:243,9
DA:244,1
DA:245,6
DA:246,44
DA:247,73
DA:248,4
DA:249,24
DA:250,45
DA:251,15
DA:252,46
DA:255,6
DA:256,9
DA:257,8
DA:258,7
DA:270,3
DA:271,21
DA:272,35
DA:274,16
DA:275,6
DA:276,419
DA:281,2
DA:282,23
DA:283,15
DA:285,16
DA:286,48
DA:287,77
DA:288,11
DA:289,0
DA:291,0
DA:292,0
DA:293,0
DA:294,0
DA:295,0
DA:296,0
DA:299,0
DA:300,0
DA:301,0
DA:302,0
DA:303,0
DA:305,0
DA:306,0
DA:307,0
DA:308,0
DA:309,0
DA:310,0
DA:312,0
DA:313,0
DA:314,0
DA:315,0
DA:317,0
DA:318,0
DA:319,0
DA:320,0
DA:322,0
DA:323,0
DA:324,0
DA:325,0
DA:326,0
DA:327,0
DA:328,0
DA:331,0
DA:332,0
DA:333,0
DA:334,0
DA:335,0
DA:338,0
DA:339,0
DA:340,0
DA:341,0
DA:342,0
DA:343,0
DA:344,0
DA:345,0
DA:346,0
DA:347,0
DA:349,0
DA:350,0
DA:351,0
DA:352,0
DA:353,0
DA:356,0
DA:357,0
DA:358,0
DA:359,0
DA:360,0
DA:361,0
DA:362,0
DA:363,0
DA:364,0
DA:365,0
DA:366,0
DA:367,0
DA:368,0
DA:369,0
DA:370,0
DA:371,0
DA:372,0
DA:373,0
DA:374,0
DA:375,0
DA:377,0
DA:378,0
DA:379,0
DA:380,1
DA:384,0
DA:385,0
DA:386,0
DA:387,0
DA:388,0
DA:389,0
DA:390,0
DA:391,0
DA:392,0
DA:393,0
DA:394,0
DA:395,0
DA:396,0
DA:397,0
DA:398,0
DA:399,0
DA:400,0
DA:401,0
DA:402,0
DA:403,0
DA:404,1
DA:407,0
DA:408,0
DA:409,0
DA:410,0
DA:411,0
DA:412,0
DA:413,0
DA:414,0
DA:415,0
DA:416,0
DA:417,0
DA:418,0
DA:419,0
DA:420,0
DA:421,0
DA:422,0
DA:423,0
DA:424,0
DA:425,0
DA:426,0
DA:427,0
DA:428,0
DA:429,0
DA:430,0
DA:431,0
DA:432,0
DA:433,0
DA:434,1
DA:438,0
DA:439,0
DA:440,0
DA:441,0
DA:442,0
DA:443,0
DA:444,0
DA:445,0
DA:446,0
DA:447,0
DA:448,0
DA:449,0
DA:450,0
DA:451,0
DA:452,0
DA:453,0
DA:454,1
DA:457,0
DA:458,0
DA:459,0
DA:460,0
DA:461,0
DA:462,0
DA:463,0
DA:464,0
DA:465,0
DA:466,0
DA:467,0
DA:468,0
DA:469,0
DA:470,0
DA:471,0
DA:472,0
DA:473,0
DA:474,0
DA:475,0
DA:476,0
DA:477,0
DA:478,0
DA:479,0
DA:480,0
DA:481,0
DA:482,0
DA:483,0
DA:484,0
DA:485,0
DA:486,0
DA:487,0
DA:488,0
DA:489,0
DA:490,0
DA:491,0
DA:492,0
DA:493,0
DA:494,0
DA:495,0
DA:496,0
DA:497,0
DA:501,0
DA:502,0
DA:503,0
DA:504,0
DA:505,0
DA:506,0
DA:507,0
DA:508,0
DA:509,0
DA:510,0
DA:511,0
DA:512,0
DA:513,0
DA:514,0
DA:515,0
DA:516,0
DA:517,0
DA:518,0
DA:519,0
DA:520,0
DA:521,1
DA:524,0
DA:525,0
DA:526,0
DA:527,0
DA:528,0
DA:529,0
DA:530,0
DA:531,0
DA:532,0
DA:533,0
DA:534,0
DA:535,0
DA:536,0
DA:537,0
DA:538,0
DA:539,0
DA:540,0
DA:541,0
DA:542,0
DA:543,0
DA:544,0
DA:545,0
DA:546,0
DA:547,0
DA:548,0
DA:549,0
DA:550,0
DA:551,0
DA:552,0
DA:553,0
DA:554,0
DA:555,0
DA:556,0
DA:557,0
DA:558,0
DA:559,0
DA:560,0
DA:561,0
DA:562,0
DA:563,0
DA:564,0
DA:565,0
DA:566,0
DA:567,0
DA:568,0
DA:569,0
DA:570,0
DA:571,0
DA:572,0
DA:573,0
DA:574,0
DA:575,0
DA:576,0
DA:577,0
DA:578,0
DA:579,0
DA:580,0
DA:581,0
DA:582,0
DA:583,0
DA:584,0
DA:585,0
DA:586,0
DA:587,0
DA:588,0
DA:589,0
DA:590,0
DA:591,0
DA:592,0
DA:593,0
DA:594,0
DA:595,0
DA:596,0
DA:597,0
DA:598,0
DA:599,0
DA:600,0
DA:601,0
DA:602,0
DA:603,0
DA:604,0
DA:605,0
DA:606,0
DA:607,0
DA:608,0
DA:609,0
DA:610,0
DA:611,0
DA:612,0
DA:613,0
DA:614,0
DA:615,0
DA:616,0
DA:617,0
DA:618,0
DA:619,0
DA:620,0
DA:621,0
DA:622,0
DA:623,0
DA:624,0
DA:625,0
DA:626,0
DA:627,0
DA:628,0
DA:629,0
DA:630,0
DA:631,0
DA:632,0
DA:633,0
DA:634,0
DA:635,0
DA:636,0
DA:637,0
DA:638,0
DA:639,0
DA:640,0
DA:641,0
DA:642,0
DA:643,0
DA:644,0
DA:645,0
DA:646,0
DA:647,0
DA:648,0
DA:649,0
DA:650,0
DA:651,0
DA:652,0
DA:653,0
DA:654,0
DA:655,0
DA:656,0
DA:657,0
DA:658,0
DA:659,0
DA:660,0
DA:661,0
DA:662,0
DA:663,0
DA:664,0
DA:665,0
DA:666,0
DA:667,0
DA:668,0
DA:669,0
DA:670,0
DA:671,0
DA:672,0
DA:673,0
DA:674,0
DA:675,0
DA:676,0
DA:677,0
DA:678,0
DA:679,0
DA:680,0
DA:681,0
DA:682,0
DA:683,0
DA:684,0
DA:685,0
DA:686,0
DA:687,0
DA:688,0
DA:689,0
DA:690,0
DA:691,0
DA:692,0
DA:693,0
DA:694,0
DA:695,0
DA:696,0
DA:697,0
DA:698,0
DA:699,0
DA:700,0
DA:701,0
LF:557
LH:169
end_of_record
TN:
SF:src\server\storage\trash.ts
FNF:4
FNH:2
DA:6,30
DA:8,11
DA:9,21
DA:10,16
DA:11,6
DA:12,128
DA:15,2
DA:16,8
DA:23,28
DA:24,18
DA:25,13
DA:26,17
DA:27,17
DA:28,7
DA:29,50
DA:30,2
DA:31,8
DA:32,28
DA:33,18
DA:34,3
DA:37,0
DA:38,0
DA:39,0
DA:40,0
DA:41,0
DA:42,0
DA:43,0
DA:44,0
DA:45,0
DA:46,0
DA:47,0
DA:48,0
DA:49,0
DA:50,0
DA:51,0
DA:52,0
DA:53,0
DA:54,0
DA:55,0
DA:56,0
DA:57,0
DA:58,0
DA:59,0
DA:60,0
DA:61,0
DA:62,0
DA:63,0
DA:64,0
DA:65,0
DA:66,0
DA:67,0
DA:68,0
DA:69,0
DA:70,1
DA:73,0
DA:74,0
DA:75,0
DA:76,0
DA:77,0
DA:78,0
DA:79,0
DA:80,0
DA:81,0
DA:82,0
DA:83,0
DA:84,0
DA:85,0
DA:86,0
DA:87,0
DA:88,0
DA:89,0
DA:90,0
DA:91,0
DA:92,0
DA:93,0
DA:94,0
DA:95,0
DA:96,0
DA:97,0
DA:98,0
DA:99,0
DA:100,0
DA:101,0
DA:102,0
DA:103,0
DA:104,0
DA:105,0
DA:106,0
DA:107,0
DA:108,0
DA:109,0
DA:110,0
DA:111,0
DA:112,0
DA:113,0
LF:95
LH:21
end_of_record
TN:
SF:src\server\storage\trashActiveReads.test.ts
FNF:14
FNH:12
DA:1,71
DA:2,38
DA:3,51
DA:4,60
DA:5,97
DA:11,58
DA:12,58
DA:13,39
DA:15,17
DA:16,39
DA:17,38
DA:18,28
DA:19,26
DA:20,3
DA:22,16
DA:23,27
DA:24,3
DA:26,48
DA:27,77
DA:28,90
DA:29,28
DA:30,7
DA:31,77
DA:33,40
DA:34,80
DA:36,47
DA:37,63
DA:38,60
DA:39,42
DA:40,4
DA:42,92
DA:43,82
DA:44,28
DA:45,7
DA:46,59
DA:47,30
DA:48,30
DA:49,43
DA:50,46
DA:51,13
DA:52,21
DA:53,18
DA:54,15
DA:55,11
DA:56,7
DA:57,30
DA:58,30
DA:60,76
DA:61,76
DA:63,66
DA:64,31
DA:65,10
DA:66,7
DA:68,39
DA:69,43
DA:70,43
DA:71,54
DA:72,53
DA:73,4
DA:75,66
DA:76,82
DA:77,28
DA:78,7
DA:79,59
DA:80,30
DA:81,43
DA:82,46
DA:83,13
DA:84,21
DA:85,30
DA:86,15
DA:87,11
DA:88,7
DA:89,30
DA:91,94
DA:93,66
DA:94,31
DA:95,10
DA:96,7
DA:98,54
DA:99,79
DA:100,3
DA:101,2
LF:83
LH:83
end_of_record
TN:
SF:src\server\storage\trashPhase2.test.ts
FNF:10
FNH:9
DA:1,71
DA:2,38
DA:3,51
DA:4,60
DA:5,82
DA:6,83
DA:7,44
DA:9,17
DA:10,39
DA:11,38
DA:12,28
DA:13,26
DA:14,3
DA:16,16
DA:17,27
DA:18,3
DA:20,56
DA:21,92
DA:22,78
DA:23,28
DA:24,7
DA:25,77
DA:26,39
DA:27,29
DA:28,55
DA:29,40
DA:30,59
DA:31,4
DA:33,82
DA:34,78
DA:35,28
DA:36,7
DA:37,59
DA:38,30
DA:39,30
DA:40,63
DA:41,40
DA:42,80
DA:44,53
DA:45,31
DA:46,20
DA:47,39
DA:48,3
DA:49,2
LF:44
LH:44
end_of_record
TN:
SF:src\shared\boardCliAccess.ts
FNF:1
FNH:1
DA:2,65
DA:3,51
DA:6,75
DA:9,83
DA:11,46
DA:12,117
DA:14,42
DA:15,107
LF:8
LH:8
end_of_record
TN:
SF:src\shared\boardColor.ts
FNF:3
FNH:1
DA:2,37
DA:3,10
DA:4,9
DA:5,10
DA:6,11
DA:7,11
DA:8,9
DA:9,10
DA:10,12
DA:11,10
DA:12,7
DA:13,2
DA:18,36
DA:19,19
DA:20,15
DA:21,17
DA:22,19
DA:23,19
DA:24,15
DA:25,17
DA:26,21
DA:27,17
DA:28,13
DA:29,2
DA:32,0
DA:33,0
DA:34,0
DA:35,0
DA:36,0
DA:37,0
DA:38,0
DA:39,0
DA:40,0
DA:41,0
DA:42,0
DA:43,0
DA:51,41
DA:52,6
DA:53,184
DA:54,7
DA:55,184
DA:56,8
DA:57,183
DA:58,8
DA:59,183
DA:60,6
DA:61,184
DA:62,7
DA:63,180
DA:64,9
DA:65,183
DA:66,7
DA:67,180
DA:68,7
DA:69,179
DA:70,6
DA:71,182
DA:72,2
DA:74,0
LF:59
LH:46
end_of_record
TN:
SF:src\shared\boardFilters.release.test.ts
FNF:7
FNH:7
DA:1,50
DA:2,109
DA:9,19
DA:10,8
DA:11,12
DA:12,13
DA:13,11
DA:14,14
DA:15,17
DA:16,17
DA:17,11
DA:18,14
DA:19,40
DA:20,38
DA:21,2
DA:23,65
DA:24,38
DA:25,75
DA:26,4
DA:27,6
DA:28,78
DA:29,4
DA:30,4
DA:31,4
DA:33,34
DA:34,73
DA:35,5
DA:36,4
DA:37,4
DA:39,32
DA:40,25
DA:41,82
DA:42,72
DA:43,5
DA:44,4
DA:45,4
DA:47,42
DA:48,45
DA:49,75
DA:50,4
DA:51,6
DA:52,82
DA:53,72
DA:54,5
DA:55,4
DA:56,3
DA:57,3
DA:59,65
DA:60,53
DA:61,22
DA:62,29
DA:63,30
DA:64,30
DA:65,20
DA:66,6
DA:67,7
DA:68,74
DA:69,17
DA:70,7
DA:71,74
DA:72,18
DA:73,7
DA:74,74
DA:75,16
DA:76,3
DA:77,2
LF:66
LH:66
end_of_record
TN:
SF:src\shared\boardFilters.ts
FNF:12
FNH:9
DA:1,46
DA:12,54
DA:29,14
DA:30,26
DA:31,28
DA:32,54
DA:33,51
DA:34,26
DA:37,0
DA:38,1
DA:41,12
DA:42,40
DA:43,48
DA:44,25
DA:47,21
DA:48,34
DA:55,6
DA:56,6
DA:57,8
DA:58,3
DA:59,46
DA:60,65
DA:61,18
DA:62,31
DA:64,27
DA:65,62
DA:66,0
DA:67,0
DA:68,0
DA:69,0
DA:70,0
DA:71,0
DA:72,0
DA:73,0
DA:74,0
DA:75,1
DA:79,6
DA:80,6
DA:81,19
DA:82,3
DA:83,46
DA:84,50
DA:85,1
DA:89,6
DA:90,6
DA:91,16
DA:92,3
DA:93,43
DA:94,49
DA:95,53
DA:99,6
DA:100,6
DA:101,18
DA:102,3
DA:103,45
DA:104,51
DA:105,77
DA:106,22
DA:107,61
DA:108,4
DA:109,37
DA:110,43
DA:111,30
DA:123,6
DA:124,6
DA:125,8
DA:132,3
DA:133,76
DA:134,9
DA:135,55
DA:136,12
DA:137,2
DA:138,61
DA:139,12
DA:140,2
DA:141,59
DA:142,12
DA:143,2
DA:144,72
DA:145,12
DA:146,2
DA:147,12
DA:151,0
DA:152,0
DA:153,0
DA:154,0
DA:155,0
DA:156,0
DA:157,0
DA:158,0
DA:159,0
DA:160,1
DA:164,0
DA:165,0
DA:166,0
DA:167,0
LF:96
LH:73
end_of_record
TN:
SF:src\shared\boardPayload.ts
FNF:1
FNH:1
DA:7,52
DA:10,59
LF:2
LH:2
end_of_record
TN:
SF:src\shared\boardReleaseMerge.test.ts
FNF:5
FNH:5
DA:1,50
DA:3,64
DA:5,1
DA:6,4
DA:7,6
DA:8,11
DA:9,3
DA:10,31
DA:13,46
DA:14,57
DA:15,54
DA:16,54
DA:17,76
DA:18,4
DA:20,35
DA:21,56
DA:22,59
DA:23,54
DA:24,32
DA:25,34
DA:26,3
DA:27,2
LF:22
LH:22
end_of_record
TN:
SF:src\shared\boardReleaseMerge.ts
FNF:3
FNH:3
DA:7,6
DA:8,10
DA:9,6
DA:10,3
DA:11,57
DA:12,36
DA:13,11
DA:14,10
DA:15,52
DA:16,4
DA:17,13
LF:11
LH:11
end_of_record
TN:
SF:src\shared\boardStats.test.ts
FNF:19
FNH:19
DA:1,50
DA:2,53
DA:4,57
DA:5,161
DA:14,42
DA:16,7
DA:17,12
DA:18,14
DA:19,13
DA:20,15
DA:21,19
DA:22,13
DA:23,43
DA:24,46
DA:25,3
DA:26,1
DA:29,8
DA:30,40
DA:33,20
DA:34,12
DA:35,10
DA:36,14
DA:37,20
DA:38,38
DA:39,54
DA:40,26
DA:41,30
DA:42,23
DA:43,75
DA:44,73
DA:45,6
DA:46,17
DA:47,27
DA:48,39
DA:49,40
DA:50,55
DA:51,21
DA:52,33
DA:53,24
DA:54,14
DA:55,43
DA:56,46
DA:57,11
DA:58,2
DA:61,24
DA:62,63
DA:63,77
DA:64,64
DA:65,2
DA:67,37
DA:68,62
DA:69,79
DA:70,62
DA:71,22
DA:72,27
DA:73,30
DA:74,29
DA:75,20
DA:76,6
DA:77,55
DA:78,62
DA:79,36
DA:80,71
DA:81,69
DA:82,4
DA:84,108
DA:85,34
DA:86,16
DA:87,51
DA:88,89
DA:89,5
DA:90,7
DA:91,62
DA:92,22
DA:93,27
DA:94,30
DA:95,29
DA:96,20
DA:97,6
DA:98,55
DA:99,34
DA:100,33
DA:101,33
DA:102,4
DA:104,44
DA:105,34
DA:106,16
DA:107,16
DA:108,16
DA:109,20
DA:110,27
DA:111,45
DA:112,8
DA:113,5
DA:114,7
DA:115,62
DA:116,22
DA:117,27
DA:118,30
DA:119,29
DA:120,20
DA:121,6
DA:122,55
DA:123,62
DA:124,69
DA:125,4
DA:127,72
DA:128,34
DA:129,16
DA:130,16
DA:131,16
DA:132,20
DA:133,25
DA:134,46
DA:135,8
DA:136,5
DA:137,7
DA:138,62
DA:139,22
DA:140,27
DA:141,30
DA:142,29
DA:143,21
DA:144,23
DA:145,32
DA:146,27
DA:147,5
DA:148,6
DA:149,55
DA:150,32
DA:151,4
DA:153,74
DA:154,34
DA:155,16
DA:156,16
DA:157,16
DA:158,20
DA:159,25
DA:160,46
DA:161,8
DA:162,5
DA:163,7
DA:164,62
DA:165,22
DA:166,27
DA:167,30
DA:168,29
DA:169,21
DA:170,23
DA:171,32
DA:172,27
DA:173,5
DA:174,6
DA:175,55
DA:176,32
DA:177,4
DA:179,62
DA:180,34
DA:181,71
DA:182,7
DA:183,62
DA:184,22
DA:185,27
DA:186,28
DA:187,29
DA:188,20
DA:189,6
DA:190,55
DA:191,32
DA:192,4
DA:194,49
DA:195,34
DA:196,21
DA:197,44
DA:198,44
DA:199,41
DA:200,8
DA:201,16
DA:202,63
DA:203,63
DA:204,60
DA:205,5
DA:206,7
DA:207,62
DA:208,22
DA:209,33
DA:210,30
DA:211,29
DA:212,20
DA:213,6
DA:214,55
DA:215,32
DA:216,4
DA:218,62
DA:219,34
DA:220,67
DA:221,7
DA:222,62
DA:223,22
DA:224,25
DA:225,30
DA:226,29
DA:227,20
DA:228,6
DA:229,55
DA:230,32
DA:231,4
DA:233,50
DA:234,34
DA:235,19
DA:236,11
DA:237,16
DA:238,21
DA:239,27
DA:240,28
DA:241,46
DA:242,7
DA:243,8
DA:244,16
DA:245,65
DA:246,68
DA:247,62
DA:248,5
DA:249,7
DA:250,62
DA:251,22
DA:252,27
DA:253,30
DA:254,55
DA:255,20
DA:256,6
DA:257,55
DA:258,32
DA:259,3
DA:260,3
DA:262,75
DA:263,68
DA:264,22
DA:265,27
DA:266,38
DA:267,29
DA:268,21
DA:269,23
DA:270,32
DA:271,27
DA:272,5
DA:273,6
DA:274,51
DA:275,45
DA:276,45
DA:277,71
DA:278,47
DA:279,57
DA:280,70
DA:281,4
DA:283,60
DA:284,22
DA:285,38
DA:286,30
DA:287,29
DA:288,20
DA:289,6
DA:290,51
DA:291,45
DA:292,57
DA:293,3
DA:294,3
DA:296,41
DA:297,72
DA:298,38
DA:299,26
DA:300,19
DA:301,27
DA:302,25
DA:303,30
DA:304,25
DA:305,7
DA:306,40
DA:307,44
DA:308,54
DA:309,36
DA:310,21
DA:311,30
DA:312,25
DA:313,5
DA:314,3
DA:315,2
LF:287
LH:287
end_of_record
TN:
SF:src\shared\boardStats.ts
FNF:13
FNH:12
DA:1,52
DA:2,69
DA:9,67
DA:40,56
DA:42,18
DA:43,41
DA:44,42
DA:45,48
DA:46,46
DA:47,31
DA:48,3
DA:55,6
DA:56,7
DA:57,17
DA:58,8
DA:59,3
DA:60,32
DA:61,28
DA:62,54
DA:63,36
DA:64,38
DA:65,2
DA:67,36
DA:68,58
DA:69,54
DA:70,25
DA:71,43
DA:72,33
DA:74,36
DA:75,44
DA:76,16
DA:77,22
DA:78,44
DA:79,32
DA:80,4
DA:81,2
DA:82,2
DA:84,45
DA:85,20
DA:86,46
DA:87,5
DA:89,12
DA:90,22
DA:91,21
DA:92,7
DA:93,2
DA:97,19
DA:98,64
DA:106,6
DA:107,14
DA:108,3
DA:110,50
DA:111,72
DA:112,21
DA:113,22
DA:114,24
DA:115,34
DA:116,0
DA:117,11
DA:118,33
DA:121,49
DA:122,24
DA:123,25
DA:124,27
DA:125,31
DA:126,0
DA:127,11
DA:128,27
DA:129,11
DA:130,19
DA:131,21
DA:134,54
DA:135,76
DA:136,23
DA:137,24
DA:138,26
DA:139,0
DA:140,0
DA:141,0
DA:142,3
DA:145,48
DA:146,50
DA:147,46
DA:148,24
DA:149,4
DA:150,21
DA:151,22
DA:152,21
DA:153,73
DA:154,25
DA:155,20
DA:156,5
DA:157,20
DA:158,21
DA:159,16
DA:160,11
DA:161,4
DA:162,2
DA:164,12
DA:165,19
DA:166,22
DA:167,21
DA:168,12
DA:169,2
DA:173,0
DA:174,1
DA:180,6
DA:181,8
DA:182,3
DA:183,33
DA:184,36
DA:186,45
DA:187,0
DA:188,11
DA:189,46
DA:190,29
DA:191,5
DA:193,39
DA:195,48
DA:196,0
DA:197,11
DA:198,63
DA:200,38
DA:202,0
DA:203,0
DA:204,0
DA:205,0
DA:206,0
DA:207,3
DA:209,35
DA:210,47
DA:211,53
DA:212,47
DA:213,2
DA:214,10
DA:218,17
DA:219,12
DA:220,32
DA:221,6
DA:222,2
DA:223,12
DA:224,35
DA:225,2
DA:226,48
DA:227,12
DA:228,34
DA:229,6
DA:230,2
DA:231,30
DA:232,87
DA:233,2
DA:234,35
LF:152
LH:139
end_of_record
TN:
SF:src\shared\cliPolicy.ts
FNF:2
FNH:0
DA:20,40
DA:21,19
DA:22,21
DA:23,31
DA:24,24
DA:25,21
DA:26,31
DA:27,24
DA:28,25
DA:29,21
DA:30,17
DA:31,2
DA:33,39
DA:34,18
DA:35,20
DA:36,30
DA:37,23
DA:38,20
DA:39,30
DA:40,23
DA:41,24
DA:42,20
DA:43,16
DA:44,2
DA:47,0
DA:48,0
DA:49,0
DA:50,0
DA:51,0
DA:52,0
DA:53,0
DA:54,0
DA:55,1
DA:58,32
DA:59,14
DA:60,16
DA:61,26
DA:62,19
DA:63,16
DA:64,26
DA:65,19
DA:66,20
DA:67,16
DA:68,12
DA:69,2
DA:72,0
DA:73,0
DA:74,0
DA:75,0
DA:76,0
DA:77,0
DA:78,0
DA:79,0
LF:53
LH:37
end_of_record
TN:
SF:src\shared\emojiField.ts
FNF:2
FNH:2
DA:2,40
DA:4,7
DA:5,9
DA:6,62
DA:7,72
DA:8,16
DA:9,47
DA:10,8
DA:11,0
DA:12,0
DA:15,1
DA:26,14
DA:27,29
DA:28,18
DA:29,32
DA:30,2
DA:31,36
DA:32,13
DA:33,14
DA:34,16
DA:35,47
DA:36,1
DA:37,2
DA:38,35
LF:24
LH:22
end_of_record
TN:
SF:src\shared\models.taskGroups.test.ts
FNF:8
FNH:8
DA:1,50
DA:2,82
DA:7,44
DA:8,46
DA:9,22
DA:10,43
DA:11,43
DA:12,40
DA:13,6
DA:14,71
DA:15,24
DA:16,5
DA:17,4
DA:19,40
DA:20,22
DA:21,42
DA:22,39
DA:23,6
DA:24,29
DA:25,37
DA:26,31
DA:27,3
DA:28,3
DA:30,47
DA:31,55
DA:32,7
DA:33,35
DA:34,21
DA:35,44
DA:36,41
DA:37,8
DA:38,25
DA:39,2
DA:40,12
DA:41,4
DA:43,77
DA:44,7
DA:45,35
DA:46,21
DA:47,50
DA:48,46
DA:49,8
DA:50,27
DA:51,2
DA:52,13
DA:53,4
DA:55,43
DA:56,7
DA:57,35
DA:58,21
DA:59,25
DA:60,2
DA:61,12
DA:62,3
DA:63,2
LF:55
LH:55
end_of_record
TN:
SF:src\shared\models.ts
FNF:22
FNH:10
DA:14,68
DA:48,0
DA:49,0
DA:50,0
DA:51,0
DA:52,0
DA:53,0
DA:54,1
DA:58,11
DA:59,12
DA:60,46
DA:61,42
DA:62,47
DA:63,2
DA:70,6
DA:71,8
DA:72,3
DA:73,23
DA:74,49
DA:75,2
DA:78,27
DA:79,31
DA:85,13
DA:88,3
DA:89,41
DA:90,43
DA:91,31
DA:92,2
DA:93,61
DA:94,27
DA:100,0
DA:101,0
DA:102,0
DA:103,0
DA:104,0
DA:105,1
DA:109,0
DA:110,0
DA:111,0
DA:112,0
DA:113,1
DA:117,0
DA:118,0
DA:119,0
DA:120,1
DA:124,0
DA:125,0
DA:126,0
DA:127,0
DA:128,0
DA:129,0
DA:130,1
DA:134,42
DA:137,11
DA:138,12
DA:139,73
DA:140,74
DA:141,77
DA:142,75
DA:143,76
DA:144,2
DA:148,0
DA:149,0
DA:150,0
DA:151,1
DA:155,6
DA:156,12
DA:157,3
DA:158,70
DA:162,0
DA:163,0
DA:164,0
DA:165,0
DA:166,0
DA:167,1
DA:171,0
DA:172,0
DA:173,0
DA:174,1
DA:178,6
DA:179,5
DA:180,38
DA:181,3
DA:182,37
DA:198,0
DA:199,0
DA:200,0
DA:201,1
DA:235,0
DA:236,0
DA:237,0
DA:238,1
DA:322,0
DA:323,0
DA:324,0
DA:325,1
DA:329,0
DA:330,1
DA:334,40
LF:99
LH:54
end_of_record
TN:
SF:src\shared\mutationResults.ts
FNF:1
FNH:1
DA:4,52
DA:5,33
DA:8,67
LF:3
LH:3
end_of_record
TN:
SF:src\shared\repeatedSearchParams.ts
FNF:4
FNH:4
DA:5,6
DA:6,14
DA:7,5
DA:8,3
DA:9,20
DA:10,12
DA:11,35
DA:12,27
DA:13,33
LF:9
LH:9
end_of_record
TN:
SF:src\shared\runtimeConfig.ts
FNF:26
FNH:14
DA:1,77
DA:2,29
DA:23,24
DA:24,23
DA:26,13
DA:27,34
DA:28,34
DA:31,13
DA:32,37
DA:35,6
DA:36,70
DA:37,50
DA:38,6
DA:41,6
DA:42,67
DA:45,11
DA:46,75
DA:47,12
DA:48,2
DA:50,46
DA:51,0
DA:52,0
DA:53,2
DA:55,6
DA:58,0
DA:59,0
DA:60,0
DA:61,0
DA:62,0
DA:63,0
DA:64,0
DA:65,1
DA:68,0
DA:69,0
DA:70,0
DA:71,0
DA:72,0
DA:73,0
DA:74,0
DA:75,1
DA:78,25
DA:79,28
DA:80,72
DA:81,52
DA:82,85
DA:84,7
DA:85,18
DA:86,23
DA:87,28
DA:88,23
DA:89,12
DA:93,25
DA:94,7
DA:95,43
DA:96,23
DA:97,58
DA:98,53
DA:102,11
DA:103,51
DA:106,25
DA:107,85
DA:110,0
DA:111,0
DA:112,0
DA:113,1
DA:116,0
DA:117,0
DA:118,0
DA:119,0
DA:120,0
DA:121,0
DA:122,0
DA:123,0
DA:124,0
DA:125,0
DA:126,0
DA:127,0
DA:128,0
DA:129,0
DA:130,0
DA:131,0
DA:132,0
DA:133,0
DA:134,1
DA:137,25
DA:138,62
DA:141,0
DA:142,1
DA:145,6
DA:146,16
DA:147,3
DA:148,61
DA:149,44
DA:151,0
DA:152,0
DA:153,0
DA:154,0
DA:155,0
DA:156,1
DA:160,0
DA:161,0
DA:162,0
DA:163,0
DA:164,0
DA:165,0
DA:166,1
DA:169,25
DA:170,55
DA:173,0
DA:174,0
DA:175,0
DA:176,0
DA:177,0
DA:178,0
DA:179,1
DA:182,0
DA:183,1
DA:186,0
DA:187,1
DA:190,25
DA:191,46
DA:192,7
DA:193,33
DA:194,47
DA:195,30
DA:196,26
DA:200,0
DA:201,0
DA:202,0
DA:203,0
DA:204,0
DA:205,0
DA:206,0
DA:207,1
DA:210,0
DA:211,0
DA:212,0
DA:213,0
DA:214,0
DA:215,0
DA:216,0
DA:217,1
DA:220,0
DA:221,0
DA:222,0
DA:223,0
DA:224,0
DA:225,0
DA:226,1
DA:230,25
DA:231,46
DA:233,37
DA:234,32
DA:236,6
LF:154
LH:77
end_of_record
TN:
SF:src\shared\slug.ts
FNF:2
FNH:0
DA:7,0
DA:8,0
DA:9,0
DA:10,0
DA:11,0
DA:12,0
DA:13,1
DA:20,0
DA:21,0
DA:22,0
DA:23,0
LF:11
LH:1
end_of_record
TN:
SF:src\shared\taskGroupConfig.test.ts
FNF:9
FNH:9
DA:1,50
DA:2,53
DA:4,114
DA:11,35
DA:12,3
DA:13,12
DA:14,36
DA:15,21
DA:16,15
DA:17,25
DA:18,37
DA:19,38
DA:20,28
DA:21,12
DA:22,12
DA:23,19
DA:24,31
DA:25,16
DA:26,16
DA:27,25
DA:28,32
DA:29,10
DA:30,2
DA:32,60
DA:33,32
DA:34,10
DA:35,19
DA:36,56
DA:37,53
DA:38,6
DA:39,27
DA:40,28
DA:41,5
DA:43,42
DA:45,84
DA:46,20
DA:47,73
DA:48,73
DA:49,73
DA:50,6
DA:51,75
DA:52,29
DA:53,24
DA:54,7
DA:55,46
DA:56,50
DA:57,38
DA:58,69
DA:59,4
DA:61,66
DA:62,20
DA:63,73
DA:64,74
DA:65,6
DA:66,56
DA:67,75
DA:68,29
DA:69,38
DA:70,7
DA:71,46
DA:72,50
DA:73,75
DA:74,4
DA:76,65
DA:77,20
DA:78,70
DA:79,6
DA:80,75
DA:81,29
DA:82,38
DA:83,7
DA:84,46
DA:85,3
DA:86,3
DA:88,81
DA:89,62
DA:90,52
DA:91,39
DA:92,7
DA:93,29
DA:94,17
DA:95,51
DA:96,2
DA:97,4
DA:99,57
DA:100,52
DA:101,18
DA:102,18
DA:103,18
DA:104,28
DA:105,29
DA:106,7
DA:107,26
DA:108,3
DA:109,2
LF:95
LH:95
end_of_record
TN:
SF:src\shared\taskGroupConfig.ts
FNF:25
FNH:20
DA:1,46
DA:45,7
DA:46,73
DA:49,0
DA:50,0
DA:51,0
DA:52,0
DA:53,0
DA:54,0
DA:55,0
DA:56,0
DA:57,0
DA:58,1
DA:64,6
DA:65,6
DA:68,3
DA:69,38
DA:70,0
DA:71,2
DA:72,19
DA:74,62
DA:75,14
DA:76,16
DA:77,7
DA:78,87
DA:79,1
DA:80,2
DA:82,32
DA:83,0
DA:84,2
DA:85,32
DA:86,0
DA:87,2
DA:88,32
DA:89,0
DA:90,2
DA:92,21
DA:93,31
DA:94,0
DA:95,0
DA:96,0
DA:97,0
DA:98,0
DA:99,0
DA:100,0
DA:101,0
DA:102,0
DA:103,0
DA:104,0
DA:105,0
DA:106,0
DA:107,0
DA:108,0
DA:109,0
DA:110,0
DA:111,0
DA:112,0
DA:113,0
DA:114,0
DA:115,0
DA:116,0
DA:117,0
DA:118,2
DA:120,21
DA:121,31
DA:122,0
DA:123,0
DA:124,0
DA:125,0
DA:126,0
DA:127,0
DA:128,0
DA:129,0
DA:130,0
DA:131,0
DA:132,0
DA:133,0
DA:134,0
DA:135,0
DA:136,0
DA:137,0
DA:138,0
DA:139,0
DA:140,0
DA:141,0
DA:142,0
DA:143,0
DA:144,2
DA:146,21
DA:147,31
DA:148,0
DA:149,0
DA:150,0
DA:151,0
DA:152,0
DA:153,0
DA:154,0
DA:155,0
DA:156,0
DA:157,0
DA:158,0
DA:159,0
DA:160,0
DA:161,0
DA:162,0
DA:163,0
DA:165,0
DA:166,0
DA:167,0
DA:168,0
DA:169,0
DA:170,0
DA:171,0
DA:172,0
DA:173,0
DA:174,0
DA:175,0
DA:176,0
DA:177,0
DA:178,0
DA:179,0
DA:180,0
DA:181,0
DA:182,0
DA:183,0
DA:184,0
DA:185,0
DA:186,0
DA:187,2
DA:189,33
DA:190,50
DA:191,2
DA:192,11
DA:193,37
DA:194,54
DA:195,2
DA:196,11
DA:198,25
DA:199,77
DA:200,37
DA:201,30
DA:202,0
DA:203,4
DA:204,25
DA:205,2
DA:207,29
DA:208,85
DA:209,41
DA:210,30
DA:211,0
DA:212,0
DA:213,0
DA:214,0
DA:215,4
DA:216,29
DA:217,2
DA:219,66
DA:220,0
DA:221,0
DA:222,0
DA:223,0
DA:224,2
DA:225,74
DA:226,0
DA:227,0
DA:228,0
DA:229,0
DA:230,2
DA:232,12
DA:233,13
DA:234,14
DA:235,14
DA:236,14
DA:237,14
DA:238,25
DA:239,29
DA:240,70
DA:241,75
DA:242,3
DA:243,1
DA:265,1
DA:266,3
DA:270,3
DA:271,58
DA:272,0
DA:275,1
DA:276,3
DA:280,3
DA:281,62
DA:282,0
DA:285,1
DA:286,3
DA:287,3
DA:288,25
DA:289,42
DA:292,1
DA:293,9
DA:294,3
DA:295,3
DA:296,31
DA:297,51
DA:298,2
DA:299,40
DA:306,6
DA:307,7
DA:308,6
DA:309,12
DA:310,3
DA:311,63
DA:312,21
DA:313,19
DA:314,6
DA:315,26
DA:316,24
DA:317,3
DA:318,32
DA:319,40
DA:321,25
DA:322,0
DA:323,2
DA:325,59
DA:326,0
DA:327,0
DA:328,0
DA:329,2
DA:331,53
DA:332,72
DA:334,33
DA:335,49
DA:336,54
DA:337,32
DA:338,0
DA:339,0
DA:340,0
DA:341,4
DA:342,22
DA:343,38
DA:344,0
DA:345,6
DA:346,37
DA:347,0
DA:348,4
DA:349,2
DA:350,2
DA:352,43
DA:353,54
DA:354,37
DA:355,43
DA:356,4
DA:358,24
DA:359,36
DA:360,16
DA:361,25
DA:362,19
DA:363,19
DA:364,24
DA:365,5
DA:367,24
DA:368,35
DA:369,16
DA:370,13
DA:371,19
DA:372,19
DA:373,24
DA:374,5
DA:376,12
DA:377,12
DA:378,12
DA:379,15
DA:380,54
DA:381,49
DA:382,2
DA:386,0
DA:387,0
DA:388,0
DA:389,0
DA:390,0
DA:391,0
DA:392,0
DA:393,1
DA:397,0
DA:398,0
DA:399,0
DA:400,0
DA:401,0
DA:402,0
DA:403,0
DA:404,1
DA:408,0
DA:409,0
LF:290
LH:153
end_of_record
